2017-05-19 14:23:04:960 - [Appium] Welcome to Appium v1.6.3
2017-05-19 14:23:04:962 - [Appium] Non-default server args:
2017-05-19 14:23:04:963 - [Appium]   address: '127.0.0.1'
2017-05-19 14:23:04:964 - [Appium]   sessionOverride: true
2017-05-19 14:23:04:964 - [Appium]   logTimestamp: true
2017-05-19 14:23:04:965 - [Appium]   localTimezone: true
2017-05-19 14:23:05:007 - [Appium] Appium REST http interface listener started on 127.0.0.1:4723
2017-05-19 14:23:21:923 - [HTTP] --> POST /wd/hub/session {"capabilities":{"alwaysMatch":{"deviceName":"D:\\Test_dir\\\\app_release.apk","sessionOverride":true,"unicodeKeyboard":true,"udid":true,"app":"D:\\code\\AppiumHq\\page\\com.boco.sc.mobileom","newCommandTimeout":180,"noSign":true,"resetKeyboard":true,"platformVersion":"vbox86p","appPackage":"com.boco.sc.mobileom.start.StartLogin","platformName":"4.4.2","appActivity":"127.0.0.1:62001"},"firstMatch":[]},"desiredCapabilities":{"deviceName":"D:\\Test_dir\\\\app_release.apk","sessionOverride":true,"unicodeKeyboard":true,"udid":true,"app":"D:\\code\\AppiumHq\\page\\com.boco.sc.mobileom","resetKeyboard":true,"platformVersion":"vbox86p","newCommandTimeout":180,"noSign":true,"appPackage":"com.boco.sc.mobileom.start.StartLogin","platformName":"4.4.2","appActivity":"127.0.0.1:62001"}}
2017-05-19 14:23:21:931 - [debug] [MJSONWP] Calling AppiumDriver.createSession() with args: [{"deviceName":"D:\\Test_dir\\\\app_release.apk","sessionOverride":true,"unicodeKeyboard":true,"udid":true,"app":"D:\\code\\AppiumHq\\page\\com.boco.sc.mobileom","resetKeyboard":true,"platformVersion":"vbox86p","newCommandTimeout":180,"noSign":true,"appPackage":"com.boco.sc.mobileom.start.StartLogin","platformName":"4.4.2","appActivity":"127.0.0.1:62001"},null,{"alwaysMatch":{"deviceName":"D:\\Test_dir\\\\app_release.apk","sessionOverride":true,"unicodeKeyboard":true,"udid":true,"app":"D:\\code\\AppiumHq\\page\\com.boco.sc.mobileom","newCommandTimeout":180,"noSign":true,"resetKeyboard":true,"platformVersion":"vbox86p","appPackage":"com.boco.sc.mobileom.start.StartLogin","platformName":"4.4.2","appActivity":"127.0.0.1:62001"},"firstMatch":[]},null,null]
2017-05-19 14:23:21:964 - [HTTP] <-- POST /wd/hub/session 500 38 ms - 226 
2017-05-19 14:25:06:766 - [HTTP] --> POST /wd/hub/session {"capabilities":{"alwaysMatch":{"deviceName":"vbox86p","sessionOverride":true,"unicodeKeyboard":true,"udid":"127.0.0.1:62001","app":"D:\\Test_dir\\app_release.apk","newCommandTimeout":180,"noSign":true,"resetKeyboard":true,"platformVersion":"4.4.2","appPackage":"com.boco.sc.mobileom","platformName":"Android","appActivity":"com.boco.sc.mobileom.start.StartLogin"},"firstMatch":[]},"desiredCapabilities":{"deviceName":"vbox86p","sessionOverride":true,"unicodeKeyboard":true,"udid":"127.0.0.1:62001","app":"D:\\Test_dir\\app_release.apk","resetKeyboard":true,"platformVersion":"4.4.2","newCommandTimeout":180,"noSign":true,"appPackage":"com.boco.sc.mobileom","platformName":"Android","appActivity":"com.boco.sc.mobileom.start.StartLogin"}}
2017-05-19 14:25:06:767 - [debug] [MJSONWP] Calling AppiumDriver.createSession() with args: [{"deviceName":"vbox86p","sessionOverride":true,"unicodeKeyboard":true,"udid":"127.0.0.1:62001","app":"D:\\Test_dir\\app_release.apk","resetKeyboard":true,"platformVersion":"4.4.2","newCommandTimeout":180,"noSign":true,"appPackage":"com.boco.sc.mobileom","platformName":"Android","appActivity":"com.boco.sc.mobileom.start.StartLogin"},null,{"alwaysMatch":{"deviceName":"vbox86p","sessionOverride":true,"unicodeKeyboard":true,"udid":"127.0.0.1:62001","app":"D:\\Test_dir\\app_release.apk","newCommandTimeout":180,"noSign":true,"resetKeyboard":true,"platformVersion":"4.4.2","appPackage":"com.boco.sc.mobileom","platformName":"Android","appActivity":"com.boco.sc.mobileom.start.StartLogin"},"firstMatch":[]},null,null,null,null]
2017-05-19 14:25:06:768 - [Appium] Creating new AndroidDriver session
2017-05-19 14:25:06:768 - [Appium] Capabilities:
2017-05-19 14:25:06:770 - [Appium]   deviceName: 'vbox86p'
2017-05-19 14:25:06:770 - [Appium]   sessionOverride: true
2017-05-19 14:25:06:771 - [Appium]   unicodeKeyboard: true
2017-05-19 14:25:06:775 - [Appium]   udid: '127.0.0.1:62001'
2017-05-19 14:25:06:776 - [Appium]   app: 'D:\\Test_dir\\app_release.apk'
2017-05-19 14:25:06:777 - [Appium]   resetKeyboard: true
2017-05-19 14:25:06:777 - [Appium]   platformVersion: '4.4.2'
2017-05-19 14:25:06:778 - [Appium]   newCommandTimeout: 180
2017-05-19 14:25:06:778 - [Appium]   noSign: true
2017-05-19 14:25:06:778 - [Appium]   appPackage: 'com.boco.sc.mobileom'
2017-05-19 14:25:06:779 - [Appium]   platformName: 'Android'
2017-05-19 14:25:06:779 - [Appium]   appActivity: 'com.boco.sc.mobileom.start.StartLogin'
2017-05-19 14:25:06:782 - [debug] [AndroidDriver] AndroidDriver version: 1.10.38
2017-05-19 14:25:06:789 - [BaseDriver] The following capabilities were provided, but are not recognized by appium: sessionOverride.
2017-05-19 14:25:06:808 - [BaseDriver] Session created with session id: badc9f37-9cf3-4158-95fe-0815c78f8bc9
2017-05-19 14:25:06:812 - [debug] [AndroidDriver] Getting Java version
2017-05-19 14:25:07:005 - [AndroidDriver] Java version is: 1.8.0_131
2017-05-19 14:25:07:009 - [ADB] Checking whether adb is present
2017-05-19 14:25:07:013 - [ADB] Using adb.exe from D:\AndroidSdk\platform-tools\adb.exe
2017-05-19 14:25:07:014 - [AndroidDriver] Retrieving device list
2017-05-19 14:25:07:015 - [debug] [ADB] Trying to find a connected android device
2017-05-19 14:25:07:016 - [debug] [ADB] Getting connected devices...
2017-05-19 14:25:07:052 - [debug] [ADB] 0 device(s) connected
2017-05-19 14:25:07:052 - [debug] [ADB] Could not find devices, restarting adb server...
2017-05-19 14:25:07:053 - [debug] [ADB] Restarting adb
2017-05-19 14:25:07:295 - [debug] [ADB] Getting connected devices...
2017-05-19 14:25:11:354 - [debug] [ADB] 0 device(s) connected
2017-05-19 14:25:11:354 - [debug] [ADB] Could not find devices, restarting adb server...
2017-05-19 14:25:11:354 - [debug] [ADB] Restarting adb
2017-05-19 14:25:11:584 - [debug] [ADB] Getting connected devices...
2017-05-19 14:25:12:668 - [debug] [ADB] 0 device(s) connected
2017-05-19 14:25:12:668 - [debug] [ADB] Could not find devices, restarting adb server...
2017-05-19 14:25:12:668 - [debug] [ADB] Restarting adb
2017-05-19 14:25:12:899 - [debug] [ADB] Getting connected devices...
2017-05-19 14:25:16:953 - [debug] [ADB] 0 device(s) connected
2017-05-19 14:25:16:953 - [debug] [ADB] Could not find devices, restarting adb server...
2017-05-19 14:25:16:954 - [debug] [ADB] Restarting adb
2017-05-19 14:25:17:191 - [debug] [ADB] Getting connected devices...
2017-05-19 14:25:18:271 - [debug] [ADB] 0 device(s) connected
2017-05-19 14:25:18:272 - [debug] [ADB] Could not find devices, restarting adb server...
2017-05-19 14:25:18:272 - [debug] [ADB] Restarting adb
2017-05-19 14:25:18:505 - [debug] [ADB] Getting connected devices...
2017-05-19 14:25:22:557 - [debug] [ADB] 0 device(s) connected
2017-05-19 14:25:22:558 - [debug] [ADB] Could not find devices, restarting adb server...
2017-05-19 14:25:22:558 - [debug] [ADB] Restarting adb
2017-05-19 14:25:22:789 - [debug] [ADB] Getting connected devices...
2017-05-19 14:25:23:862 - [debug] [ADB] 0 device(s) connected
2017-05-19 14:25:23:865 - [debug] [ADB] Could not find devices, restarting adb server...
2017-05-19 14:25:23:865 - [debug] [ADB] Restarting adb
2017-05-19 14:25:24:103 - [debug] [ADB] Getting connected devices...
2017-05-19 14:25:28:178 - [debug] [ADB] 0 device(s) connected
2017-05-19 14:25:28:179 - [debug] [ADB] Could not find devices, restarting adb server...
2017-05-19 14:25:28:180 - [debug] [ADB] Restarting adb
2017-05-19 14:25:28:412 - [debug] [ADB] Could not find devices, restarting adb server...
2017-05-19 14:25:28:412 - [debug] [ADB] Restarting adb
2017-05-19 14:25:29:649 - [debug] [ADB] Could not find devices, restarting adb server...
2017-05-19 14:25:29:649 - [debug] [ADB] Restarting adb
2017-05-19 14:25:30:896 - [debug] [ADB] Could not find devices, restarting adb server...
2017-05-19 14:25:30:896 - [debug] [ADB] Restarting adb
2017-05-19 14:25:32:133 - [debug] [ADB] Could not find devices, restarting adb server...
2017-05-19 14:25:32:133 - [debug] [ADB] Restarting adb
2017-05-19 14:25:33:365 - [debug] [ADB] Could not find devices, restarting adb server...
2017-05-19 14:25:33:366 - [debug] [ADB] Restarting adb
2017-05-19 14:25:34:605 - [debug] [ADB] Could not find devices, restarting adb server...
2017-05-19 14:25:34:606 - [debug] [ADB] Restarting adb
2017-05-19 14:25:35:844 - [debug] [ADB] Could not find devices, restarting adb server...
2017-05-19 14:25:35:844 - [debug] [ADB] Restarting adb
2017-05-19 14:25:37:072 - [debug] [ADB] Could not find devices, restarting adb server...
2017-05-19 14:25:37:072 - [debug] [ADB] Restarting adb
2017-05-19 14:25:38:322 - [debug] [AndroidDriver] Shutting down Android driver
2017-05-19 14:25:38:323 - [debug] [AndroidDriver] Called deleteSession but bootstrap wasn't active
Error: write EPIPE
    at exports._errnoException (util.js:1023:11)
    at Socket._writeGeneric (net.js:715:26)
    at Socket._write (net.js:734:8)
    at doWrite (_stream_writable.js:329:12)
    at writeOrBuffer (_stream_writable.js:315:5)
    at Socket.Writable.write (_stream_writable.js:241:11)
    at Socket.write (net.js:661:40)
    at Socket.stream.write (C:\Users\Chialin\AppData\Roaming\npm\node_modules\appium\node_modules\ansi\lib\newlines.js:36:21)
    at exports.Console.Console.log (C:\Users\Chialin\AppData\Roaming\npm\node_modules\appium\node_modules\winston\lib\winston\transports\console.js:119:20)
    at transportLog (C:\Users\Chialin\AppData\Roaming\npm\node_modules\appium\node_modules\winston\lib\winston\logger.js:234:15)
    at C:\Users\Chialin\AppData\Roaming\npm\node_modules\appium\node_modules\winston\node_modules\async\lib\async.js:157:13
    at _each (C:\Users\Chialin\AppData\Roaming\npm\node_modules\appium\node_modules\winston\node_modules\async\lib\async.js:57:9)
    at Object.async.each (C:\Users\Chialin\AppData\Roaming\npm\node_modules\appium\node_modules\winston\node_modules\async\lib\async.js:156:9)
    at exports.Logger.Logger.log (C:\Users\Chialin\AppData\Roaming\npm\node_modules\appium\node_modules\winston\lib\winston\logger.js:246:9)
    at exports.Logger.target.(anonymous function) [as error] (C:\Users\Chialin\AppData\Roaming\npm\node_modules\appium\node_modules\winston\lib\winston\common.js:54:18)
    at EventEmitter.<anonymous> (../../lib/logsink.js:199:25)
    at emitOne (events.js:96:13)
    at EventEmitter.emit (events.js:189:7)
    at EventEmitter.<anonymous> (C:\Users\Chialin\AppData\Roaming\npm\node_modules\appium\node_modules\npmlog\log.js:158:8)
    at EventEmitter.<anonymous> (C:\Users\Chialin\AppData\Roaming\npm\node_modules\appium\node_modules\npmlog\log.js:231:21)
    at asyncHandler$ (../../../lib/mjsonwp/mjsonwp.js:267:13)
    at tryCatch (C:\Users\Chialin\AppData\Roaming\npm\node_modules\appium\node_modules\babel-runtime\regenerator\runtime.js:67:40)
    at GeneratorFunctionPrototype.invoke [as _invoke] (C:\Users\Chialin\AppData\Roaming\npm\node_modules\appium\node_modules\babel-runtime\regenerator\runtime.js:315:22)
    at GeneratorFunctionPrototype.prototype.(anonymous function) [as throw] (C:\Users\Chialin\AppData\Roaming\npm\node_modules\appium\node_modules\babel-runtime\regenerator\runtime.js:100:21)
    at GeneratorFunctionPrototype.invoke (C:\Users\Chialin\AppData\Roaming\npm\node_modules\appium\node_modules\babel-runtime\regenerator\runtime.js:136:37)
