2017-05-18 08:57:46:953 - [Appium] Welcome to Appium v1.6.3
2017-05-18 08:57:46:954 - [Appium] Non-default server args:
2017-05-18 08:57:46:956 - [Appium]   address: '127.0.0.1'
2017-05-18 08:57:46:956 - [Appium]   sessionOverride: true
2017-05-18 08:57:46:957 - [Appium]   logTimestamp: true
2017-05-18 08:57:46:957 - [Appium]   localTimezone: true
2017-05-18 08:57:47:171 - [Appium] Appium REST http interface listener started on 127.0.0.1:4723
2017-05-18 08:58:02:974 - [HTTP] --> POST /wd/hub/session {"capabilities":{"alwaysMatch":{"deviceName":"PD1501D","sessionOverride":true,"unicodeKeyboard":true,"udid":"KJO78HTWP7LRYPIR","app":"D:\\Test_dir\\AppHall_MIX_GuangXi.apk","newCommandTimeout":180,"automationName":"Uiautomator2","resetKeyboard":true,"platformVersion":"5.1","appPackage":"com.boco.apphall","platformName":"Android","appActivity":"com.boco.apphall.guangxi.mix.login.WelcomActivity"},"firstMatch":[]},"desiredCapabilities":{"deviceName":"PD1501D","sessionOverride":true,"unicodeKeyboard":true,"udid":"KJO78HTWP7LRYPIR","app":"D:\\Test_dir\\AppHall_MIX_GuangXi.apk","resetKeyboard":true,"appActivity":"com.boco.apphall.guangxi.mix.login.WelcomActivity","newCommandTimeout":180,"platformVersion":"5.1","appPackage":"com.boco.apphall","platformName":"Android","automationName":"Uiautomator2"}}
2017-05-18 08:58:02:977 - [debug] [MJSONWP] Calling AppiumDriver.createSession() with args: [{"deviceName":"PD1501D","sessionOverride":true,"unicodeKeyboard":true,"udid":"KJO78HTWP7LRYPIR","app":"D:\\Test_dir\\AppHall_MIX_GuangXi.apk","resetKeyboard":true,"appActivity":"com.boco.apphall.guangxi.mix.login.WelcomActivity","newCommandTimeout":180,"platformVersion":"5.1","appPackage":"com.boco.apphall","platformName":"Android","automationName":"Uiautomator2"},null,{"alwaysMatch":{"deviceName":"PD1501D","sessionOverride":true,"unicodeKeyboard":true,"udid":"KJO78HTWP7LRYPIR","app":"D:\\Test_dir\\AppHall_MIX_GuangXi.apk","newCommandTimeout":180,"automationName":"Uiautomator2","resetKeyboard":true,"platformVersion":"5.1","appPackage":"com.boco.apphall","platformName":"Android","appActivity":"com.boco.apphall.guangxi.mix.login.WelcomActivity"},"firstMatch":[]},null,null]
2017-05-18 08:58:02:980 - [Appium] Creating new AndroidUiautomator2Driver session
2017-05-18 08:58:02:980 - [Appium] Capabilities:
2017-05-18 08:58:02:981 - [Appium]   deviceName: 'PD1501D'
2017-05-18 08:58:02:981 - [Appium]   sessionOverride: true
2017-05-18 08:58:02:982 - [Appium]   unicodeKeyboard: true
2017-05-18 08:58:02:982 - [Appium]   udid: 'KJO78HTWP7LRYPIR'
2017-05-18 08:58:02:982 - [Appium]   app: 'D:\\Test_dir\\AppHall_MIX_GuangXi.apk'
2017-05-18 08:58:02:982 - [Appium]   resetKeyboard: true
2017-05-18 08:58:02:983 - [Appium]   appActivity: 'com.boco.apphall.guangxi.mix.login.WelcomActivity'
2017-05-18 08:58:02:983 - [Appium]   newCommandTimeout: 180
2017-05-18 08:58:02:983 - [Appium]   platformVersion: '5.1'
2017-05-18 08:58:02:983 - [Appium]   appPackage: 'com.boco.apphall'
2017-05-18 08:58:02:983 - [Appium]   platformName: 'Android'
2017-05-18 08:58:02:984 - [Appium]   automationName: 'Uiautomator2'
2017-05-18 08:58:02:989 - [BaseDriver] The following capabilities were provided, but are not recognized by appium: sessionOverride.
2017-05-18 08:58:03:009 - [BaseDriver] Session created with session id: 5c0c5ce1-b337-486f-806d-21fa41d201d5
2017-05-18 08:58:03:011 - [BaseDriver] Using local app 'D:\Test_dir\AppHall_MIX_GuangXi.apk'
2017-05-18 08:58:03:012 - [debug] [UiAutomator2] Checking whether app is actually present
2017-05-18 08:58:03:416 - [UiAutomator2] UIAutomator2 Driver version:0.2.3
2017-05-18 08:58:03:416 - [debug] [AndroidDriver] Getting Java version
2017-05-18 08:58:03:712 - [AndroidDriver] Java version is: 1.8.0_131
2017-05-18 08:58:03:714 - [ADB] Checking whether adb is present
2017-05-18 08:58:03:717 - [ADB] Using adb.exe from D:\AndroidSdk\platform-tools\adb.exe
2017-05-18 08:58:03:718 - [AndroidDriver] Retrieving device list
2017-05-18 08:58:03:718 - [debug] [ADB] Trying to find a connected android device
2017-05-18 08:58:03:719 - [debug] [ADB] Getting connected devices...
2017-05-18 08:58:03:758 - [debug] [ADB] 1 device(s) connected
2017-05-18 08:58:03:759 - [AndroidDriver] Using device: KJO78HTWP7LRYPIR
2017-05-18 08:58:03:761 - [ADB] Checking whether adb is present
2017-05-18 08:58:03:764 - [ADB] Using adb.exe from D:\AndroidSdk\platform-tools\adb.exe
2017-05-18 08:58:03:765 - [debug] [ADB] Setting device id to KJO78HTWP7LRYPIR
2017-05-18 08:58:03:766 - [ADB] Getting device platform version
2017-05-18 08:58:03:767 - [debug] [ADB] Getting connected devices...
2017-05-18 08:58:03:808 - [debug] [ADB] 1 device(s) connected
2017-05-18 08:58:03:811 - [debug] [ADB] Running 'D:\AndroidSdk\platform-tools\adb.exe' with args: ["-P",5037,"-s","KJO78HTWP7LRYPIR","shell","getprop","ro.build.version.release"]
2017-05-18 08:58:03:895 - [debug] [ADB] Attempting to kill all io.appium.uiautomator2.server processes
2017-05-18 08:58:03:896 - [debug] [ADB] Getting all processes with io.appium.uiautomator2.server
2017-05-18 08:58:03:896 - [debug] [ADB] Getting connected devices...
2017-05-18 08:58:03:933 - [debug] [ADB] 1 device(s) connected
2017-05-18 08:58:03:933 - [debug] [ADB] Running 'D:\AndroidSdk\platform-tools\adb.exe' with args: ["-P",5037,"-s","KJO78HTWP7LRYPIR","shell","ps"]
2017-05-18 08:58:04:087 - [ADB] No io.appium.uiautomator2.server process found to kill, continuing...
2017-05-18 08:58:04:089 - [debug] [ADB] Running 'D:\AndroidSdk\platform-tools\adb.exe' with args: ["-P",5037,"-s","KJO78HTWP7LRYPIR","wait-for-device"]
2017-05-18 08:58:04:129 - [debug] [ADB] Getting connected devices...
2017-05-18 08:58:04:167 - [debug] [ADB] 1 device(s) connected
2017-05-18 08:58:04:168 - [debug] [ADB] Running 'D:\AndroidSdk\platform-tools\adb.exe' with args: ["-P",5037,"-s","KJO78HTWP7LRYPIR","shell","echo","ping"]
2017-05-18 08:58:04:228 - [debug] [Logcat] Starting logcat capture
2017-05-18 08:58:04:279 - [debug] [ADB] Getting install status for io.appium.android.ime
2017-05-18 08:58:04:279 - [debug] [ADB] Getting connected devices...
2017-05-18 08:58:04:324 - [debug] [ADB] 1 device(s) connected
2017-05-18 08:58:04:325 - [debug] [ADB] Running 'D:\AndroidSdk\platform-tools\adb.exe' with args: ["-P",5037,"-s","KJO78HTWP7LRYPIR","shell","getprop","ro.build.version.sdk"]
2017-05-18 08:58:04:411 - [debug] [ADB] Device API level: 22
2017-05-18 08:58:04:411 - [debug] [ADB] Getting connected devices...
2017-05-18 08:58:04:460 - [debug] [ADB] 1 device(s) connected
2017-05-18 08:58:04:462 - [debug] [ADB] Running 'D:\AndroidSdk\platform-tools\adb.exe' with args: ["-P",5037,"-s","KJO78HTWP7LRYPIR","shell","pm","list","packages","-3","io.appium.android.ime"]
2017-05-18 08:58:05:026 - [debug] [ADB] App is  installed
2017-05-18 08:58:05:026 - [debug] [AndroidDriver] io.appium.android.ime is already installed,don't install
2017-05-18 08:58:05:027 - [debug] [ADB] Getting connected devices...
2017-05-18 08:58:05:064 - [debug] [ADB] 1 device(s) connected
2017-05-18 08:58:05:066 - [debug] [ADB] Running 'D:\AndroidSdk\platform-tools\adb.exe' with args: ["-P",5037,"-s","KJO78HTWP7LRYPIR","shell","settings","get","secure","default_input_method"]
2017-05-18 08:58:05:822 - [debug] [AndroidDriver] Unsetting previous IME com.baidu.input_bbk.service/.PinyinIME
2017-05-18 08:58:05:823 - [debug] [AndroidDriver] Setting IME to 'io.appium.android.ime/.UnicodeIME'
2017-05-18 08:58:05:824 - [debug] [ADB] Getting connected devices...
2017-05-18 08:58:05:888 - [debug] [ADB] 1 device(s) connected
2017-05-18 08:58:05:888 - [debug] [ADB] Running 'D:\AndroidSdk\platform-tools\adb.exe' with args: ["-P",5037,"-s","KJO78HTWP7LRYPIR","shell","ime","enable","io.appium.android.ime/.UnicodeIME"]
2017-05-18 08:58:06:598 - [debug] [ADB] Getting connected devices...
2017-05-18 08:58:06:662 - [debug] [ADB] 1 device(s) connected
2017-05-18 08:58:06:662 - [debug] [ADB] Running 'D:\AndroidSdk\platform-tools\adb.exe' with args: ["-P",5037,"-s","KJO78HTWP7LRYPIR","shell","ime","set","io.appium.android.ime/.UnicodeIME"]
2017-05-18 08:58:07:513 - [debug] [ADB] Getting install status for io.appium.settings
2017-05-18 08:58:07:514 - [debug] [ADB] Device API level: 22
2017-05-18 08:58:07:515 - [debug] [ADB] Getting connected devices...
2017-05-18 08:58:07:583 - [debug] [ADB] 1 device(s) connected
2017-05-18 08:58:07:583 - [debug] [ADB] Running 'D:\AndroidSdk\platform-tools\adb.exe' with args: ["-P",5037,"-s","KJO78HTWP7LRYPIR","shell","pm","list","packages","-3","io.appium.settings"]
2017-05-18 08:58:08:064 - [debug] [ADB] App is  installed
2017-05-18 08:58:08:065 - [debug] [AndroidDriver] io.appium.settings is already installed,don't install
2017-05-18 08:58:08:065 - [debug] [ADB] Getting install status for io.appium.unlock
2017-05-18 08:58:08:065 - [debug] [ADB] Device API level: 22
2017-05-18 08:58:08:066 - [debug] [ADB] Getting connected devices...
2017-05-18 08:58:08:104 - [debug] [ADB] 1 device(s) connected
2017-05-18 08:58:08:105 - [debug] [ADB] Running 'D:\AndroidSdk\platform-tools\adb.exe' with args: ["-P",5037,"-s","KJO78HTWP7LRYPIR","shell","pm","list","packages","-3","io.appium.unlock"]
2017-05-18 08:58:08:601 - [debug] [ADB] App is  installed
2017-05-18 08:58:08:602 - [debug] [AndroidDriver] io.appium.unlock is already installed,don't install
2017-05-18 08:58:08:603 - [debug] [UiAutomator2] Forwarding UiAutomator2 Server port 6790 to 8200
2017-05-18 08:58:08:604 - [debug] [ADB] Forwarding system: 8200 to device: 6790
2017-05-18 08:58:08:605 - [debug] [ADB] Running 'D:\AndroidSdk\platform-tools\adb.exe' with args: ["-P",5037,"-s","KJO78HTWP7LRYPIR","forward","tcp:8200","tcp:6790"]
2017-05-18 08:58:08:682 - [debug] [ADB] Getting connected devices...
2017-05-18 08:58:08:717 - [debug] [ADB] 1 device(s) connected
2017-05-18 08:58:08:718 - [debug] [ADB] Running 'D:\AndroidSdk\platform-tools\adb.exe' with args: ["-P",5037,"-s","KJO78HTWP7LRYPIR","shell","dumpsys","window"]
2017-05-18 08:58:08:812 - [AndroidDriver] Screen already unlocked, doing nothing
2017-05-18 08:58:08:813 - [debug] [AndroidDriver] Extracting strings from apk D:\Test_dir\AppHall_MIX_GuangXi.apk null C:\Users\Chialin\AppData\Local\Temp\com.boco.apphall
2017-05-18 08:58:08:814 - [debug] [ADB] Extracting strings for language: default
2017-05-18 08:58:08:815 - [debug] [ADB] Device API level: 22
2017-05-18 08:58:08:817 - [debug] [ADB] Getting connected devices...
2017-05-18 08:58:08:856 - [debug] [ADB] 1 device(s) connected
2017-05-18 08:58:08:856 - [debug] [ADB] Running 'D:\AndroidSdk\platform-tools\adb.exe' with args: ["-P",5037,"-s","KJO78HTWP7LRYPIR","shell","getprop","persist.sys.language"]
2017-05-18 08:58:08:925 - [debug] [ADB] Current device property 'persist.sys.language': zh
2017-05-18 08:58:09:949 - [debug] [ADB] No strings.xml for language 'zh', getting default strings.xml
2017-05-18 08:58:11:175 - [debug] [ADB] Reading strings from converted strings.json
2017-05-18 08:58:11:179 - [debug] [ADB] Running 'D:\AndroidSdk\platform-tools\adb.exe' with args: ["-P",5037,"-s","KJO78HTWP7LRYPIR","push","C:\\Users\\Chialin\\AppData\\Local\\Temp\\com.boco.apphall\\strings.json","/data/local/tmp"]
2017-05-18 08:58:11:434 - [debug] [ADB] Checking app cert for D:\Test_dir\AppHall_MIX_GuangXi.apk.
2017-05-18 08:58:12:268 - [debug] [ADB] App already signed.
2017-05-18 08:58:12:269 - [debug] [ADB] Zip-aligning 'D:\Test_dir\AppHall_MIX_GuangXi.apk'
2017-05-18 08:58:12:270 - [ADB] Checking whether zipalign is present
2017-05-18 08:58:12:273 - [ADB] Using zipalign.exe from D:\AndroidSdk\build-tools\23.0.3\zipalign.exe
2017-05-18 08:58:12:276 - [debug] [ADB] Zip-aligning apk.
2017-05-18 08:58:12:743 - [AndroidDriver] Remote apk path is /data/local/tmp/d01112067c592905fa3e83862ce80566.apk
2017-05-18 08:58:12:744 - [debug] [ADB] Getting connected devices...
2017-05-18 08:58:12:780 - [debug] [ADB] 1 device(s) connected
2017-05-18 08:58:12:781 - [debug] [ADB] Running 'D:\AndroidSdk\platform-tools\adb.exe' with args: ["-P",5037,"-s","KJO78HTWP7LRYPIR","shell","ls","/data/local/tmp/d01112067c592905fa3e83862ce80566.apk"]
2017-05-18 08:58:12:858 - [debug] [AndroidDriver] Checking if app is installed
2017-05-18 08:58:12:858 - [debug] [ADB] Getting install status for com.boco.apphall
2017-05-18 08:58:12:858 - [debug] [ADB] Device API level: 22
2017-05-18 08:58:12:859 - [debug] [ADB] Getting connected devices...
2017-05-18 08:58:12:896 - [debug] [ADB] 1 device(s) connected
2017-05-18 08:58:12:897 - [debug] [ADB] Running 'D:\AndroidSdk\platform-tools\adb.exe' with args: ["-P",5037,"-s","KJO78HTWP7LRYPIR","shell","pm","list","packages","-3","com.boco.apphall"]
2017-05-18 08:58:13:455 - [debug] [ADB] App is  installed
2017-05-18 08:58:13:456 - [AndroidDriver] Apk is already on remote and installed, resetting
2017-05-18 08:58:13:457 - [debug] [AndroidDriver] Running fast reset (stop and clear)
2017-05-18 08:58:13:457 - [debug] [ADB] Getting connected devices...
2017-05-18 08:58:13:505 - [debug] [ADB] 1 device(s) connected
2017-05-18 08:58:13:506 - [debug] [ADB] Running 'D:\AndroidSdk\platform-tools\adb.exe' with args: ["-P",5037,"-s","KJO78HTWP7LRYPIR","shell","am","force-stop","com.boco.apphall"]
2017-05-18 08:58:14:222 - [debug] [ADB] Getting connected devices...
2017-05-18 08:58:14:264 - [debug] [ADB] 1 device(s) connected
2017-05-18 08:58:14:266 - [debug] [ADB] Running 'D:\AndroidSdk\platform-tools\adb.exe' with args: ["-P",5037,"-s","KJO78HTWP7LRYPIR","shell","pm","clear","com.boco.apphall"]
2017-05-18 08:58:14:839 - [ADB] Checking whether aapt is present
2017-05-18 08:58:14:843 - [ADB] Using aapt.exe from D:\AndroidSdk\build-tools\23.0.3\aapt.exe
2017-05-18 08:58:15:150 - [debug] [ADB] Getting install status for io.appium.uiautomator2.server
2017-05-18 08:58:15:151 - [debug] [ADB] Device API level: 22
2017-05-18 08:58:15:152 - [debug] [ADB] Getting connected devices...
2017-05-18 08:58:15:197 - [debug] [ADB] 1 device(s) connected
2017-05-18 08:58:15:198 - [debug] [ADB] Running 'D:\AndroidSdk\platform-tools\adb.exe' with args: ["-P",5037,"-s","KJO78HTWP7LRYPIR","shell","pm","list","packages","-3","io.appium.uiautomator2.server"]
2017-05-18 08:58:15:709 - [debug] [ADB] App is  installed
2017-05-18 08:58:15:710 - [debug] [ADB] Getting install status for io.appium.uiautomator2.server.test
2017-05-18 08:58:15:710 - [debug] [ADB] Device API level: 22
2017-05-18 08:58:15:710 - [debug] [ADB] Getting connected devices...
2017-05-18 08:58:15:745 - [debug] [ADB] 1 device(s) connected
2017-05-18 08:58:15:745 - [debug] [ADB] Running 'D:\AndroidSdk\platform-tools\adb.exe' with args: ["-P",5037,"-s","KJO78HTWP7LRYPIR","shell","pm","list","packages","-3","io.appium.uiautomator2.server.test"]
2017-05-18 08:58:16:230 - [debug] [ADB] App is  installed
2017-05-18 08:58:16:230 - [ADB] Checking whether aapt is present
2017-05-18 08:58:16:232 - [ADB] Using aapt.exe from D:\AndroidSdk\build-tools\23.0.3\aapt.exe
2017-05-18 08:58:16:258 - [debug] [ADB] Getting connected devices...
2017-05-18 08:58:16:292 - [debug] [ADB] 1 device(s) connected
2017-05-18 08:58:16:292 - [debug] [ADB] Running 'D:\AndroidSdk\platform-tools\adb.exe' with args: ["-P",5037,"-s","KJO78HTWP7LRYPIR","shell","dumpsys","package","io.appium.uiautomator2.server"]
2017-05-18 08:58:16:387 - [debug] [ADB] Attempting to kill all io.appium.uiautomator2.server processes
2017-05-18 08:58:16:388 - [debug] [ADB] Getting all processes with io.appium.uiautomator2.server
2017-05-18 08:58:16:388 - [debug] [ADB] Getting connected devices...
2017-05-18 08:58:16:421 - [debug] [ADB] 1 device(s) connected
2017-05-18 08:58:16:422 - [debug] [ADB] Running 'D:\AndroidSdk\platform-tools\adb.exe' with args: ["-P",5037,"-s","KJO78HTWP7LRYPIR","shell","ps"]
2017-05-18 08:58:16:609 - [ADB] No io.appium.uiautomator2.server process found to kill, continuing...
2017-05-18 08:58:16:609 - [UiAutomator2] Starting uiautomator2 server v0.0.8 with cmd: am,instrument,-w,io.appium.uiautomator2.server.test/android.support.test.runner.AndroidJUnitRunner
2017-05-18 08:58:16:609 - [UiAutomator2] running command...
 adb -s KJO78HTWP7LRYPIR shell am instrument -w io.appium.uiautomator2.server.test/android.support.test.runner.AndroidJUnitRunner... 
2017-05-18 08:58:16:611 - [UiAutomator2] Waiting for UiAutomator2 to be online...
2017-05-18 08:58:16:614 - [debug] [JSONWP Proxy] Proxying [GET /status] to [GET http://localhost:8200/wd/hub/status] with no body
2017-05-18 08:58:17:645 - [debug] [JSONWP Proxy] Proxying [GET /status] to [GET http://localhost:8200/wd/hub/status] with no body
2017-05-18 08:58:18:667 - [debug] [JSONWP Proxy] Proxying [GET /status] to [GET http://localhost:8200/wd/hub/status] with no body
2017-05-18 08:58:19:674 - [debug] [JSONWP Proxy] Proxying [GET /status] to [GET http://localhost:8200/wd/hub/status] with no body
2017-05-18 08:58:19:717 - [debug] [JSONWP Proxy] Got response with status 200: "{\"sessionId\":\"SESSIONID\",\"status\":0,\"value\":\"Status Invoked\"}"
2017-05-18 08:58:19:719 - [debug] [JSONWP Proxy] Proxying [POST /session] to [POST http://localhost:8200/wd/hub/session] with body: {"desiredCapabilities":{"platform":"LINUX","webStorageEnabled":false,"takesScreenshot":true,"javascriptEnabled":true,"databaseEnabled":false,"networkConnectionEnabled":true,"locationContextEnabled":false,"warnings":{},"desired":{"deviceName":"PD1501D","sessionOverride":true,"unicodeKeyboard":true,"udid":"KJO78HTWP7LRYPIR","app":"D:\\Test_dir\\AppHall_MIX_GuangXi.apk","resetKeyboard":true,"appActivity":"com.boco.apphall.guangxi.mix.login.WelcomActivity","newCommandTimeout":180,"platformVersion":"5.1","appPackage":"com.boco.apphall","platformName":"Android","automationName":"Uiautomator2"},"deviceName":"KJO78HTWP7LRYPIR","sessionOverride":true,"unicodeKeyboard":true,"udid":"KJO78HTWP7LRYPIR","app":"D:\\Test_dir\\AppHall_MIX_GuangXi.apk","resetKeyboard":true,"appActivity":"com.boco.apphall.guangxi.mix.login.WelcomActivity","newCommandTimeout":180,"platformVersion":"5.1","appPackage":"com.boco.apphall","platformName":"Android","automationName":"Uiautomator2","deviceUDID":"KJO78HTWP7LRYPIR"}}
2017-05-18 08:58:19:736 - [debug] [JSONWP Proxy] Got response with status 200: {"sessionId":"04e0e652-8103-43b4-95bf-b34cccffbda5","status":0,"value":"Created Session"}
2017-05-18 08:58:19:737 - [UiAutomator2] UiAutomator2 did not start the activity we were waiting for, 'com.boco.apphall/com.boco.apphall.guangxi.mix.login.WelcomActivity'. Starting it ourselves
2017-05-18 08:58:19:739 - [debug] [ADB] Device API level: 22
2017-05-18 08:58:19:740 - [debug] [ADB] Getting connected devices...
2017-05-18 08:58:19:782 - [debug] [ADB] 1 device(s) connected
2017-05-18 08:58:19:783 - [debug] [ADB] Running 'D:\AndroidSdk\platform-tools\adb.exe' with args: ["-P",5037,"-s","KJO78HTWP7LRYPIR","shell","am","start","-W","-n","com.boco.apphall/com.boco.apphall.guangxi.mix.login.WelcomActivity","-S","-a","android.intent.action.MAIN","-c","android.intent.category.LAUNCHER","-f","0x10200000"]
2017-05-18 08:58:21:322 - [Appium] New AndroidUiautomator2Driver session created successfully, session 5c0c5ce1-b337-486f-806d-21fa41d201d5 added to master session list
2017-05-18 08:58:21:324 - [debug] [MJSONWP] Responding to client with driver.createSession() result: {"deviceName":"PD1501D","sessionOverride":true,"unicodeKeyboard":true,"udid":"KJO78HTWP7LRYPIR","app":"D:\\Test_dir\\AppHall_MIX_GuangXi.apk","resetKeyboard":true,"appActivity":"com.boco.apphall.guangxi.mix.login.WelcomActivity","newCommandTimeout":180,"platformVersion":"5.1","appPackage":"com.boco.apphall","platformName":"Android","automationName":"Uiautomator2"}
2017-05-18 08:58:21:331 - [HTTP] <-- POST /wd/hub/session 200 18355 ms - 438 
2017-05-18 08:58:21:468 - [HTTP] --> POST /wd/hub/session/5c0c5ce1-b337-486f-806d-21fa41d201d5/timeouts/implicit_wait {"sessionId":"5c0c5ce1-b337-486f-806d-21fa41d201d5","ms":30000}
2017-05-18 08:58:21:473 - [debug] [MJSONWP] Calling AppiumDriver.implicitWait() with args: [30000,"5c0c5ce1-b337-486f-806d-21fa41d201d5"]
2017-05-18 08:58:21:499 - [debug] [BaseDriver] Set implicit wait to 30000ms
2017-05-18 08:58:21:500 - [debug] [MJSONWP] Responding to client with driver.implicitWait() result: null
2017-05-18 08:58:21:537 - [HTTP] <-- POST /wd/hub/session/5c0c5ce1-b337-486f-806d-21fa41d201d5/timeouts/implicit_wait 200 53 ms - 76 
2017-05-18 08:58:22:039 - [HTTP] --> POST /wd/hub/session/5c0c5ce1-b337-486f-806d-21fa41d201d5/element {"using":"id","sessionId":"5c0c5ce1-b337-486f-806d-21fa41d201d5","value":"com.boco.apphall:id/username"}
2017-05-18 08:58:22:040 - [debug] [MJSONWP] Calling AppiumDriver.findElement() with args: ["id","com.boco.apphall:id/username","5c0c5ce1-b337-486f-806d-21fa41d201d5"]
2017-05-18 08:58:22:045 - [debug] [BaseDriver] Valid locator strategies for this request: xpath, id, class name, accessibility id, -android uiautomator
2017-05-18 08:58:22:046 - [debug] [BaseDriver] Valid locator strategies for this request: xpath, id, class name, accessibility id, -android uiautomator
2017-05-18 08:58:22:047 - [debug] [BaseDriver] Waiting up to 30000 ms for condition
2017-05-18 08:58:22:051 - [debug] [JSONWP Proxy] Proxying [POST /element] to [POST http://localhost:8200/wd/hub/session/04e0e652-8103-43b4-95bf-b34cccffbda5/element] with body: {"strategy":"id","selector":"com.boco.apphall:id/username","context":"","multiple":false}
2017-05-18 08:58:22:218 - [debug] [BaseDriver] Waited for 168 ms so far
2017-05-18 08:58:22:719 - [debug] [JSONWP Proxy] Proxying [POST /element] to [POST http://localhost:8200/wd/hub/session/04e0e652-8103-43b4-95bf-b34cccffbda5/element] with body: {"strategy":"id","selector":"com.boco.apphall:id/username","context":"","multiple":false}
2017-05-18 08:58:23:436 - [debug] [JSONWP Proxy] Got response with status 200: {"sessionId":"04e0e652-8103-43b4-95bf-b34cccffbda5","status":0,"value":{"ELEMENT":"cda0c893-8295-4615-9b84-086d1d3c4bff"}}
2017-05-18 08:58:23:438 - [debug] [MJSONWP] Responding to client with driver.findElement() result: {"ELEMENT":"cda0c893-8295-4615-9b84-086d1d3c4bff"}
2017-05-18 08:58:23:440 - [HTTP] <-- POST /wd/hub/session/5c0c5ce1-b337-486f-806d-21fa41d201d5/element 200 1400 ms - 122 
2017-05-18 08:58:23:444 - [HTTP] --> POST /wd/hub/session/5c0c5ce1-b337-486f-806d-21fa41d201d5/element {"using":"id","sessionId":"5c0c5ce1-b337-486f-806d-21fa41d201d5","value":"com.boco.apphall:id/username"}
2017-05-18 08:58:23:445 - [debug] [MJSONWP] Calling AppiumDriver.findElement() with args: ["id","com.boco.apphall:id/username","5c0c5ce1-b337-486f-806d-21fa41d201d5"]
2017-05-18 08:58:23:449 - [debug] [BaseDriver] Valid locator strategies for this request: xpath, id, class name, accessibility id, -android uiautomator
2017-05-18 08:58:23:449 - [debug] [BaseDriver] Valid locator strategies for this request: xpath, id, class name, accessibility id, -android uiautomator
2017-05-18 08:58:23:450 - [debug] [BaseDriver] Waiting up to 30000 ms for condition
2017-05-18 08:58:23:450 - [debug] [JSONWP Proxy] Proxying [POST /element] to [POST http://localhost:8200/wd/hub/session/04e0e652-8103-43b4-95bf-b34cccffbda5/element] with body: {"strategy":"id","selector":"com.boco.apphall:id/username","context":"","multiple":false}
2017-05-18 08:58:23:487 - [debug] [JSONWP Proxy] Got response with status 200: {"sessionId":"04e0e652-8103-43b4-95bf-b34cccffbda5","status":0,"value":{"ELEMENT":"e096d31a-9842-4735-aa47-982c1ef8c71a"}}
2017-05-18 08:58:23:488 - [debug] [MJSONWP] Responding to client with driver.findElement() result: {"ELEMENT":"e096d31a-9842-4735-aa47-982c1ef8c71a"}
2017-05-18 08:58:23:491 - [HTTP] <-- POST /wd/hub/session/5c0c5ce1-b337-486f-806d-21fa41d201d5/element 200 45 ms - 122 
2017-05-18 08:58:23:495 - [HTTP] --> GET /wd/hub/session/5c0c5ce1-b337-486f-806d-21fa41d201d5/element/e096d31a-9842-4735-aa47-982c1ef8c71a/text {}
2017-05-18 08:58:23:496 - [debug] [MJSONWP] Calling AppiumDriver.getText() with args: ["e096d31a-9842-4735-aa47-982c1ef8c71a","5c0c5ce1-b337-486f-806d-21fa41d201d5"]
2017-05-18 08:58:23:500 - [debug] [JSONWP Proxy] Proxying [GET /element/e096d31a-9842-4735-aa47-982c1ef8c71a/text] to [GET http://localhost:8200/wd/hub/session/04e0e652-8103-43b4-95bf-b34cccffbda5/element/e096d31a-9842-4735-aa47-982c1ef8c71a/text] with body: {}
2017-05-18 08:58:23:520 - [debug] [JSONWP Proxy] Got response with status 200: "{\"sessionId\":\"04e0e652-8103-43b4-95bf-b34cccffbda5\",\"status\":0,\"value\":\"请输入账号\"}"
2017-05-18 08:58:23:521 - [debug] [MJSONWP] Responding to client with driver.getText() result: "请输入账号"
2017-05-18 08:58:23:522 - [HTTP] <-- GET /wd/hub/session/5c0c5ce1-b337-486f-806d-21fa41d201d5/element/e096d31a-9842-4735-aa47-982c1ef8c71a/text 200 27 ms - 89 
2017-05-18 08:58:23:524 - [HTTP] --> GET /wd/hub/session/5c0c5ce1-b337-486f-806d-21fa41d201d5/element/e096d31a-9842-4735-aa47-982c1ef8c71a/text {}
2017-05-18 08:58:23:525 - [debug] [MJSONWP] Calling AppiumDriver.getText() with args: ["e096d31a-9842-4735-aa47-982c1ef8c71a","5c0c5ce1-b337-486f-806d-21fa41d201d5"]
2017-05-18 08:58:23:527 - [debug] [JSONWP Proxy] Proxying [GET /element/e096d31a-9842-4735-aa47-982c1ef8c71a/text] to [GET http://localhost:8200/wd/hub/session/04e0e652-8103-43b4-95bf-b34cccffbda5/element/e096d31a-9842-4735-aa47-982c1ef8c71a/text] with body: {}
2017-05-18 08:58:23:544 - [debug] [JSONWP Proxy] Got response with status 200: "{\"sessionId\":\"04e0e652-8103-43b4-95bf-b34cccffbda5\",\"status\":0,\"value\":\"请输入账号\"}"
2017-05-18 08:58:23:544 - [debug] [MJSONWP] Responding to client with driver.getText() result: "请输入账号"
2017-05-18 08:58:23:545 - [HTTP] <-- GET /wd/hub/session/5c0c5ce1-b337-486f-806d-21fa41d201d5/element/e096d31a-9842-4735-aa47-982c1ef8c71a/text 200 21 ms - 89 
2017-05-18 08:58:23:547 - [HTTP] --> POST /wd/hub/session/5c0c5ce1-b337-486f-806d-21fa41d201d5/element/e096d31a-9842-4735-aa47-982c1ef8c71a/clear {"sessionId":"5c0c5ce1-b337-486f-806d-21fa41d201d5","id":"e096d31a-9842-4735-aa47-982c1ef8c71a"}
2017-05-18 08:58:23:547 - [debug] [MJSONWP] Calling AppiumDriver.clear() with args: ["e096d31a-9842-4735-aa47-982c1ef8c71a","5c0c5ce1-b337-486f-806d-21fa41d201d5"]
2017-05-18 08:58:23:549 - [debug] [JSONWP Proxy] Proxying [GET /element/e096d31a-9842-4735-aa47-982c1ef8c71a/text] to [GET http://localhost:8200/wd/hub/session/04e0e652-8103-43b4-95bf-b34cccffbda5/element/e096d31a-9842-4735-aa47-982c1ef8c71a/text] with body: {}
2017-05-18 08:58:23:566 - [debug] [JSONWP Proxy] Got response with status 200: "{\"sessionId\":\"04e0e652-8103-43b4-95bf-b34cccffbda5\",\"status\":0,\"value\":\"请输入账号\"}"
2017-05-18 08:58:23:566 - [debug] [JSONWP Proxy] Proxying [POST /element/e096d31a-9842-4735-aa47-982c1ef8c71a/click] to [POST http://localhost:8200/wd/hub/session/04e0e652-8103-43b4-95bf-b34cccffbda5/element/e096d31a-9842-4735-aa47-982c1ef8c71a/click] with body: {"elementId":"e096d31a-9842-4735-aa47-982c1ef8c71a"}
2017-05-18 08:58:23:611 - [debug] [JSONWP Proxy] Got response with status 200: {"sessionId":"04e0e652-8103-43b4-95bf-b34cccffbda5","status":0,"value":true}
2017-05-18 08:58:23:612 - [debug] [ADB] Clearing up to 5 characters
2017-05-18 08:58:23:612 - [debug] [ADB] Getting connected devices...
2017-05-18 08:58:23:693 - [debug] [ADB] 1 device(s) connected
2017-05-18 08:58:23:693 - [debug] [ADB] Running 'D:\AndroidSdk\platform-tools\adb.exe' with args: ["-P",5037,"-s","KJO78HTWP7LRYPIR","shell","input","keyevent","67","112","67","112","67","112","67","112","67","112"]
2017-05-18 08:58:24:498 - [debug] [MJSONWP] Responding to client with driver.clear() result: null
2017-05-18 08:58:24:500 - [HTTP] <-- POST /wd/hub/session/5c0c5ce1-b337-486f-806d-21fa41d201d5/element/e096d31a-9842-4735-aa47-982c1ef8c71a/clear 200 951 ms - 76 
2017-05-18 08:58:24:504 - [HTTP] --> POST /wd/hub/session/5c0c5ce1-b337-486f-806d-21fa41d201d5/appium/element/e096d31a-9842-4735-aa47-982c1ef8c71a/replace_value {"sessionId":"5c0c5ce1-b337-486f-806d-21fa41d201d5","id":"e096d31a-9842-4735-aa47-982c1ef8c71a","value":["wangkaiwei"]}
2017-05-18 08:58:24:508 - [debug] [MJSONWP] Calling AppiumDriver.replaceValue() with args: [["wangkaiwei"],"e096d31a-9842-4735-aa47-982c1ef8c71a","5c0c5ce1-b337-486f-806d-21fa41d201d5"]
2017-05-18 08:58:24:513 - [debug] [JSONWP Proxy] Proxying [POST /element/e096d31a-9842-4735-aa47-982c1ef8c71a/value] to [POST http://localhost:8200/wd/hub/session/04e0e652-8103-43b4-95bf-b34cccffbda5/element/e096d31a-9842-4735-aa47-982c1ef8c71a/value] with body: {"elementId":"e096d31a-9842-4735-aa47-982c1ef8c71a","text":"wangkaiwei","replace":true,"unicodeKeyboard":true}
2017-05-18 08:58:25:083 - [debug] [JSONWP Proxy] Got response with status 200: {"sessionId":"04e0e652-8103-43b4-95bf-b34cccffbda5","status":0,"value":""}
2017-05-18 08:58:25:086 - [debug] [MJSONWP] Responding to client with driver.replaceValue() result: ""
2017-05-18 08:58:25:089 - [HTTP] <-- POST /wd/hub/session/5c0c5ce1-b337-486f-806d-21fa41d201d5/appium/element/e096d31a-9842-4735-aa47-982c1ef8c71a/replace_value 200 584 ms - 74 
2017-05-18 08:58:25:096 - [HTTP] --> POST /wd/hub/session/5c0c5ce1-b337-486f-806d-21fa41d201d5/element {"using":"id","sessionId":"5c0c5ce1-b337-486f-806d-21fa41d201d5","value":"com.boco.apphall:id/password"}
2017-05-18 08:58:25:098 - [debug] [MJSONWP] Calling AppiumDriver.findElement() with args: ["id","com.boco.apphall:id/password","5c0c5ce1-b337-486f-806d-21fa41d201d5"]
2017-05-18 08:58:25:108 - [debug] [BaseDriver] Valid locator strategies for this request: xpath, id, class name, accessibility id, -android uiautomator
2017-05-18 08:58:25:112 - [debug] [BaseDriver] Valid locator strategies for this request: xpath, id, class name, accessibility id, -android uiautomator
2017-05-18 08:58:25:114 - [debug] [BaseDriver] Waiting up to 30000 ms for condition
2017-05-18 08:58:25:116 - [debug] [JSONWP Proxy] Proxying [POST /element] to [POST http://localhost:8200/wd/hub/session/04e0e652-8103-43b4-95bf-b34cccffbda5/element] with body: {"strategy":"id","selector":"com.boco.apphall:id/password","context":"","multiple":false}
2017-05-18 08:58:25:847 - [debug] [JSONWP Proxy] Got response with status 200: {"sessionId":"04e0e652-8103-43b4-95bf-b34cccffbda5","status":0,"value":{"ELEMENT":"74e6f0f0-b4f6-4528-9029-5e74fb9ae4a4"}}
2017-05-18 08:58:25:855 - [debug] [MJSONWP] Responding to client with driver.findElement() result: {"ELEMENT":"74e6f0f0-b4f6-4528-9029-5e74fb9ae4a4"}
2017-05-18 08:58:25:858 - [HTTP] <-- POST /wd/hub/session/5c0c5ce1-b337-486f-806d-21fa41d201d5/element 200 761 ms - 122 
2017-05-18 08:58:25:866 - [HTTP] --> POST /wd/hub/session/5c0c5ce1-b337-486f-806d-21fa41d201d5/element {"using":"id","sessionId":"5c0c5ce1-b337-486f-806d-21fa41d201d5","value":"com.boco.apphall:id/password"}
2017-05-18 08:58:25:866 - [debug] [MJSONWP] Calling AppiumDriver.findElement() with args: ["id","com.boco.apphall:id/password","5c0c5ce1-b337-486f-806d-21fa41d201d5"]
2017-05-18 08:58:25:870 - [debug] [BaseDriver] Valid locator strategies for this request: xpath, id, class name, accessibility id, -android uiautomator
2017-05-18 08:58:25:870 - [debug] [BaseDriver] Valid locator strategies for this request: xpath, id, class name, accessibility id, -android uiautomator
2017-05-18 08:58:25:871 - [debug] [BaseDriver] Waiting up to 30000 ms for condition
2017-05-18 08:58:25:871 - [debug] [JSONWP Proxy] Proxying [POST /element] to [POST http://localhost:8200/wd/hub/session/04e0e652-8103-43b4-95bf-b34cccffbda5/element] with body: {"strategy":"id","selector":"com.boco.apphall:id/password","context":"","multiple":false}
2017-05-18 08:58:25:909 - [debug] [JSONWP Proxy] Got response with status 200: {"sessionId":"04e0e652-8103-43b4-95bf-b34cccffbda5","status":0,"value":{"ELEMENT":"13f6a744-e8b7-4679-8c2d-b90263f261f8"}}
2017-05-18 08:58:25:911 - [debug] [MJSONWP] Responding to client with driver.findElement() result: {"ELEMENT":"13f6a744-e8b7-4679-8c2d-b90263f261f8"}
2017-05-18 08:58:25:912 - [HTTP] <-- POST /wd/hub/session/5c0c5ce1-b337-486f-806d-21fa41d201d5/element 200 47 ms - 122 
2017-05-18 08:58:25:915 - [HTTP] --> GET /wd/hub/session/5c0c5ce1-b337-486f-806d-21fa41d201d5/element/13f6a744-e8b7-4679-8c2d-b90263f261f8/text {}
2017-05-18 08:58:25:916 - [debug] [MJSONWP] Calling AppiumDriver.getText() with args: ["13f6a744-e8b7-4679-8c2d-b90263f261f8","5c0c5ce1-b337-486f-806d-21fa41d201d5"]
2017-05-18 08:58:25:920 - [debug] [JSONWP Proxy] Proxying [GET /element/13f6a744-e8b7-4679-8c2d-b90263f261f8/text] to [GET http://localhost:8200/wd/hub/session/04e0e652-8103-43b4-95bf-b34cccffbda5/element/13f6a744-e8b7-4679-8c2d-b90263f261f8/text] with body: {}
2017-05-18 08:58:25:935 - [debug] [JSONWP Proxy] Got response with status 200: "{\"sessionId\":\"04e0e652-8103-43b4-95bf-b34cccffbda5\",\"status\":0,\"value\":\"\"}"
2017-05-18 08:58:25:937 - [debug] [MJSONWP] Responding to client with driver.getText() result: ""
2017-05-18 08:58:25:938 - [HTTP] <-- GET /wd/hub/session/5c0c5ce1-b337-486f-806d-21fa41d201d5/element/13f6a744-e8b7-4679-8c2d-b90263f261f8/text 200 22 ms - 74 
2017-05-18 08:58:25:941 - [HTTP] --> POST /wd/hub/session/5c0c5ce1-b337-486f-806d-21fa41d201d5/appium/element/13f6a744-e8b7-4679-8c2d-b90263f261f8/value {"sessionId":"5c0c5ce1-b337-486f-806d-21fa41d201d5","id":"13f6a744-e8b7-4679-8c2d-b90263f261f8","value":["Kv@870224"]}
2017-05-18 08:58:25:941 - [debug] [MJSONWP] Calling AppiumDriver.setValueImmediate() with args: [["Kv@870224"],"13f6a744-e8b7-4679-8c2d-b90263f261f8","5c0c5ce1-b337-486f-806d-21fa41d201d5"]
2017-05-18 08:58:25:945 - [debug] [JSONWP Proxy] Proxying [POST /element/13f6a744-e8b7-4679-8c2d-b90263f261f8/click] to [POST http://localhost:8200/wd/hub/session/04e0e652-8103-43b4-95bf-b34cccffbda5/element/13f6a744-e8b7-4679-8c2d-b90263f261f8/click] with body: {"elementId":"13f6a744-e8b7-4679-8c2d-b90263f261f8"}
2017-05-18 08:58:25:981 - [debug] [JSONWP Proxy] Got response with status 200: {"sessionId":"04e0e652-8103-43b4-95bf-b34cccffbda5","status":0,"value":true}
2017-05-18 08:58:25:982 - [debug] [ADB] Getting connected devices...
2017-05-18 08:58:26:033 - [debug] [ADB] 1 device(s) connected
2017-05-18 08:58:26:034 - [debug] [ADB] Running 'D:\AndroidSdk\platform-tools\adb.exe' with args: ["-P",5037,"-s","KJO78HTWP7LRYPIR","shell","input","text","Kv@870224"]
2017-05-18 08:58:26:954 - [debug] [MJSONWP] Responding to client with driver.setValueImmediate() result: null
2017-05-18 08:58:26:956 - [HTTP] <-- POST /wd/hub/session/5c0c5ce1-b337-486f-806d-21fa41d201d5/appium/element/13f6a744-e8b7-4679-8c2d-b90263f261f8/value 200 1014 ms - 76 
2017-05-18 08:58:26:962 - [HTTP] --> POST /wd/hub/session/5c0c5ce1-b337-486f-806d-21fa41d201d5/element {"using":"id","sessionId":"5c0c5ce1-b337-486f-806d-21fa41d201d5","value":"com.boco.apphall:id/password"}
2017-05-18 08:58:26:965 - [debug] [MJSONWP] Calling AppiumDriver.findElement() with args: ["id","com.boco.apphall:id/password","5c0c5ce1-b337-486f-806d-21fa41d201d5"]
2017-05-18 08:58:26:970 - [debug] [BaseDriver] Valid locator strategies for this request: xpath, id, class name, accessibility id, -android uiautomator
2017-05-18 08:58:26:970 - [debug] [BaseDriver] Valid locator strategies for this request: xpath, id, class name, accessibility id, -android uiautomator
2017-05-18 08:58:26:971 - [debug] [BaseDriver] Waiting up to 30000 ms for condition
2017-05-18 08:58:26:972 - [debug] [JSONWP Proxy] Proxying [POST /element] to [POST http://localhost:8200/wd/hub/session/04e0e652-8103-43b4-95bf-b34cccffbda5/element] with body: {"strategy":"id","selector":"com.boco.apphall:id/password","context":"","multiple":false}
2017-05-18 08:58:27:238 - [debug] [JSONWP Proxy] Got response with status 200: {"sessionId":"04e0e652-8103-43b4-95bf-b34cccffbda5","status":0,"value":{"ELEMENT":"378d0ebe-c6f4-460e-a461-56a35a95361e"}}
2017-05-18 08:58:27:238 - [debug] [MJSONWP] Responding to client with driver.findElement() result: {"ELEMENT":"378d0ebe-c6f4-460e-a461-56a35a95361e"}
2017-05-18 08:58:27:240 - [HTTP] <-- POST /wd/hub/session/5c0c5ce1-b337-486f-806d-21fa41d201d5/element 200 277 ms - 122 
2017-05-18 08:58:27:242 - [HTTP] --> POST /wd/hub/session/5c0c5ce1-b337-486f-806d-21fa41d201d5/element {"using":"id","sessionId":"5c0c5ce1-b337-486f-806d-21fa41d201d5","value":"com.boco.apphall:id/password"}
2017-05-18 08:58:27:243 - [debug] [MJSONWP] Calling AppiumDriver.findElement() with args: ["id","com.boco.apphall:id/password","5c0c5ce1-b337-486f-806d-21fa41d201d5"]
2017-05-18 08:58:27:244 - [debug] [BaseDriver] Valid locator strategies for this request: xpath, id, class name, accessibility id, -android uiautomator
2017-05-18 08:58:27:244 - [debug] [BaseDriver] Valid locator strategies for this request: xpath, id, class name, accessibility id, -android uiautomator
2017-05-18 08:58:27:244 - [debug] [BaseDriver] Waiting up to 30000 ms for condition
2017-05-18 08:58:27:245 - [debug] [JSONWP Proxy] Proxying [POST /element] to [POST http://localhost:8200/wd/hub/session/04e0e652-8103-43b4-95bf-b34cccffbda5/element] with body: {"strategy":"id","selector":"com.boco.apphall:id/password","context":"","multiple":false}
2017-05-18 08:58:27:279 - [debug] [JSONWP Proxy] Got response with status 200: {"sessionId":"04e0e652-8103-43b4-95bf-b34cccffbda5","status":0,"value":{"ELEMENT":"df5afaa3-caf0-4cb7-82a9-ba44f22dbfba"}}
2017-05-18 08:58:27:283 - [debug] [MJSONWP] Responding to client with driver.findElement() result: {"ELEMENT":"df5afaa3-caf0-4cb7-82a9-ba44f22dbfba"}
2017-05-18 08:58:27:284 - [HTTP] <-- POST /wd/hub/session/5c0c5ce1-b337-486f-806d-21fa41d201d5/element 200 41 ms - 122 
2017-05-18 08:58:27:291 - [HTTP] --> GET /wd/hub/session/5c0c5ce1-b337-486f-806d-21fa41d201d5/element/df5afaa3-caf0-4cb7-82a9-ba44f22dbfba/text {}
2017-05-18 08:58:27:292 - [debug] [MJSONWP] Calling AppiumDriver.getText() with args: ["df5afaa3-caf0-4cb7-82a9-ba44f22dbfba","5c0c5ce1-b337-486f-806d-21fa41d201d5"]
2017-05-18 08:58:27:296 - [debug] [JSONWP Proxy] Proxying [GET /element/df5afaa3-caf0-4cb7-82a9-ba44f22dbfba/text] to [GET http://localhost:8200/wd/hub/session/04e0e652-8103-43b4-95bf-b34cccffbda5/element/df5afaa3-caf0-4cb7-82a9-ba44f22dbfba/text] with body: {}
2017-05-18 08:58:27:311 - [debug] [JSONWP Proxy] Got response with status 200: "{\"sessionId\":\"04e0e652-8103-43b4-95bf-b34cccffbda5\",\"status\":0,\"value\":\"\"}"
2017-05-18 08:58:27:313 - [debug] [MJSONWP] Responding to client with driver.getText() result: ""
2017-05-18 08:58:27:315 - [HTTP] <-- GET /wd/hub/session/5c0c5ce1-b337-486f-806d-21fa41d201d5/element/df5afaa3-caf0-4cb7-82a9-ba44f22dbfba/text 200 23 ms - 74 
2017-05-18 08:58:27:319 - [HTTP] --> POST /wd/hub/session/5c0c5ce1-b337-486f-806d-21fa41d201d5/appium/element/df5afaa3-caf0-4cb7-82a9-ba44f22dbfba/replace_value {"sessionId":"5c0c5ce1-b337-486f-806d-21fa41d201d5","id":"df5afaa3-caf0-4cb7-82a9-ba44f22dbfba","value":["Kv@870224"]}
2017-05-18 08:58:27:320 - [debug] [MJSONWP] Calling AppiumDriver.replaceValue() with args: [["Kv@870224"],"df5afaa3-caf0-4cb7-82a9-ba44f22dbfba","5c0c5ce1-b337-486f-806d-21fa41d201d5"]
2017-05-18 08:58:27:324 - [debug] [JSONWP Proxy] Proxying [POST /element/df5afaa3-caf0-4cb7-82a9-ba44f22dbfba/value] to [POST http://localhost:8200/wd/hub/session/04e0e652-8103-43b4-95bf-b34cccffbda5/element/df5afaa3-caf0-4cb7-82a9-ba44f22dbfba/value] with body: {"elementId":"df5afaa3-caf0-4cb7-82a9-ba44f22dbfba","text":"Kv@870224","replace":true,"unicodeKeyboard":true}
2017-05-18 08:58:27:900 - [debug] [JSONWP Proxy] Got response with status 200: {"sessionId":"04e0e652-8103-43b4-95bf-b34cccffbda5","status":0,"value":""}
2017-05-18 08:58:27:901 - [debug] [MJSONWP] Responding to client with driver.replaceValue() result: ""
2017-05-18 08:58:27:902 - [HTTP] <-- POST /wd/hub/session/5c0c5ce1-b337-486f-806d-21fa41d201d5/appium/element/df5afaa3-caf0-4cb7-82a9-ba44f22dbfba/replace_value 200 583 ms - 74 
2017-05-18 08:58:28:907 - [HTTP] --> POST /wd/hub/session/5c0c5ce1-b337-486f-806d-21fa41d201d5/element {"using":"id","sessionId":"5c0c5ce1-b337-486f-806d-21fa41d201d5","value":"com.boco.apphall:id/login_btn"}
2017-05-18 08:58:28:907 - [debug] [MJSONWP] Calling AppiumDriver.findElement() with args: ["id","com.boco.apphall:id/login_btn","5c0c5ce1-b337-486f-806d-21fa41d201d5"]
2017-05-18 08:58:28:909 - [debug] [BaseDriver] Valid locator strategies for this request: xpath, id, class name, accessibility id, -android uiautomator
2017-05-18 08:58:28:909 - [debug] [BaseDriver] Valid locator strategies for this request: xpath, id, class name, accessibility id, -android uiautomator
2017-05-18 08:58:28:909 - [debug] [BaseDriver] Waiting up to 30000 ms for condition
2017-05-18 08:58:28:910 - [debug] [JSONWP Proxy] Proxying [POST /element] to [POST http://localhost:8200/wd/hub/session/04e0e652-8103-43b4-95bf-b34cccffbda5/element] with body: {"strategy":"id","selector":"com.boco.apphall:id/login_btn","context":"","multiple":false}
2017-05-18 08:58:28:943 - [debug] [JSONWP Proxy] Got response with status 200: {"sessionId":"04e0e652-8103-43b4-95bf-b34cccffbda5","status":0,"value":{"ELEMENT":"f46c0845-6c00-46ed-b1c8-936100920316"}}
2017-05-18 08:58:28:943 - [debug] [MJSONWP] Responding to client with driver.findElement() result: {"ELEMENT":"f46c0845-6c00-46ed-b1c8-936100920316"}
2017-05-18 08:58:28:944 - [HTTP] <-- POST /wd/hub/session/5c0c5ce1-b337-486f-806d-21fa41d201d5/element 200 38 ms - 122 
2017-05-18 08:58:28:947 - [HTTP] --> GET /wd/hub/session/5c0c5ce1-b337-486f-806d-21fa41d201d5/element/f46c0845-6c00-46ed-b1c8-936100920316/displayed {}
2017-05-18 08:58:28:947 - [debug] [MJSONWP] Calling AppiumDriver.elementDisplayed() with args: ["f46c0845-6c00-46ed-b1c8-936100920316","5c0c5ce1-b337-486f-806d-21fa41d201d5"]
2017-05-18 08:58:28:949 - [debug] [JSONWP Proxy] Proxying [GET /element/f46c0845-6c00-46ed-b1c8-936100920316/attribute/displayed] to [GET http://localhost:8200/wd/hub/session/04e0e652-8103-43b4-95bf-b34cccffbda5/element/f46c0845-6c00-46ed-b1c8-936100920316/attribute/displayed] with body: {}
2017-05-18 08:58:28:961 - [debug] [JSONWP Proxy] Got response with status 200: "{\"sessionId\":\"04e0e652-8103-43b4-95bf-b34cccffbda5\",\"status\":0,\"value\":true}"
2017-05-18 08:58:28:961 - [debug] [MJSONWP] Responding to client with driver.elementDisplayed() result: true
2017-05-18 08:58:28:962 - [HTTP] <-- GET /wd/hub/session/5c0c5ce1-b337-486f-806d-21fa41d201d5/element/f46c0845-6c00-46ed-b1c8-936100920316/displayed 200 15 ms - 76 
2017-05-18 08:58:28:965 - [HTTP] --> GET /wd/hub/session/5c0c5ce1-b337-486f-806d-21fa41d201d5/element/f46c0845-6c00-46ed-b1c8-936100920316/enabled {}
2017-05-18 08:58:28:966 - [debug] [MJSONWP] Calling AppiumDriver.elementEnabled() with args: ["f46c0845-6c00-46ed-b1c8-936100920316","5c0c5ce1-b337-486f-806d-21fa41d201d5"]
2017-05-18 08:58:28:969 - [debug] [JSONWP Proxy] Proxying [GET /element/f46c0845-6c00-46ed-b1c8-936100920316/attribute/enabled] to [GET http://localhost:8200/wd/hub/session/04e0e652-8103-43b4-95bf-b34cccffbda5/element/f46c0845-6c00-46ed-b1c8-936100920316/attribute/enabled] with body: {}
2017-05-18 08:58:28:979 - [debug] [JSONWP Proxy] Got response with status 200: "{\"sessionId\":\"04e0e652-8103-43b4-95bf-b34cccffbda5\",\"status\":0,\"value\":true}"
2017-05-18 08:58:28:980 - [debug] [MJSONWP] Responding to client with driver.elementEnabled() result: true
2017-05-18 08:58:28:980 - [HTTP] <-- GET /wd/hub/session/5c0c5ce1-b337-486f-806d-21fa41d201d5/element/f46c0845-6c00-46ed-b1c8-936100920316/enabled 200 15 ms - 76 
2017-05-18 08:58:28:982 - [HTTP] --> POST /wd/hub/session/5c0c5ce1-b337-486f-806d-21fa41d201d5/element/f46c0845-6c00-46ed-b1c8-936100920316/click {"sessionId":"5c0c5ce1-b337-486f-806d-21fa41d201d5","id":"f46c0845-6c00-46ed-b1c8-936100920316"}
2017-05-18 08:58:28:982 - [debug] [MJSONWP] Calling AppiumDriver.click() with args: ["f46c0845-6c00-46ed-b1c8-936100920316","5c0c5ce1-b337-486f-806d-21fa41d201d5"]
2017-05-18 08:58:28:984 - [debug] [JSONWP Proxy] Proxying [POST /element/f46c0845-6c00-46ed-b1c8-936100920316/click] to [POST http://localhost:8200/wd/hub/session/04e0e652-8103-43b4-95bf-b34cccffbda5/element/f46c0845-6c00-46ed-b1c8-936100920316/click] with body: {"elementId":"f46c0845-6c00-46ed-b1c8-936100920316"}
2017-05-18 08:58:29:005 - [debug] [JSONWP Proxy] Got response with status 200: {"sessionId":"04e0e652-8103-43b4-95bf-b34cccffbda5","status":0,"value":true}
2017-05-18 08:58:29:006 - [debug] [MJSONWP] Responding to client with driver.click() result: true
2017-05-18 08:58:29:007 - [HTTP] <-- POST /wd/hub/session/5c0c5ce1-b337-486f-806d-21fa41d201d5/element/f46c0845-6c00-46ed-b1c8-936100920316/click 200 24 ms - 76 
2017-05-18 08:58:30:072 - [HTTP] --> POST /wd/hub/session/5c0c5ce1-b337-486f-806d-21fa41d201d5/element {"using":"id","sessionId":"5c0c5ce1-b337-486f-806d-21fa41d201d5","value":"com.boco.apphall:id/cancel_button"}
2017-05-18 08:58:30:072 - [debug] [MJSONWP] Calling AppiumDriver.findElement() with args: ["id","com.boco.apphall:id/cancel_button","5c0c5ce1-b337-486f-806d-21fa41d201d5"]
2017-05-18 08:58:30:074 - [debug] [BaseDriver] Valid locator strategies for this request: xpath, id, class name, accessibility id, -android uiautomator
2017-05-18 08:58:30:075 - [debug] [BaseDriver] Valid locator strategies for this request: xpath, id, class name, accessibility id, -android uiautomator
2017-05-18 08:58:30:075 - [debug] [BaseDriver] Waiting up to 30000 ms for condition
2017-05-18 08:58:30:075 - [debug] [JSONWP Proxy] Proxying [POST /element] to [POST http://localhost:8200/wd/hub/session/04e0e652-8103-43b4-95bf-b34cccffbda5/element] with body: {"strategy":"id","selector":"com.boco.apphall:id/cancel_button","context":"","multiple":false}
2017-05-18 08:58:30:129 - [debug] [BaseDriver] Waited for 54 ms so far
2017-05-18 08:58:30:630 - [debug] [JSONWP Proxy] Proxying [POST /element] to [POST http://localhost:8200/wd/hub/session/04e0e652-8103-43b4-95bf-b34cccffbda5/element] with body: {"strategy":"id","selector":"com.boco.apphall:id/cancel_button","context":"","multiple":false}
2017-05-18 08:58:30:676 - [debug] [BaseDriver] Waited for 601 ms so far
2017-05-18 08:58:31:176 - [debug] [JSONWP Proxy] Proxying [POST /element] to [POST http://localhost:8200/wd/hub/session/04e0e652-8103-43b4-95bf-b34cccffbda5/element] with body: {"strategy":"id","selector":"com.boco.apphall:id/cancel_button","context":"","multiple":false}
2017-05-18 08:58:33:149 - [debug] [JSONWP Proxy] Got response with status 200: {"sessionId":"04e0e652-8103-43b4-95bf-b34cccffbda5","status":0,"value":{"ELEMENT":"b3a0f28c-ed4f-4b28-a510-38ae67618a18"}}
2017-05-18 08:58:33:151 - [debug] [MJSONWP] Responding to client with driver.findElement() result: {"ELEMENT":"b3a0f28c-ed4f-4b28-a510-38ae67618a18"}
2017-05-18 08:58:33:153 - [HTTP] <-- POST /wd/hub/session/5c0c5ce1-b337-486f-806d-21fa41d201d5/element 200 3080 ms - 122 
2017-05-18 08:58:33:159 - [HTTP] --> GET /wd/hub/session/5c0c5ce1-b337-486f-806d-21fa41d201d5/element/b3a0f28c-ed4f-4b28-a510-38ae67618a18/displayed {}
2017-05-18 08:58:33:160 - [debug] [MJSONWP] Calling AppiumDriver.elementDisplayed() with args: ["b3a0f28c-ed4f-4b28-a510-38ae67618a18","5c0c5ce1-b337-486f-806d-21fa41d201d5"]
2017-05-18 08:58:33:169 - [debug] [JSONWP Proxy] Proxying [GET /element/b3a0f28c-ed4f-4b28-a510-38ae67618a18/attribute/displayed] to [GET http://localhost:8200/wd/hub/session/04e0e652-8103-43b4-95bf-b34cccffbda5/element/b3a0f28c-ed4f-4b28-a510-38ae67618a18/attribute/displayed] with body: {}
2017-05-18 08:58:33:186 - [debug] [JSONWP Proxy] Got response with status 200: "{\"sessionId\":\"04e0e652-8103-43b4-95bf-b34cccffbda5\",\"status\":0,\"value\":true}"
2017-05-18 08:58:33:188 - [debug] [MJSONWP] Responding to client with driver.elementDisplayed() result: true
2017-05-18 08:58:33:190 - [HTTP] <-- GET /wd/hub/session/5c0c5ce1-b337-486f-806d-21fa41d201d5/element/b3a0f28c-ed4f-4b28-a510-38ae67618a18/displayed 200 31 ms - 76 
2017-05-18 08:58:33:193 - [HTTP] --> GET /wd/hub/session/5c0c5ce1-b337-486f-806d-21fa41d201d5/element/b3a0f28c-ed4f-4b28-a510-38ae67618a18/enabled {}
2017-05-18 08:58:33:194 - [debug] [MJSONWP] Calling AppiumDriver.elementEnabled() with args: ["b3a0f28c-ed4f-4b28-a510-38ae67618a18","5c0c5ce1-b337-486f-806d-21fa41d201d5"]
2017-05-18 08:58:33:196 - [debug] [JSONWP Proxy] Proxying [GET /element/b3a0f28c-ed4f-4b28-a510-38ae67618a18/attribute/enabled] to [GET http://localhost:8200/wd/hub/session/04e0e652-8103-43b4-95bf-b34cccffbda5/element/b3a0f28c-ed4f-4b28-a510-38ae67618a18/attribute/enabled] with body: {}
2017-05-18 08:58:33:210 - [debug] [JSONWP Proxy] Got response with status 200: "{\"sessionId\":\"04e0e652-8103-43b4-95bf-b34cccffbda5\",\"status\":0,\"value\":true}"
2017-05-18 08:58:33:211 - [debug] [MJSONWP] Responding to client with driver.elementEnabled() result: true
2017-05-18 08:58:33:212 - [HTTP] <-- GET /wd/hub/session/5c0c5ce1-b337-486f-806d-21fa41d201d5/element/b3a0f28c-ed4f-4b28-a510-38ae67618a18/enabled 200 19 ms - 76 
2017-05-18 08:58:33:218 - [HTTP] --> POST /wd/hub/session/5c0c5ce1-b337-486f-806d-21fa41d201d5/element/b3a0f28c-ed4f-4b28-a510-38ae67618a18/click {"sessionId":"5c0c5ce1-b337-486f-806d-21fa41d201d5","id":"b3a0f28c-ed4f-4b28-a510-38ae67618a18"}
2017-05-18 08:58:33:218 - [debug] [MJSONWP] Calling AppiumDriver.click() with args: ["b3a0f28c-ed4f-4b28-a510-38ae67618a18","5c0c5ce1-b337-486f-806d-21fa41d201d5"]
2017-05-18 08:58:33:221 - [debug] [JSONWP Proxy] Proxying [POST /element/b3a0f28c-ed4f-4b28-a510-38ae67618a18/click] to [POST http://localhost:8200/wd/hub/session/04e0e652-8103-43b4-95bf-b34cccffbda5/element/b3a0f28c-ed4f-4b28-a510-38ae67618a18/click] with body: {"elementId":"b3a0f28c-ed4f-4b28-a510-38ae67618a18"}
2017-05-18 08:58:33:248 - [debug] [JSONWP Proxy] Got response with status 200: {"sessionId":"04e0e652-8103-43b4-95bf-b34cccffbda5","status":0,"value":true}
2017-05-18 08:58:33:250 - [debug] [MJSONWP] Responding to client with driver.click() result: true
2017-05-18 08:58:33:251 - [HTTP] <-- POST /wd/hub/session/5c0c5ce1-b337-486f-806d-21fa41d201d5/element/b3a0f28c-ed4f-4b28-a510-38ae67618a18/click 200 33 ms - 76 
2017-05-18 08:58:35:317 - [HTTP] --> POST /wd/hub/session/5c0c5ce1-b337-486f-806d-21fa41d201d5/element {"using":"id","sessionId":"5c0c5ce1-b337-486f-806d-21fa41d201d5","value":"com.boco.apphall:id/rb_mine"}
2017-05-18 08:58:35:317 - [debug] [MJSONWP] Calling AppiumDriver.findElement() with args: ["id","com.boco.apphall:id/rb_mine","5c0c5ce1-b337-486f-806d-21fa41d201d5"]
2017-05-18 08:58:35:319 - [debug] [BaseDriver] Valid locator strategies for this request: xpath, id, class name, accessibility id, -android uiautomator
2017-05-18 08:58:35:319 - [debug] [BaseDriver] Valid locator strategies for this request: xpath, id, class name, accessibility id, -android uiautomator
2017-05-18 08:58:35:320 - [debug] [BaseDriver] Waiting up to 30000 ms for condition
2017-05-18 08:58:35:320 - [debug] [JSONWP Proxy] Proxying [POST /element] to [POST http://localhost:8200/wd/hub/session/04e0e652-8103-43b4-95bf-b34cccffbda5/element] with body: {"strategy":"id","selector":"com.boco.apphall:id/rb_mine","context":"","multiple":false}
2017-05-18 08:58:35:435 - [debug] [JSONWP Proxy] Got response with status 200: {"sessionId":"04e0e652-8103-43b4-95bf-b34cccffbda5","status":0,"value":{"ELEMENT":"b7d707d9-4082-474c-ae18-5af5c0358225"}}
2017-05-18 08:58:35:436 - [debug] [MJSONWP] Responding to client with driver.findElement() result: {"ELEMENT":"b7d707d9-4082-474c-ae18-5af5c0358225"}
2017-05-18 08:58:35:436 - [HTTP] <-- POST /wd/hub/session/5c0c5ce1-b337-486f-806d-21fa41d201d5/element 200 120 ms - 122 
2017-05-18 08:58:35:438 - [HTTP] --> GET /wd/hub/session/5c0c5ce1-b337-486f-806d-21fa41d201d5/element/b7d707d9-4082-474c-ae18-5af5c0358225/displayed {}
2017-05-18 08:58:35:439 - [debug] [MJSONWP] Calling AppiumDriver.elementDisplayed() with args: ["b7d707d9-4082-474c-ae18-5af5c0358225","5c0c5ce1-b337-486f-806d-21fa41d201d5"]
2017-05-18 08:58:35:441 - [debug] [JSONWP Proxy] Proxying [GET /element/b7d707d9-4082-474c-ae18-5af5c0358225/attribute/displayed] to [GET http://localhost:8200/wd/hub/session/04e0e652-8103-43b4-95bf-b34cccffbda5/element/b7d707d9-4082-474c-ae18-5af5c0358225/attribute/displayed] with body: {}
2017-05-18 08:58:35:449 - [debug] [JSONWP Proxy] Got response with status 200: "{\"sessionId\":\"04e0e652-8103-43b4-95bf-b34cccffbda5\",\"status\":0,\"value\":true}"
2017-05-18 08:58:35:449 - [debug] [MJSONWP] Responding to client with driver.elementDisplayed() result: true
2017-05-18 08:58:35:450 - [HTTP] <-- GET /wd/hub/session/5c0c5ce1-b337-486f-806d-21fa41d201d5/element/b7d707d9-4082-474c-ae18-5af5c0358225/displayed 200 11 ms - 76 
2017-05-18 08:58:35:452 - [HTTP] --> GET /wd/hub/session/5c0c5ce1-b337-486f-806d-21fa41d201d5/element/b7d707d9-4082-474c-ae18-5af5c0358225/enabled {}
2017-05-18 08:58:35:452 - [debug] [MJSONWP] Calling AppiumDriver.elementEnabled() with args: ["b7d707d9-4082-474c-ae18-5af5c0358225","5c0c5ce1-b337-486f-806d-21fa41d201d5"]
2017-05-18 08:58:35:453 - [debug] [JSONWP Proxy] Proxying [GET /element/b7d707d9-4082-474c-ae18-5af5c0358225/attribute/enabled] to [GET http://localhost:8200/wd/hub/session/04e0e652-8103-43b4-95bf-b34cccffbda5/element/b7d707d9-4082-474c-ae18-5af5c0358225/attribute/enabled] with body: {}
2017-05-18 08:58:35:460 - [debug] [JSONWP Proxy] Got response with status 200: "{\"sessionId\":\"04e0e652-8103-43b4-95bf-b34cccffbda5\",\"status\":0,\"value\":true}"
2017-05-18 08:58:35:461 - [debug] [MJSONWP] Responding to client with driver.elementEnabled() result: true
2017-05-18 08:58:35:462 - [HTTP] <-- GET /wd/hub/session/5c0c5ce1-b337-486f-806d-21fa41d201d5/element/b7d707d9-4082-474c-ae18-5af5c0358225/enabled 200 10 ms - 76 
2017-05-18 08:58:35:463 - [HTTP] --> POST /wd/hub/session/5c0c5ce1-b337-486f-806d-21fa41d201d5/element/b7d707d9-4082-474c-ae18-5af5c0358225/click {"sessionId":"5c0c5ce1-b337-486f-806d-21fa41d201d5","id":"b7d707d9-4082-474c-ae18-5af5c0358225"}
2017-05-18 08:58:35:463 - [debug] [MJSONWP] Calling AppiumDriver.click() with args: ["b7d707d9-4082-474c-ae18-5af5c0358225","5c0c5ce1-b337-486f-806d-21fa41d201d5"]
2017-05-18 08:58:35:465 - [debug] [JSONWP Proxy] Proxying [POST /element/b7d707d9-4082-474c-ae18-5af5c0358225/click] to [POST http://localhost:8200/wd/hub/session/04e0e652-8103-43b4-95bf-b34cccffbda5/element/b7d707d9-4082-474c-ae18-5af5c0358225/click] with body: {"elementId":"b7d707d9-4082-474c-ae18-5af5c0358225"}
2017-05-18 08:58:35:479 - [debug] [JSONWP Proxy] Got response with status 200: {"sessionId":"04e0e652-8103-43b4-95bf-b34cccffbda5","status":0,"value":true}
2017-05-18 08:58:35:480 - [debug] [MJSONWP] Responding to client with driver.click() result: true
2017-05-18 08:58:35:481 - [HTTP] <-- POST /wd/hub/session/5c0c5ce1-b337-486f-806d-21fa41d201d5/element/b7d707d9-4082-474c-ae18-5af5c0358225/click 200 17 ms - 76 
2017-05-18 08:58:37:536 - [HTTP] --> POST /wd/hub/session/5c0c5ce1-b337-486f-806d-21fa41d201d5/element {"using":"xpath","sessionId":"5c0c5ce1-b337-486f-806d-21fa41d201d5","value":"//*[@text='分享']"}
2017-05-18 08:58:37:537 - [debug] [MJSONWP] Calling AppiumDriver.findElement() with args: ["xpath","//*[@text='分享']","5c0c5ce1-b337-486f-806d-21fa41d201d5"]
2017-05-18 08:58:37:541 - [debug] [BaseDriver] Valid locator strategies for this request: xpath, id, class name, accessibility id, -android uiautomator
2017-05-18 08:58:37:542 - [debug] [BaseDriver] Valid locator strategies for this request: xpath, id, class name, accessibility id, -android uiautomator
2017-05-18 08:58:37:542 - [debug] [BaseDriver] Waiting up to 30000 ms for condition
2017-05-18 08:58:37:543 - [debug] [JSONWP Proxy] Proxying [POST /element] to [POST http://localhost:8200/wd/hub/session/04e0e652-8103-43b4-95bf-b34cccffbda5/element] with body: {"strategy":"xpath","selector":"//*[@text='分享']","context":"","multiple":false}
2017-05-18 08:58:37:991 - [debug] [JSONWP Proxy] Got response with status 200: {"sessionId":"04e0e652-8103-43b4-95bf-b34cccffbda5","status":0,"value":{"ELEMENT":"36a85783-a06c-4346-bdcc-067fa68750e0"}}
2017-05-18 08:58:37:991 - [debug] [MJSONWP] Responding to client with driver.findElement() result: {"ELEMENT":"36a85783-a06c-4346-bdcc-067fa68750e0"}
2017-05-18 08:58:37:992 - [HTTP] <-- POST /wd/hub/session/5c0c5ce1-b337-486f-806d-21fa41d201d5/element 200 456 ms - 122 
2017-05-18 08:58:37:994 - [HTTP] --> GET /wd/hub/session/5c0c5ce1-b337-486f-806d-21fa41d201d5/element/36a85783-a06c-4346-bdcc-067fa68750e0/displayed {}
2017-05-18 08:58:37:994 - [debug] [MJSONWP] Calling AppiumDriver.elementDisplayed() with args: ["36a85783-a06c-4346-bdcc-067fa68750e0","5c0c5ce1-b337-486f-806d-21fa41d201d5"]
2017-05-18 08:58:37:997 - [debug] [JSONWP Proxy] Proxying [GET /element/36a85783-a06c-4346-bdcc-067fa68750e0/attribute/displayed] to [GET http://localhost:8200/wd/hub/session/04e0e652-8103-43b4-95bf-b34cccffbda5/element/36a85783-a06c-4346-bdcc-067fa68750e0/attribute/displayed] with body: {}
2017-05-18 08:58:38:004 - [debug] [JSONWP Proxy] Got response with status 200: "{\"sessionId\":\"04e0e652-8103-43b4-95bf-b34cccffbda5\",\"status\":0,\"value\":true}"
2017-05-18 08:58:38:005 - [debug] [MJSONWP] Responding to client with driver.elementDisplayed() result: true
2017-05-18 08:58:38:006 - [HTTP] <-- GET /wd/hub/session/5c0c5ce1-b337-486f-806d-21fa41d201d5/element/36a85783-a06c-4346-bdcc-067fa68750e0/displayed 200 11 ms - 76 
2017-05-18 08:58:38:009 - [HTTP] --> GET /wd/hub/session/5c0c5ce1-b337-486f-806d-21fa41d201d5/element/36a85783-a06c-4346-bdcc-067fa68750e0/enabled {}
2017-05-18 08:58:38:010 - [debug] [MJSONWP] Calling AppiumDriver.elementEnabled() with args: ["36a85783-a06c-4346-bdcc-067fa68750e0","5c0c5ce1-b337-486f-806d-21fa41d201d5"]
2017-05-18 08:58:38:012 - [debug] [JSONWP Proxy] Proxying [GET /element/36a85783-a06c-4346-bdcc-067fa68750e0/attribute/enabled] to [GET http://localhost:8200/wd/hub/session/04e0e652-8103-43b4-95bf-b34cccffbda5/element/36a85783-a06c-4346-bdcc-067fa68750e0/attribute/enabled] with body: {}
2017-05-18 08:58:38:018 - [debug] [JSONWP Proxy] Got response with status 200: "{\"sessionId\":\"04e0e652-8103-43b4-95bf-b34cccffbda5\",\"status\":0,\"value\":true}"
2017-05-18 08:58:38:018 - [debug] [MJSONWP] Responding to client with driver.elementEnabled() result: true
2017-05-18 08:58:38:019 - [HTTP] <-- GET /wd/hub/session/5c0c5ce1-b337-486f-806d-21fa41d201d5/element/36a85783-a06c-4346-bdcc-067fa68750e0/enabled 200 10 ms - 76 
2017-05-18 08:58:38:021 - [HTTP] --> POST /wd/hub/session/5c0c5ce1-b337-486f-806d-21fa41d201d5/element/36a85783-a06c-4346-bdcc-067fa68750e0/click {"sessionId":"5c0c5ce1-b337-486f-806d-21fa41d201d5","id":"36a85783-a06c-4346-bdcc-067fa68750e0"}
2017-05-18 08:58:38:021 - [debug] [MJSONWP] Calling AppiumDriver.click() with args: ["36a85783-a06c-4346-bdcc-067fa68750e0","5c0c5ce1-b337-486f-806d-21fa41d201d5"]
2017-05-18 08:58:38:022 - [debug] [JSONWP Proxy] Proxying [POST /element/36a85783-a06c-4346-bdcc-067fa68750e0/click] to [POST http://localhost:8200/wd/hub/session/04e0e652-8103-43b4-95bf-b34cccffbda5/element/36a85783-a06c-4346-bdcc-067fa68750e0/click] with body: {"elementId":"36a85783-a06c-4346-bdcc-067fa68750e0"}
2017-05-18 08:58:38:039 - [debug] [JSONWP Proxy] Got response with status 200: {"sessionId":"04e0e652-8103-43b4-95bf-b34cccffbda5","status":0,"value":true}
2017-05-18 08:58:38:040 - [debug] [MJSONWP] Responding to client with driver.click() result: true
2017-05-18 08:58:38:040 - [HTTP] <-- POST /wd/hub/session/5c0c5ce1-b337-486f-806d-21fa41d201d5/element/36a85783-a06c-4346-bdcc-067fa68750e0/click 200 20 ms - 76 
2017-05-18 08:58:40:082 - [HTTP] --> POST /wd/hub/session/5c0c5ce1-b337-486f-806d-21fa41d201d5/element {"using":"xpath","sessionId":"5c0c5ce1-b337-486f-806d-21fa41d201d5","value":"//*[@text='二维码分享']"}
2017-05-18 08:58:40:082 - [debug] [MJSONWP] Calling AppiumDriver.findElement() with args: ["xpath","//*[@text='二维码分享']","5c0c5ce1-b337-486f-806d-21fa41d201d5"]
2017-05-18 08:58:40:086 - [debug] [BaseDriver] Valid locator strategies for this request: xpath, id, class name, accessibility id, -android uiautomator
2017-05-18 08:58:40:087 - [debug] [BaseDriver] Valid locator strategies for this request: xpath, id, class name, accessibility id, -android uiautomator
2017-05-18 08:58:40:087 - [debug] [BaseDriver] Waiting up to 30000 ms for condition
2017-05-18 08:58:40:088 - [debug] [JSONWP Proxy] Proxying [POST /element] to [POST http://localhost:8200/wd/hub/session/04e0e652-8103-43b4-95bf-b34cccffbda5/element] with body: {"strategy":"xpath","selector":"//*[@text='二维码分享']","context":"","multiple":false}
2017-05-18 08:58:40:152 - [debug] [JSONWP Proxy] Got response with status 200: {"sessionId":"04e0e652-8103-43b4-95bf-b34cccffbda5","status":0,"value":{"ELEMENT":"db02f82c-89c3-4a7e-a66f-d433ea331e44"}}
2017-05-18 08:58:40:154 - [debug] [MJSONWP] Responding to client with driver.findElement() result: {"ELEMENT":"db02f82c-89c3-4a7e-a66f-d433ea331e44"}
2017-05-18 08:58:40:155 - [HTTP] <-- POST /wd/hub/session/5c0c5ce1-b337-486f-806d-21fa41d201d5/element 200 74 ms - 122 
2017-05-18 08:58:40:157 - [HTTP] --> GET /wd/hub/session/5c0c5ce1-b337-486f-806d-21fa41d201d5/element/db02f82c-89c3-4a7e-a66f-d433ea331e44/displayed {}
2017-05-18 08:58:40:158 - [debug] [MJSONWP] Calling AppiumDriver.elementDisplayed() with args: ["db02f82c-89c3-4a7e-a66f-d433ea331e44","5c0c5ce1-b337-486f-806d-21fa41d201d5"]
2017-05-18 08:58:40:161 - [debug] [JSONWP Proxy] Proxying [GET /element/db02f82c-89c3-4a7e-a66f-d433ea331e44/attribute/displayed] to [GET http://localhost:8200/wd/hub/session/04e0e652-8103-43b4-95bf-b34cccffbda5/element/db02f82c-89c3-4a7e-a66f-d433ea331e44/attribute/displayed] with body: {}
2017-05-18 08:58:40:172 - [debug] [JSONWP Proxy] Got response with status 200: "{\"sessionId\":\"04e0e652-8103-43b4-95bf-b34cccffbda5\",\"status\":0,\"value\":true}"
2017-05-18 08:58:40:172 - [debug] [MJSONWP] Responding to client with driver.elementDisplayed() result: true
2017-05-18 08:58:40:173 - [HTTP] <-- GET /wd/hub/session/5c0c5ce1-b337-486f-806d-21fa41d201d5/element/db02f82c-89c3-4a7e-a66f-d433ea331e44/displayed 200 15 ms - 76 
2017-05-18 08:58:40:176 - [HTTP] --> GET /wd/hub/session/5c0c5ce1-b337-486f-806d-21fa41d201d5/element/db02f82c-89c3-4a7e-a66f-d433ea331e44/enabled {}
2017-05-18 08:58:40:176 - [debug] [MJSONWP] Calling AppiumDriver.elementEnabled() with args: ["db02f82c-89c3-4a7e-a66f-d433ea331e44","5c0c5ce1-b337-486f-806d-21fa41d201d5"]
2017-05-18 08:58:40:178 - [debug] [JSONWP Proxy] Proxying [GET /element/db02f82c-89c3-4a7e-a66f-d433ea331e44/attribute/enabled] to [GET http://localhost:8200/wd/hub/session/04e0e652-8103-43b4-95bf-b34cccffbda5/element/db02f82c-89c3-4a7e-a66f-d433ea331e44/attribute/enabled] with body: {}
2017-05-18 08:58:40:189 - [debug] [JSONWP Proxy] Got response with status 200: "{\"sessionId\":\"04e0e652-8103-43b4-95bf-b34cccffbda5\",\"status\":0,\"value\":true}"
2017-05-18 08:58:40:189 - [debug] [MJSONWP] Responding to client with driver.elementEnabled() result: true
2017-05-18 08:58:40:190 - [HTTP] <-- GET /wd/hub/session/5c0c5ce1-b337-486f-806d-21fa41d201d5/element/db02f82c-89c3-4a7e-a66f-d433ea331e44/enabled 200 14 ms - 76 
2017-05-18 08:58:40:192 - [HTTP] --> POST /wd/hub/session/5c0c5ce1-b337-486f-806d-21fa41d201d5/element/db02f82c-89c3-4a7e-a66f-d433ea331e44/click {"sessionId":"5c0c5ce1-b337-486f-806d-21fa41d201d5","id":"db02f82c-89c3-4a7e-a66f-d433ea331e44"}
2017-05-18 08:58:40:192 - [debug] [MJSONWP] Calling AppiumDriver.click() with args: ["db02f82c-89c3-4a7e-a66f-d433ea331e44","5c0c5ce1-b337-486f-806d-21fa41d201d5"]
2017-05-18 08:58:40:194 - [debug] [JSONWP Proxy] Proxying [POST /element/db02f82c-89c3-4a7e-a66f-d433ea331e44/click] to [POST http://localhost:8200/wd/hub/session/04e0e652-8103-43b4-95bf-b34cccffbda5/element/db02f82c-89c3-4a7e-a66f-d433ea331e44/click] with body: {"elementId":"db02f82c-89c3-4a7e-a66f-d433ea331e44"}
2017-05-18 08:58:40:215 - [debug] [JSONWP Proxy] Got response with status 200: {"sessionId":"04e0e652-8103-43b4-95bf-b34cccffbda5","status":0,"value":true}
2017-05-18 08:58:40:215 - [debug] [MJSONWP] Responding to client with driver.click() result: true
2017-05-18 08:58:40:216 - [HTTP] <-- POST /wd/hub/session/5c0c5ce1-b337-486f-806d-21fa41d201d5/element/db02f82c-89c3-4a7e-a66f-d433ea331e44/click 200 24 ms - 76 
2017-05-18 08:58:41:722 - [HTTP] --> POST /wd/hub/session/5c0c5ce1-b337-486f-806d-21fa41d201d5/back {"sessionId":"5c0c5ce1-b337-486f-806d-21fa41d201d5"}
2017-05-18 08:58:41:724 - [MJSONWP] Driver proxy active, passing request on via HTTP proxy
2017-05-18 08:58:41:733 - [debug] [JSONWP Proxy] Proxying [POST /wd/hub/session/5c0c5ce1-b337-486f-806d-21fa41d201d5/back] to [POST http://localhost:8200/wd/hub/session/04e0e652-8103-43b4-95bf-b34cccffbda5/back] with body: {"sessionId":"5c0c5ce1-b337-486f-806d-21fa41d201d5"}
Error: write EPIPE
    at exports._errnoException (util.js:1023:11)
    at Socket._writeGeneric (net.js:715:26)
    at Socket._write (net.js:734:8)
    at doWrite (_stream_writable.js:329:12)
    at writeOrBuffer (_stream_writable.js:315:5)
    at Socket.Writable.write (_stream_writable.js:241:11)
    at Socket.write (net.js:661:40)
    at Socket.stream.write (C:\Users\Chialin\AppData\Roaming\npm\node_modules\appium\node_modules\ansi\lib\newlines.js:36:21)
    at exports.Console.Console.log (C:\Users\Chialin\AppData\Roaming\npm\node_modules\appium\node_modules\winston\lib\winston\transports\console.js:119:20)
    at transportLog (C:\Users\Chialin\AppData\Roaming\npm\node_modules\appium\node_modules\winston\lib\winston\logger.js:234:15)
    at C:\Users\Chialin\AppData\Roaming\npm\node_modules\appium\node_modules\winston\node_modules\async\lib\async.js:157:13
    at _each (C:\Users\Chialin\AppData\Roaming\npm\node_modules\appium\node_modules\winston\node_modules\async\lib\async.js:57:9)
    at Object.async.each (C:\Users\Chialin\AppData\Roaming\npm\node_modules\appium\node_modules\winston\node_modules\async\lib\async.js:156:9)
    at exports.Logger.Logger.log (C:\Users\Chialin\AppData\Roaming\npm\node_modules\appium\node_modules\winston\lib\winston\logger.js:246:9)
    at exports.Logger.target.(anonymous function) [as error] (C:\Users\Chialin\AppData\Roaming\npm\node_modules\appium\node_modules\winston\lib\winston\common.js:54:18)
    at EventEmitter.<anonymous> (../../lib/logsink.js:199:25)
    at emitOne (events.js:96:13)
    at EventEmitter.emit (events.js:189:7)
    at EventEmitter.<anonymous> (C:\Users\Chialin\AppData\Roaming\npm\node_modules\appium\node_modules\npmlog\log.js:158:8)
    at EventEmitter.<anonymous> (C:\Users\Chialin\AppData\Roaming\npm\node_modules\appium\node_modules\npmlog\log.js:231:21)
    at asyncHandler$ (../../../lib/mjsonwp/mjsonwp.js:263:13)
    at tryCatch (C:\Users\Chialin\AppData\Roaming\npm\node_modules\appium\node_modules\babel-runtime\regenerator\runtime.js:67:40)
    at GeneratorFunctionPrototype.invoke [as _invoke] (C:\Users\Chialin\AppData\Roaming\npm\node_modules\appium\node_modules\babel-runtime\regenerator\runtime.js:315:22)
    at GeneratorFunctionPrototype.prototype.(anonymous function) [as throw] (C:\Users\Chialin\AppData\Roaming\npm\node_modules\appium\node_modules\babel-runtime\regenerator\runtime.js:100:21)
    at GeneratorFunctionPrototype.invoke (C:\Users\Chialin\AppData\Roaming\npm\node_modules\appium\node_modules\babel-runtime\regenerator\runtime.js:136:37)
