2017-05-22 16:20:53:527 - [Appium] Welcome to Appium v1.6.3
2017-05-22 16:20:53:528 - [Appium] Non-default server args:
2017-05-22 16:20:53:530 - [Appium]   address: '127.0.0.1'
2017-05-22 16:20:53:530 - [Appium]   sessionOverride: true
2017-05-22 16:20:53:531 - [Appium]   logTimestamp: true
2017-05-22 16:20:53:531 - [Appium]   localTimezone: true
2017-05-22 16:20:53:567 - [Appium] Appium REST http interface listener started on 127.0.0.1:4723
2017-05-22 16:21:09:738 - [HTTP] --> POST /wd/hub/session {"capabilities":{"alwaysMatch":{"deviceName":"D:\\Test_dir\\\\AppHall_GuangXi.apk","sessionOverride":true,"unicodeKeyboard":true,"udid":true,"app":"D:\\code\\AppiumHq\\page\\com.boco.apphall","newCommandTimeout":180,"noSign":true,"resetKeyboard":true,"platformVersion":"vbox86p","appPackage":"com.boco.apphall.login.WelcomActivity","platformName":"4.4.2","appActivity":"127.0.0.1:62001"},"firstMatch":[]},"desiredCapabilities":{"deviceName":"D:\\Test_dir\\\\AppHall_GuangXi.apk","sessionOverride":true,"unicodeKeyboard":true,"udid":true,"app":"D:\\code\\AppiumHq\\page\\com.boco.apphall","resetKeyboard":true,"platformVersion":"vbox86p","newCommandTimeout":180,"noSign":true,"appPackage":"com.boco.apphall.login.WelcomActivity","platformName":"4.4.2","appActivity":"127.0.0.1:62001"}}
2017-05-22 16:21:09:742 - [debug] [MJSONWP] Calling AppiumDriver.createSession() with args: [{"deviceName":"D:\\Test_dir\\\\AppHall_GuangXi.apk","sessionOverride":true,"unicodeKeyboard":true,"udid":true,"app":"D:\\code\\AppiumHq\\page\\com.boco.apphall","resetKeyboard":true,"platformVersion":"vbox86p","newCommandTimeout":180,"noSign":true,"appPackage":"com.boco.apphall.login.WelcomActivity","platformName":"4.4.2","appActivity":"127.0.0.1:62001"},null,{"alwaysMatch":{"deviceName":"D:\\Test_dir\\\\AppHall_GuangXi.apk","sessionOverride":true,"unicodeKeyboard":true,"udid":true,"app":"D:\\code\\AppiumHq\\page\\com.boco.apphall","newCommandTimeout":180,"noSign":true,"resetKeyboard":true,"platformVersion":"vbox86p","appPackage":"com.boco.apphall.login.WelcomActivity","platformName":"4.4.2","appActivity":"127.0.0.1:62001"},"firstMatch":[]},null,null]
2017-05-22 16:21:09:774 - [HTTP] <-- POST /wd/hub/session 500 32 ms - 226 
2017-05-22 16:21:40:830 - [HTTP] --> POST /wd/hub/session {"capabilities":{"alwaysMatch":{"deviceName":"vbox86p","sessionOverride":true,"unicodeKeyboard":true,"udid":"127.0.0.1:62001","app":"D:\\Test_dir\\AppHall_GuangXi.apk","newCommandTimeout":180,"noSign":true,"resetKeyboard":true,"platformVersion":"4.4.2","appPackage":"com.boco.apphall","platformName":"Android","appActivity":"com.boco.apphall.login.WelcomActivity"},"firstMatch":[]},"desiredCapabilities":{"deviceName":"vbox86p","sessionOverride":true,"unicodeKeyboard":true,"udid":"127.0.0.1:62001","app":"D:\\Test_dir\\AppHall_GuangXi.apk","resetKeyboard":true,"platformVersion":"4.4.2","newCommandTimeout":180,"noSign":true,"appPackage":"com.boco.apphall","platformName":"Android","appActivity":"com.boco.apphall.login.WelcomActivity"}}
2017-05-22 16:21:40:831 - [debug] [MJSONWP] Calling AppiumDriver.createSession() with args: [{"deviceName":"vbox86p","sessionOverride":true,"unicodeKeyboard":true,"udid":"127.0.0.1:62001","app":"D:\\Test_dir\\AppHall_GuangXi.apk","resetKeyboard":true,"platformVersion":"4.4.2","newCommandTimeout":180,"noSign":true,"appPackage":"com.boco.apphall","platformName":"Android","appActivity":"com.boco.apphall.login.WelcomActivity"},null,{"alwaysMatch":{"deviceName":"vbox86p","sessionOverride":true,"unicodeKeyboard":true,"udid":"127.0.0.1:62001","app":"D:\\Test_dir\\AppHall_GuangXi.apk","newCommandTimeout":180,"noSign":true,"resetKeyboard":true,"platformVersion":"4.4.2","appPackage":"com.boco.apphall","platformName":"Android","appActivity":"com.boco.apphall.login.WelcomActivity"},"firstMatch":[]},null,null,null,null]
2017-05-22 16:21:40:832 - [Appium] Creating new AndroidDriver session
2017-05-22 16:21:40:832 - [Appium] Capabilities:
2017-05-22 16:21:40:834 - [Appium]   deviceName: 'vbox86p'
2017-05-22 16:21:40:834 - [Appium]   sessionOverride: true
2017-05-22 16:21:40:835 - [Appium]   unicodeKeyboard: true
2017-05-22 16:21:40:837 - [Appium]   udid: '127.0.0.1:62001'
2017-05-22 16:21:40:837 - [Appium]   app: 'D:\\Test_dir\\AppHall_GuangXi.apk'
2017-05-22 16:21:40:837 - [Appium]   resetKeyboard: true
2017-05-22 16:21:40:838 - [Appium]   platformVersion: '4.4.2'
2017-05-22 16:21:40:838 - [Appium]   newCommandTimeout: 180
2017-05-22 16:21:40:838 - [Appium]   noSign: true
2017-05-22 16:21:40:839 - [Appium]   appPackage: 'com.boco.apphall'
2017-05-22 16:21:40:839 - [Appium]   platformName: 'Android'
2017-05-22 16:21:40:839 - [Appium]   appActivity: 'com.boco.apphall.login.WelcomActivity'
2017-05-22 16:21:40:841 - [debug] [AndroidDriver] AndroidDriver version: 1.10.38
2017-05-22 16:21:40:848 - [BaseDriver] The following capabilities were provided, but are not recognized by appium: sessionOverride.
2017-05-22 16:21:40:864 - [BaseDriver] Session created with session id: aa57c7e4-cbd6-4d11-a6b5-9bd435ea45a1
2017-05-22 16:21:40:866 - [debug] [AndroidDriver] Getting Java version
2017-05-22 16:21:44:788 - [AndroidDriver] Java version is: 1.8.0_131
2017-05-22 16:21:44:792 - [ADB] Checking whether adb is present
2017-05-22 16:21:44:804 - [ADB] Using adb.exe from D:\AndroidSdk\platform-tools\adb.exe
2017-05-22 16:21:44:805 - [AndroidDriver] Retrieving device list
2017-05-22 16:21:44:806 - [debug] [ADB] Trying to find a connected android device
2017-05-22 16:21:44:807 - [debug] [ADB] Getting connected devices...
2017-05-22 16:21:46:123 - [debug] [ADB] 0 device(s) connected
2017-05-22 16:21:46:124 - [debug] [ADB] Could not find devices, restarting adb server...
2017-05-22 16:21:46:124 - [debug] [ADB] Restarting adb
2017-05-22 16:21:47:270 - [debug] [ADB] Getting connected devices...
2017-05-22 16:21:49:214 - [debug] [ADB] 0 device(s) connected
2017-05-22 16:21:49:214 - [debug] [ADB] Could not find devices, restarting adb server...
2017-05-22 16:21:49:214 - [debug] [ADB] Restarting adb
2017-05-22 16:21:50:227 - [debug] [ADB] Getting connected devices...
2017-05-22 16:21:55:035 - [debug] [ADB] 0 device(s) connected
2017-05-22 16:21:55:036 - [debug] [ADB] Could not find devices, restarting adb server...
2017-05-22 16:21:55:036 - [debug] [ADB] Restarting adb
2017-05-22 16:21:55:448 - [debug] [ADB] Getting connected devices...
2017-05-22 16:21:56:850 - [debug] [ADB] 0 device(s) connected
2017-05-22 16:21:56:850 - [debug] [ADB] Could not find devices, restarting adb server...
2017-05-22 16:21:56:851 - [debug] [ADB] Restarting adb
2017-05-22 16:21:57:086 - [debug] [ADB] Getting connected devices...
2017-05-22 16:22:01:239 - [debug] [ADB] 0 device(s) connected
2017-05-22 16:22:01:239 - [debug] [ADB] Could not find devices, restarting adb server...
2017-05-22 16:22:01:240 - [debug] [ADB] Restarting adb
2017-05-22 16:22:01:475 - [debug] [ADB] Getting connected devices...
2017-05-22 16:22:02:511 - [debug] [ADB] 0 device(s) connected
2017-05-22 16:22:02:512 - [debug] [ADB] Could not find devices, restarting adb server...
2017-05-22 16:22:02:512 - [debug] [ADB] Restarting adb
2017-05-22 16:22:02:753 - [debug] [ADB] Getting connected devices...
2017-05-22 16:22:06:887 - [debug] [ADB] 0 device(s) connected
2017-05-22 16:22:06:888 - [debug] [ADB] Could not find devices, restarting adb server...
2017-05-22 16:22:06:888 - [debug] [ADB] Restarting adb
2017-05-22 16:22:07:125 - [debug] [ADB] Could not find devices, restarting adb server...
2017-05-22 16:22:07:128 - [debug] [ADB] Restarting adb
2017-05-22 16:22:08:389 - [debug] [ADB] Could not find devices, restarting adb server...
2017-05-22 16:22:08:390 - [debug] [ADB] Restarting adb
2017-05-22 16:22:09:667 - [debug] [ADB] Could not find devices, restarting adb server...
2017-05-22 16:22:09:668 - [debug] [ADB] Restarting adb
2017-05-22 16:22:10:954 - [debug] [ADB] Could not find devices, restarting adb server...
2017-05-22 16:22:10:955 - [debug] [ADB] Restarting adb
2017-05-22 16:22:12:210 - [debug] [ADB] Could not find devices, restarting adb server...
2017-05-22 16:22:12:210 - [debug] [ADB] Restarting adb
2017-05-22 16:22:13:474 - [debug] [ADB] Could not find devices, restarting adb server...
2017-05-22 16:22:13:475 - [debug] [ADB] Restarting adb
2017-05-22 16:22:14:251 - [debug] [ADB] Could not find devices, restarting adb server...
2017-05-22 16:22:14:251 - [debug] [ADB] Restarting adb
2017-05-22 16:22:15:536 - [debug] [AndroidDriver] Shutting down Android driver
2017-05-22 16:22:15:537 - [debug] [AndroidDriver] Called deleteSession but bootstrap wasn't active
2017-05-22 16:22:15:583 - [HTTP] <-- POST /wd/hub/session 500 34747 ms - 179 
2017-05-22 16:22:35:608 - [HTTP] --> POST /wd/hub/session {"capabilities":{"alwaysMatch":{"deviceName":"D:\\Test_dir\\\\AppHall_GuangXi.apk","sessionOverride":true,"unicodeKeyboard":true,"udid":true,"app":"D:\\code\\AppiumHq\\page\\com.boco.apphall","newCommandTimeout":180,"noSign":true,"resetKeyboard":true,"platformVersion":"vbox86p","appPackage":"com.boco.apphall.login.WelcomActivity","platformName":"4.4.2","appActivity":"127.0.0.1:62001"},"firstMatch":[]},"desiredCapabilities":{"deviceName":"D:\\Test_dir\\\\AppHall_GuangXi.apk","sessionOverride":true,"unicodeKeyboard":true,"udid":true,"app":"D:\\code\\AppiumHq\\page\\com.boco.apphall","resetKeyboard":true,"platformVersion":"vbox86p","newCommandTimeout":180,"noSign":true,"appPackage":"com.boco.apphall.login.WelcomActivity","platformName":"4.4.2","appActivity":"127.0.0.1:62001"}}
2017-05-22 16:22:35:608 - [debug] [MJSONWP] Calling AppiumDriver.createSession() with args: [{"deviceName":"D:\\Test_dir\\\\AppHall_GuangXi.apk","sessionOverride":true,"unicodeKeyboard":true,"udid":true,"app":"D:\\code\\AppiumHq\\page\\com.boco.apphall","resetKeyboard":true,"platformVersion":"vbox86p","newCommandTimeout":180,"noSign":true,"appPackage":"com.boco.apphall.login.WelcomActivity","platformName":"4.4.2","appActivity":"127.0.0.1:62001"},null,{"alwaysMatch":{"deviceName":"D:\\Test_dir\\\\AppHall_GuangXi.apk","sessionOverride":true,"unicodeKeyboard":true,"udid":true,"app":"D:\\code\\AppiumHq\\page\\com.boco.apphall","newCommandTimeout":180,"noSign":true,"resetKeyboard":true,"platformVersion":"vbox86p","appPackage":"com.boco.apphall.login.WelcomActivity","platformName":"4.4.2","appActivity":"127.0.0.1:62001"},"firstMatch":[]},null,null,null,null,null,null]
2017-05-22 16:22:35:613 - [HTTP] <-- POST /wd/hub/session 500 4 ms - 226 
2017-05-22 16:23:30:746 - [HTTP] --> POST /wd/hub/session {"capabilities":{"alwaysMatch":{"deviceName":"vbox86p","sessionOverride":true,"unicodeKeyboard":true,"udid":"127.0.0.1:62001","app":"D:\\Test_dir\\AppHall_GuangXi.apk","newCommandTimeout":180,"noSign":true,"automationName":"Uiautomator2","resetKeyboard":true,"platformVersion":"4.4.2","appPackage":"com.boco.apphall","platformName":"Android","appActivity":"com.boco.apphall.login.WelcomActivity"},"firstMatch":[]},"desiredCapabilities":{"deviceName":"vbox86p","sessionOverride":true,"unicodeKeyboard":true,"udid":"127.0.0.1:62001","app":"D:\\Test_dir\\AppHall_GuangXi.apk","resetKeyboard":true,"appActivity":"com.boco.apphall.login.WelcomActivity","platformVersion":"4.4.2","newCommandTimeout":180,"noSign":true,"appPackage":"com.boco.apphall","platformName":"Android","automationName":"Uiautomator2"}}
2017-05-22 16:23:30:750 - [debug] [MJSONWP] Calling AppiumDriver.createSession() with args: [{"deviceName":"vbox86p","sessionOverride":true,"unicodeKeyboard":true,"udid":"127.0.0.1:62001","app":"D:\\Test_dir\\AppHall_GuangXi.apk","resetKeyboard":true,"appActivity":"com.boco.apphall.login.WelcomActivity","platformVersion":"4.4.2","newCommandTimeout":180,"noSign":true,"appPackage":"com.boco.apphall","platformName":"Android","automationName":"Uiautomator2"},null,{"alwaysMatch":{"deviceName":"vbox86p","sessionOverride":true,"unicodeKeyboard":true,"udid":"127.0.0.1:62001","app":"D:\\Test_dir\\AppHall_GuangXi.apk","newCommandTimeout":180,"noSign":true,"automationName":"Uiautomator2","resetKeyboard":true,"platformVersion":"4.4.2","appPackage":"com.boco.apphall","platformName":"Android","appActivity":"com.boco.apphall.login.WelcomActivity"},"firstMatch":[]},null,null,null,null,null,null,null,null]
2017-05-22 16:23:30:767 - [Appium] Creating new AndroidUiautomator2Driver session
2017-05-22 16:23:30:768 - [Appium] Capabilities:
2017-05-22 16:23:30:770 - [Appium]   deviceName: 'vbox86p'
2017-05-22 16:23:30:770 - [Appium]   sessionOverride: true
2017-05-22 16:23:30:770 - [Appium]   unicodeKeyboard: true
2017-05-22 16:23:30:770 - [Appium]   udid: '127.0.0.1:62001'
2017-05-22 16:23:30:771 - [Appium]   app: 'D:\\Test_dir\\AppHall_GuangXi.apk'
2017-05-22 16:23:30:771 - [Appium]   resetKeyboard: true
2017-05-22 16:23:30:771 - [Appium]   appActivity: 'com.boco.apphall.login.WelcomActivity'
2017-05-22 16:23:30:771 - [Appium]   platformVersion: '4.4.2'
2017-05-22 16:23:30:771 - [Appium]   newCommandTimeout: 180
2017-05-22 16:23:30:771 - [Appium]   noSign: true
2017-05-22 16:23:30:771 - [Appium]   appPackage: 'com.boco.apphall'
2017-05-22 16:23:30:772 - [Appium]   platformName: 'Android'
2017-05-22 16:23:30:772 - [Appium]   automationName: 'Uiautomator2'
2017-05-22 16:23:30:789 - [BaseDriver] The following capabilities were provided, but are not recognized by appium: sessionOverride.
2017-05-22 16:23:30:808 - [BaseDriver] Session created with session id: 0934fbe7-1203-4116-8413-088f176f17ef
2017-05-22 16:23:30:814 - [BaseDriver] Using local app 'D:\Test_dir\AppHall_GuangXi.apk'
2017-05-22 16:23:30:816 - [debug] [UiAutomator2] Checking whether app is actually present
2017-05-22 16:23:31:223 - [UiAutomator2] UIAutomator2 Driver version:0.2.3
2017-05-22 16:23:31:224 - [debug] [AndroidDriver] Getting Java version
2017-05-22 16:23:31:342 - [AndroidDriver] Java version is: 1.8.0_131
2017-05-22 16:23:31:345 - [ADB] Checking whether adb is present
2017-05-22 16:23:31:348 - [ADB] Using adb.exe from D:\AndroidSdk\platform-tools\adb.exe
2017-05-22 16:23:31:349 - [AndroidDriver] Retrieving device list
2017-05-22 16:23:31:349 - [debug] [ADB] Trying to find a connected android device
2017-05-22 16:23:31:349 - [debug] [ADB] Getting connected devices...
2017-05-22 16:23:31:373 - [debug] [ADB] 1 device(s) connected
2017-05-22 16:23:31:375 - [AndroidDriver] Using device: 127.0.0.1:62001
2017-05-22 16:23:31:376 - [ADB] Checking whether adb is present
2017-05-22 16:23:31:377 - [ADB] Using adb.exe from D:\AndroidSdk\platform-tools\adb.exe
2017-05-22 16:23:31:378 - [debug] [ADB] Setting device id to 127.0.0.1:62001
2017-05-22 16:23:31:380 - [ADB] Getting device platform version
2017-05-22 16:23:31:380 - [debug] [ADB] Getting connected devices...
2017-05-22 16:23:31:403 - [debug] [ADB] 1 device(s) connected
2017-05-22 16:23:31:406 - [debug] [ADB] Running 'D:\AndroidSdk\platform-tools\adb.exe' with args: ["-P",5037,"-s","127.0.0.1:62001","shell","getprop","ro.build.version.release"]
2017-05-22 16:23:31:438 - [debug] [ADB] Attempting to kill all io.appium.uiautomator2.server processes
2017-05-22 16:23:31:438 - [debug] [ADB] Getting all processes with io.appium.uiautomator2.server
2017-05-22 16:23:31:440 - [debug] [ADB] Getting connected devices...
2017-05-22 16:23:31:463 - [debug] [ADB] 1 device(s) connected
2017-05-22 16:23:31:464 - [debug] [ADB] Running 'D:\AndroidSdk\platform-tools\adb.exe' with args: ["-P",5037,"-s","127.0.0.1:62001","shell","ps"]
2017-05-22 16:23:31:497 - [ADB] No io.appium.uiautomator2.server process found to kill, continuing...
2017-05-22 16:23:31:499 - [debug] [ADB] Running 'D:\AndroidSdk\platform-tools\adb.exe' with args: ["-P",5037,"-s","127.0.0.1:62001","wait-for-device"]
2017-05-22 16:23:31:527 - [debug] [ADB] Getting connected devices...
2017-05-22 16:23:31:549 - [debug] [ADB] 1 device(s) connected
2017-05-22 16:23:31:551 - [debug] [ADB] Running 'D:\AndroidSdk\platform-tools\adb.exe' with args: ["-P",5037,"-s","127.0.0.1:62001","shell","echo","ping"]
2017-05-22 16:23:31:581 - [debug] [Logcat] Starting logcat capture
2017-05-22 16:23:31:608 - [debug] [ADB] Getting install status for io.appium.android.ime
2017-05-22 16:23:31:609 - [debug] [ADB] Getting connected devices...
2017-05-22 16:23:31:642 - [debug] [ADB] 1 device(s) connected
2017-05-22 16:23:31:642 - [debug] [ADB] Running 'D:\AndroidSdk\platform-tools\adb.exe' with args: ["-P",5037,"-s","127.0.0.1:62001","shell","getprop","ro.build.version.sdk"]
2017-05-22 16:23:31:686 - [debug] [ADB] Device API level: 19
2017-05-22 16:23:31:688 - [debug] [ADB] Getting connected devices...
2017-05-22 16:23:31:729 - [debug] [ADB] 1 device(s) connected
2017-05-22 16:23:31:730 - [debug] [ADB] Running 'D:\AndroidSdk\platform-tools\adb.exe' with args: ["-P",5037,"-s","127.0.0.1:62001","shell","pm","list","packages","-3","io.appium.android.ime"]
2017-05-22 16:23:32:291 - [debug] [ADB] App is  installed
2017-05-22 16:23:32:292 - [debug] [AndroidDriver] io.appium.android.ime is already installed,don't install
2017-05-22 16:23:32:293 - [debug] [ADB] Getting connected devices...
2017-05-22 16:23:32:350 - [debug] [ADB] 1 device(s) connected
2017-05-22 16:23:32:351 - [debug] [ADB] Running 'D:\AndroidSdk\platform-tools\adb.exe' with args: ["-P",5037,"-s","127.0.0.1:62001","shell","settings","get","secure","default_input_method"]
2017-05-22 16:23:32:924 - [debug] [AndroidDriver] Unsetting previous IME io.appium.android.ime/.UnicodeIME
2017-05-22 16:23:32:925 - [debug] [AndroidDriver] Setting IME to 'io.appium.android.ime/.UnicodeIME'
2017-05-22 16:23:32:926 - [debug] [ADB] Getting connected devices...
2017-05-22 16:23:32:954 - [debug] [ADB] 1 device(s) connected
2017-05-22 16:23:32:954 - [debug] [ADB] Running 'D:\AndroidSdk\platform-tools\adb.exe' with args: ["-P",5037,"-s","127.0.0.1:62001","shell","ime","enable","io.appium.android.ime/.UnicodeIME"]
2017-05-22 16:23:33:501 - [debug] [ADB] Getting connected devices...
2017-05-22 16:23:33:558 - [debug] [ADB] 1 device(s) connected
2017-05-22 16:23:33:559 - [debug] [ADB] Running 'D:\AndroidSdk\platform-tools\adb.exe' with args: ["-P",5037,"-s","127.0.0.1:62001","shell","ime","set","io.appium.android.ime/.UnicodeIME"]
2017-05-22 16:23:34:102 - [debug] [ADB] Getting install status for io.appium.settings
2017-05-22 16:23:34:102 - [debug] [ADB] Device API level: 19
2017-05-22 16:23:34:103 - [debug] [ADB] Getting connected devices...
2017-05-22 16:23:34:140 - [debug] [ADB] 1 device(s) connected
2017-05-22 16:23:34:141 - [debug] [ADB] Running 'D:\AndroidSdk\platform-tools\adb.exe' with args: ["-P",5037,"-s","127.0.0.1:62001","shell","pm","list","packages","-3","io.appium.settings"]
2017-05-22 16:23:35:218 - [debug] [ADB] App is  installed
2017-05-22 16:23:35:219 - [debug] [AndroidDriver] io.appium.settings is already installed,don't install
2017-05-22 16:23:35:219 - [debug] [ADB] Getting install status for io.appium.unlock
2017-05-22 16:23:35:219 - [debug] [ADB] Device API level: 19
2017-05-22 16:23:35:219 - [debug] [ADB] Getting connected devices...
2017-05-22 16:23:35:254 - [debug] [ADB] 1 device(s) connected
2017-05-22 16:23:35:255 - [debug] [ADB] Running 'D:\AndroidSdk\platform-tools\adb.exe' with args: ["-P",5037,"-s","127.0.0.1:62001","shell","pm","list","packages","-3","io.appium.unlock"]
2017-05-22 16:23:35:813 - [debug] [ADB] App is  installed
2017-05-22 16:23:35:814 - [debug] [AndroidDriver] io.appium.unlock is already installed,don't install
2017-05-22 16:23:35:814 - [debug] [UiAutomator2] Forwarding UiAutomator2 Server port 6790 to 8200
2017-05-22 16:23:35:815 - [debug] [ADB] Forwarding system: 8200 to device: 6790
2017-05-22 16:23:35:815 - [debug] [ADB] Running 'D:\AndroidSdk\platform-tools\adb.exe' with args: ["-P",5037,"-s","127.0.0.1:62001","forward","tcp:8200","tcp:6790"]
2017-05-22 16:23:35:851 - [debug] [ADB] Getting connected devices...
2017-05-22 16:23:35:876 - [debug] [ADB] 1 device(s) connected
2017-05-22 16:23:35:876 - [debug] [ADB] Running 'D:\AndroidSdk\platform-tools\adb.exe' with args: ["-P",5037,"-s","127.0.0.1:62001","shell","dumpsys","window"]
2017-05-22 16:23:35:917 - [AndroidDriver] Screen already unlocked, doing nothing
2017-05-22 16:23:35:918 - [debug] [AndroidDriver] Extracting strings from apk D:\Test_dir\AppHall_GuangXi.apk null C:\Users\Chialin\AppData\Local\Temp\com.boco.apphall
2017-05-22 16:23:35:919 - [debug] [ADB] Extracting strings for language: default
2017-05-22 16:23:35:919 - [debug] [ADB] Device API level: 19
2017-05-22 16:23:35:920 - [debug] [ADB] Getting connected devices...
2017-05-22 16:23:35:941 - [debug] [ADB] 1 device(s) connected
2017-05-22 16:23:35:941 - [debug] [ADB] Running 'D:\AndroidSdk\platform-tools\adb.exe' with args: ["-P",5037,"-s","127.0.0.1:62001","shell","getprop","persist.sys.language"]
2017-05-22 16:23:35:969 - [debug] [ADB] Current device property 'persist.sys.language': zh
2017-05-22 16:23:36:838 - [debug] [ADB] No strings.xml for language 'zh', getting default strings.xml
2017-05-22 16:23:37:576 - [debug] [ADB] Reading strings from converted strings.json
2017-05-22 16:23:37:579 - [debug] [ADB] Running 'D:\AndroidSdk\platform-tools\adb.exe' with args: ["-P",5037,"-s","127.0.0.1:62001","push","C:\\Users\\Chialin\\AppData\\Local\\Temp\\com.boco.apphall\\strings.json","/data/local/tmp"]
2017-05-22 16:23:37:814 - [AndroidDriver] Remote apk path is /data/local/tmp/fcbc973a20bb88deb18a6c7cafe82adc.apk
2017-05-22 16:23:37:815 - [debug] [ADB] Getting connected devices...
2017-05-22 16:23:37:857 - [debug] [ADB] 1 device(s) connected
2017-05-22 16:23:37:858 - [debug] [ADB] Running 'D:\AndroidSdk\platform-tools\adb.exe' with args: ["-P",5037,"-s","127.0.0.1:62001","shell","ls","/data/local/tmp/fcbc973a20bb88deb18a6c7cafe82adc.apk"]
2017-05-22 16:23:37:888 - [debug] [AndroidDriver] Checking if app is installed
2017-05-22 16:23:37:888 - [debug] [ADB] Getting install status for com.boco.apphall
2017-05-22 16:23:37:889 - [debug] [ADB] Device API level: 19
2017-05-22 16:23:37:889 - [debug] [ADB] Getting connected devices...
2017-05-22 16:23:37:914 - [debug] [ADB] 1 device(s) connected
2017-05-22 16:23:37:915 - [debug] [ADB] Running 'D:\AndroidSdk\platform-tools\adb.exe' with args: ["-P",5037,"-s","127.0.0.1:62001","shell","pm","list","packages","-3","com.boco.apphall"]
2017-05-22 16:23:38:453 - [debug] [ADB] App is  installed
2017-05-22 16:23:38:453 - [AndroidDriver] Apk is already on remote and installed, resetting
2017-05-22 16:23:38:455 - [debug] [AndroidDriver] Running fast reset (stop and clear)
2017-05-22 16:23:38:458 - [debug] [ADB] Getting connected devices...
2017-05-22 16:23:38:508 - [debug] [ADB] 1 device(s) connected
2017-05-22 16:23:38:508 - [debug] [ADB] Running 'D:\AndroidSdk\platform-tools\adb.exe' with args: ["-P",5037,"-s","127.0.0.1:62001","shell","am","force-stop","com.boco.apphall"]
2017-05-22 16:23:39:069 - [debug] [ADB] Getting connected devices...
2017-05-22 16:23:39:116 - [debug] [ADB] 1 device(s) connected
2017-05-22 16:23:39:117 - [debug] [ADB] Running 'D:\AndroidSdk\platform-tools\adb.exe' with args: ["-P",5037,"-s","127.0.0.1:62001","shell","pm","clear","com.boco.apphall"]
2017-05-22 16:23:39:711 - [ADB] Checking whether aapt is present
2017-05-22 16:23:39:714 - [ADB] Using aapt.exe from D:\AndroidSdk\build-tools\23.0.3\aapt.exe
2017-05-22 16:23:39:780 - [debug] [ADB] Getting install status for io.appium.uiautomator2.server
2017-05-22 16:23:39:780 - [debug] [ADB] Device API level: 19
2017-05-22 16:23:39:781 - [debug] [ADB] Getting connected devices...
2017-05-22 16:23:39:819 - [debug] [ADB] 1 device(s) connected
2017-05-22 16:23:39:820 - [debug] [ADB] Running 'D:\AndroidSdk\platform-tools\adb.exe' with args: ["-P",5037,"-s","127.0.0.1:62001","shell","pm","list","packages","-3","io.appium.uiautomator2.server"]
2017-05-22 16:23:40:356 - [debug] [ADB] App is  installed
2017-05-22 16:23:40:357 - [debug] [ADB] Getting install status for io.appium.uiautomator2.server.test
2017-05-22 16:23:40:358 - [debug] [ADB] Device API level: 19
2017-05-22 16:23:40:364 - [debug] [ADB] Getting connected devices...
2017-05-22 16:23:40:404 - [debug] [ADB] 1 device(s) connected
2017-05-22 16:23:40:404 - [debug] [ADB] Running 'D:\AndroidSdk\platform-tools\adb.exe' with args: ["-P",5037,"-s","127.0.0.1:62001","shell","pm","list","packages","-3","io.appium.uiautomator2.server.test"]
2017-05-22 16:23:40:951 - [debug] [ADB] App is  installed
2017-05-22 16:23:40:953 - [ADB] Checking whether aapt is present
2017-05-22 16:23:40:958 - [ADB] Using aapt.exe from D:\AndroidSdk\build-tools\23.0.3\aapt.exe
2017-05-22 16:23:40:999 - [debug] [ADB] Getting connected devices...
2017-05-22 16:23:41:022 - [debug] [ADB] 1 device(s) connected
2017-05-22 16:23:41:022 - [debug] [ADB] Running 'D:\AndroidSdk\platform-tools\adb.exe' with args: ["-P",5037,"-s","127.0.0.1:62001","shell","dumpsys","package","io.appium.uiautomator2.server"]
2017-05-22 16:23:41:057 - [debug] [ADB] Uninstalling io.appium.uiautomator2.server
2017-05-22 16:23:41:057 - [debug] [ADB] Getting connected devices...
2017-05-22 16:23:41:081 - [debug] [ADB] 1 device(s) connected
2017-05-22 16:23:41:082 - [debug] [ADB] Running 'D:\AndroidSdk\platform-tools\adb.exe' with args: ["-P",5037,"-s","127.0.0.1:62001","shell","am","force-stop","io.appium.uiautomator2.server"]
2017-05-22 16:23:41:613 - [debug] [ADB] Running 'D:\AndroidSdk\platform-tools\adb.exe' with args: ["-P",5037,"-s","127.0.0.1:62001","uninstall","io.appium.uiautomator2.server"]
2017-05-22 16:23:42:224 - [ADB] App was uninstalled
2017-05-22 16:23:42:225 - [debug] [ADB] Uninstalling io.appium.uiautomator2.server.test
2017-05-22 16:23:42:225 - [debug] [ADB] Getting connected devices...
2017-05-22 16:23:42:251 - [debug] [ADB] 1 device(s) connected
2017-05-22 16:23:42:252 - [debug] [ADB] Running 'D:\AndroidSdk\platform-tools\adb.exe' with args: ["-P",5037,"-s","127.0.0.1:62001","shell","am","force-stop","io.appium.uiautomator2.server.test"]
2017-05-22 16:23:42:776 - [debug] [ADB] Running 'D:\AndroidSdk\platform-tools\adb.exe' with args: ["-P",5037,"-s","127.0.0.1:62001","uninstall","io.appium.uiautomator2.server.test"]
2017-05-22 16:23:43:403 - [ADB] App was uninstalled
2017-05-22 16:23:43:404 - [debug] [ADB] Checking app cert for C:\Users\Chialin\AppData\Roaming\npm\node_modules\appium\node_modules\appium-uiautomator2-driver\uiautomator2\appium-uiautomator2-server-v0.0.8.apk.
2017-05-22 16:23:44:032 - [debug] [ADB] App already signed.
2017-05-22 16:23:44:032 - [debug] [ADB] Zip-aligning 'C:\Users\Chialin\AppData\Roaming\npm\node_modules\appium\node_modules\appium-uiautomator2-driver\uiautomator2\appium-uiautomator2-server-v0.0.8.apk'
2017-05-22 16:23:44:033 - [ADB] Checking whether zipalign is present
2017-05-22 16:23:44:035 - [ADB] Using zipalign.exe from D:\AndroidSdk\build-tools\23.0.3\zipalign.exe
2017-05-22 16:23:44:039 - [debug] [ADB] Zip-aligning apk.
2017-05-22 16:23:44:076 - [debug] [ADB] Running 'D:\AndroidSdk\platform-tools\adb.exe' with args: ["-P",5037,"-s","127.0.0.1:62001","install","-r","C:\\Users\\Chialin\\AppData\\Roaming\\npm\\node_modules\\appium\\node_modules\\appium-uiautomator2-driver\\uiautomator2\\appium-uiautomator2-server-v0.0.8.apk"]
2017-05-22 16:24:37:378 - [UiAutomator2] Installed UiAutomator2 server apk
2017-05-22 16:24:37:382 - [debug] [ADB] Checking app cert for C:\Users\Chialin\AppData\Roaming\npm\node_modules\appium\node_modules\appium-uiautomator2-driver\uiautomator2\appium-uiautomator2-server-debug-androidTest.apk.
2017-05-22 16:24:37:760 - [debug] [ADB] App already signed.
2017-05-22 16:24:37:761 - [debug] [ADB] Zip-aligning 'C:\Users\Chialin\AppData\Roaming\npm\node_modules\appium\node_modules\appium-uiautomator2-driver\uiautomator2\appium-uiautomator2-server-debug-androidTest.apk'
2017-05-22 16:24:37:761 - [ADB] Checking whether zipalign is present
2017-05-22 16:24:37:764 - [ADB] Using zipalign.exe from D:\AndroidSdk\build-tools\23.0.3\zipalign.exe
2017-05-22 16:24:37:771 - [debug] [ADB] Zip-aligning apk.
2017-05-22 16:24:37:805 - [debug] [ADB] Running 'D:\AndroidSdk\platform-tools\adb.exe' with args: ["-P",5037,"-s","127.0.0.1:62001","install","-r","C:\\Users\\Chialin\\AppData\\Roaming\\npm\\node_modules\\appium\\node_modules\\appium-uiautomator2-driver\\uiautomator2\\appium-uiautomator2-server-debug-androidTest.apk"]
2017-05-22 16:24:40:291 - [UiAutomator2] Installed UiAutomator2 server apk
2017-05-22 16:24:40:293 - [debug] [ADB] Attempting to kill all io.appium.uiautomator2.server processes
2017-05-22 16:24:40:294 - [debug] [ADB] Getting all processes with io.appium.uiautomator2.server
2017-05-22 16:24:40:295 - [debug] [ADB] Getting connected devices...
2017-05-22 16:24:40:325 - [debug] [ADB] 1 device(s) connected
2017-05-22 16:24:40:325 - [debug] [ADB] Running 'D:\AndroidSdk\platform-tools\adb.exe' with args: ["-P",5037,"-s","127.0.0.1:62001","shell","ps"]
2017-05-22 16:24:40:358 - [ADB] No io.appium.uiautomator2.server process found to kill, continuing...
2017-05-22 16:24:40:359 - [UiAutomator2] Starting uiautomator2 server v0.0.8 with cmd: am,instrument,-w,io.appium.uiautomator2.server.test/android.support.test.runner.AndroidJUnitRunner
2017-05-22 16:24:40:359 - [UiAutomator2] running command...
 adb -s 127.0.0.1:62001 shell am instrument -w io.appium.uiautomator2.server.test/android.support.test.runner.AndroidJUnitRunner... 
2017-05-22 16:24:40:361 - [UiAutomator2] Waiting for UiAutomator2 to be online...
2017-05-22 16:24:40:364 - [debug] [JSONWP Proxy] Proxying [GET /status] to [GET http://localhost:8200/wd/hub/status] with no body
2017-05-22 16:24:41:402 - [debug] [JSONWP Proxy] Proxying [GET /status] to [GET http://localhost:8200/wd/hub/status] with no body
2017-05-22 16:24:42:420 - [debug] [JSONWP Proxy] Proxying [GET /status] to [GET http://localhost:8200/wd/hub/status] with no body
2017-05-22 16:24:42:485 - [debug] [JSONWP Proxy] Got response with status 200: "{\"value\":\"Status Invoked\",\"status\":0,\"sessionId\":\"SESSIONID\"}"
2017-05-22 16:24:42:486 - [debug] [JSONWP Proxy] Proxying [POST /session] to [POST http://localhost:8200/wd/hub/session] with body: {"desiredCapabilities":{"platform":"LINUX","webStorageEnabled":false,"takesScreenshot":true,"javascriptEnabled":true,"databaseEnabled":false,"networkConnectionEnabled":true,"locationContextEnabled":false,"warnings":{},"desired":{"deviceName":"vbox86p","sessionOverride":true,"unicodeKeyboard":true,"udid":"127.0.0.1:62001","app":"D:\\Test_dir\\AppHall_GuangXi.apk","resetKeyboard":true,"appActivity":"com.boco.apphall.login.WelcomActivity","platformVersion":"4.4.2","newCommandTimeout":180,"noSign":true,"appPackage":"com.boco.apphall","platformName":"Android","automationName":"Uiautomator2"},"deviceName":"127.0.0.1:62001","sessionOverride":true,"unicodeKeyboard":true,"udid":"127.0.0.1:62001","app":"D:\\Test_dir\\AppHall_GuangXi.apk","resetKeyboard":true,"appActivity":"com.boco.apphall.login.WelcomActivity","platformVersion":"4.4.2","newCommandTimeout":180,"noSign":true,"appPackage":"com.boco.apphall","platformName":"Android","automationName":"Uiautomator2","deviceUDID":"127.0.0.1:62001"}}
2017-05-22 16:24:42:501 - [debug] [JSONWP Proxy] Got response with status 200: {"value":"Created Session","status":0,"sessionId":"5c7220d0-ed15-45e9-8bbd-92caa5a943e8"}
2017-05-22 16:24:42:502 - [UiAutomator2] UiAutomator2 did not start the activity we were waiting for, 'com.boco.apphall/com.boco.apphall.login.WelcomActivity'. Starting it ourselves
2017-05-22 16:24:42:502 - [debug] [ADB] Device API level: 19
2017-05-22 16:24:42:503 - [debug] [ADB] Getting connected devices...
2017-05-22 16:24:42:533 - [debug] [ADB] 1 device(s) connected
2017-05-22 16:24:42:533 - [debug] [ADB] Running 'D:\AndroidSdk\platform-tools\adb.exe' with args: ["-P",5037,"-s","127.0.0.1:62001","shell","am","start","-W","-n","com.boco.apphall/com.boco.apphall.login.WelcomActivity","-S","-a","android.intent.action.MAIN","-c","android.intent.category.LAUNCHER","-f","0x10200000"]
2017-05-22 16:24:44:052 - [Appium] New AndroidUiautomator2Driver session created successfully, session 0934fbe7-1203-4116-8413-088f176f17ef added to master session list
2017-05-22 16:24:44:053 - [debug] [MJSONWP] Responding to client with driver.createSession() result: {"deviceName":"vbox86p","sessionOverride":true,"unicodeKeyboard":true,"udid":"127.0.0.1:62001","app":"D:\\Test_dir\\AppHall_GuangXi.apk","resetKeyboard":true,"appActivity":"com.boco.apphall.login.WelcomActivity","platformVersion":"4.4.2","newCommandTimeout":180,"noSign":true,"appPackage":"com.boco.apphall","platformName":"Android","automationName":"Uiautomator2"}
2017-05-22 16:24:44:056 - [HTTP] <-- POST /wd/hub/session 200 73312 ms - 437 
2017-05-22 16:24:44:066 - [HTTP] --> POST /wd/hub/session/0934fbe7-1203-4116-8413-088f176f17ef/timeouts/implicit_wait {"sessionId":"0934fbe7-1203-4116-8413-088f176f17ef","ms":30000}
2017-05-22 16:24:44:069 - [debug] [MJSONWP] Calling AppiumDriver.implicitWait() with args: [30000,"0934fbe7-1203-4116-8413-088f176f17ef"]
2017-05-22 16:24:44:078 - [debug] [BaseDriver] Set implicit wait to 30000ms
2017-05-22 16:24:44:079 - [debug] [MJSONWP] Responding to client with driver.implicitWait() result: null
2017-05-22 16:24:44:080 - [HTTP] <-- POST /wd/hub/session/0934fbe7-1203-4116-8413-088f176f17ef/timeouts/implicit_wait 200 13 ms - 76 
2017-05-22 16:24:44:152 - [HTTP] --> POST /wd/hub/session/0934fbe7-1203-4116-8413-088f176f17ef/element {"using":"id","sessionId":"0934fbe7-1203-4116-8413-088f176f17ef","value":"com.boco.apphall:id/username"}
2017-05-22 16:24:44:153 - [debug] [MJSONWP] Calling AppiumDriver.findElement() with args: ["id","com.boco.apphall:id/username","0934fbe7-1203-4116-8413-088f176f17ef"]
2017-05-22 16:24:44:156 - [debug] [BaseDriver] Valid locator strategies for this request: xpath, id, class name, accessibility id, -android uiautomator
2017-05-22 16:24:44:158 - [debug] [BaseDriver] Valid locator strategies for this request: xpath, id, class name, accessibility id, -android uiautomator
2017-05-22 16:24:44:158 - [debug] [BaseDriver] Waiting up to 30000 ms for condition
2017-05-22 16:24:44:161 - [debug] [JSONWP Proxy] Proxying [POST /element] to [POST http://localhost:8200/wd/hub/session/5c7220d0-ed15-45e9-8bbd-92caa5a943e8/element] with body: {"strategy":"id","selector":"com.boco.apphall:id/username","context":"","multiple":false}
2017-05-22 16:24:44:427 - [debug] [BaseDriver] Waited for 267 ms so far
2017-05-22 16:24:44:928 - [debug] [JSONWP Proxy] Proxying [POST /element] to [POST http://localhost:8200/wd/hub/session/5c7220d0-ed15-45e9-8bbd-92caa5a943e8/element] with body: {"strategy":"id","selector":"com.boco.apphall:id/username","context":"","multiple":false}
2017-05-22 16:24:45:128 - [debug] [BaseDriver] Waited for 967 ms so far
2017-05-22 16:24:45:628 - [debug] [JSONWP Proxy] Proxying [POST /element] to [POST http://localhost:8200/wd/hub/session/5c7220d0-ed15-45e9-8bbd-92caa5a943e8/element] with body: {"strategy":"id","selector":"com.boco.apphall:id/username","context":"","multiple":false}
2017-05-22 16:24:45:655 - [debug] [JSONWP Proxy] Got response with status 200: {"value":{"ELEMENT":"c34f3e83-678e-45d0-97fe-b60ed1ea7778"},"status":0,"sessionId":"5c7220d0-ed15-45e9-8bbd-92caa5a943e8"}
2017-05-22 16:24:45:658 - [debug] [MJSONWP] Responding to client with driver.findElement() result: {"ELEMENT":"c34f3e83-678e-45d0-97fe-b60ed1ea7778"}
2017-05-22 16:24:45:661 - [HTTP] <-- POST /wd/hub/session/0934fbe7-1203-4116-8413-088f176f17ef/element 200 1508 ms - 122 
2017-05-22 16:24:45:665 - [HTTP] --> POST /wd/hub/session/0934fbe7-1203-4116-8413-088f176f17ef/element {"using":"id","sessionId":"0934fbe7-1203-4116-8413-088f176f17ef","value":"com.boco.apphall:id/username"}
2017-05-22 16:24:45:666 - [debug] [MJSONWP] Calling AppiumDriver.findElement() with args: ["id","com.boco.apphall:id/username","0934fbe7-1203-4116-8413-088f176f17ef"]
2017-05-22 16:24:45:670 - [debug] [BaseDriver] Valid locator strategies for this request: xpath, id, class name, accessibility id, -android uiautomator
2017-05-22 16:24:45:671 - [debug] [BaseDriver] Valid locator strategies for this request: xpath, id, class name, accessibility id, -android uiautomator
2017-05-22 16:24:45:672 - [debug] [BaseDriver] Waiting up to 30000 ms for condition
2017-05-22 16:24:45:673 - [debug] [JSONWP Proxy] Proxying [POST /element] to [POST http://localhost:8200/wd/hub/session/5c7220d0-ed15-45e9-8bbd-92caa5a943e8/element] with body: {"strategy":"id","selector":"com.boco.apphall:id/username","context":"","multiple":false}
2017-05-22 16:24:46:157 - [debug] [JSONWP Proxy] Got response with status 200: {"value":{"ELEMENT":"6f168dc6-50ed-4aa3-bbe8-2f7f01a8e515"},"status":0,"sessionId":"5c7220d0-ed15-45e9-8bbd-92caa5a943e8"}
2017-05-22 16:24:46:158 - [debug] [MJSONWP] Responding to client with driver.findElement() result: {"ELEMENT":"6f168dc6-50ed-4aa3-bbe8-2f7f01a8e515"}
2017-05-22 16:24:46:162 - [HTTP] <-- POST /wd/hub/session/0934fbe7-1203-4116-8413-088f176f17ef/element 200 495 ms - 122 
2017-05-22 16:24:46:168 - [HTTP] --> POST /wd/hub/session/0934fbe7-1203-4116-8413-088f176f17ef/element/6f168dc6-50ed-4aa3-bbe8-2f7f01a8e515/clear {"sessionId":"0934fbe7-1203-4116-8413-088f176f17ef","id":"6f168dc6-50ed-4aa3-bbe8-2f7f01a8e515"}
2017-05-22 16:24:46:171 - [debug] [MJSONWP] Calling AppiumDriver.clear() with args: ["6f168dc6-50ed-4aa3-bbe8-2f7f01a8e515","0934fbe7-1203-4116-8413-088f176f17ef"]
2017-05-22 16:24:46:178 - [debug] [JSONWP Proxy] Proxying [GET /element/6f168dc6-50ed-4aa3-bbe8-2f7f01a8e515/text] to [GET http://localhost:8200/wd/hub/session/5c7220d0-ed15-45e9-8bbd-92caa5a943e8/element/6f168dc6-50ed-4aa3-bbe8-2f7f01a8e515/text] with body: {}
2017-05-22 16:24:46:189 - [debug] [JSONWP Proxy] Got response with status 200: "{\"value\":\"请输入用户名\",\"status\":0,\"sessionId\":\"5c7220d0-ed15-45e9-8bbd-92caa5a943e8\"}"
2017-05-22 16:24:46:190 - [debug] [JSONWP Proxy] Proxying [POST /element/6f168dc6-50ed-4aa3-bbe8-2f7f01a8e515/click] to [POST http://localhost:8200/wd/hub/session/5c7220d0-ed15-45e9-8bbd-92caa5a943e8/element/6f168dc6-50ed-4aa3-bbe8-2f7f01a8e515/click] with body: {"elementId":"6f168dc6-50ed-4aa3-bbe8-2f7f01a8e515"}
2017-05-22 16:24:46:707 - [debug] [JSONWP Proxy] Got response with status 200: {"value":true,"status":0,"sessionId":"5c7220d0-ed15-45e9-8bbd-92caa5a943e8"}
2017-05-22 16:24:46:708 - [debug] [ADB] Clearing up to 6 characters
2017-05-22 16:24:46:709 - [debug] [ADB] Getting connected devices...
2017-05-22 16:24:46:745 - [debug] [ADB] 1 device(s) connected
2017-05-22 16:24:46:745 - [debug] [ADB] Running 'D:\AndroidSdk\platform-tools\adb.exe' with args: ["-P",5037,"-s","127.0.0.1:62001","shell","input","keyevent","67","112","67","112","67","112","67","112","67","112","67","112"]
2017-05-22 16:24:47:356 - [debug] [MJSONWP] Responding to client with driver.clear() result: null
2017-05-22 16:24:47:359 - [HTTP] <-- POST /wd/hub/session/0934fbe7-1203-4116-8413-088f176f17ef/element/6f168dc6-50ed-4aa3-bbe8-2f7f01a8e515/clear 200 1190 ms - 76 
2017-05-22 16:24:47:364 - [HTTP] --> POST /wd/hub/session/0934fbe7-1203-4116-8413-088f176f17ef/appium/element/6f168dc6-50ed-4aa3-bbe8-2f7f01a8e515/replace_value {"sessionId":"0934fbe7-1203-4116-8413-088f176f17ef","id":"6f168dc6-50ed-4aa3-bbe8-2f7f01a8e515","value":["wangkaiwei"]}
2017-05-22 16:24:47:370 - [debug] [MJSONWP] Calling AppiumDriver.replaceValue() with args: [["wangkaiwei"],"6f168dc6-50ed-4aa3-bbe8-2f7f01a8e515","0934fbe7-1203-4116-8413-088f176f17ef"]
2017-05-22 16:24:47:382 - [debug] [JSONWP Proxy] Proxying [POST /element/6f168dc6-50ed-4aa3-bbe8-2f7f01a8e515/value] to [POST http://localhost:8200/wd/hub/session/5c7220d0-ed15-45e9-8bbd-92caa5a943e8/element/6f168dc6-50ed-4aa3-bbe8-2f7f01a8e515/value] with body: {"elementId":"6f168dc6-50ed-4aa3-bbe8-2f7f01a8e515","text":"wangkaiwei","replace":true,"unicodeKeyboard":true}
2017-05-22 16:24:47:538 - [debug] [JSONWP Proxy] Got response with status 200: {"value":"","status":0,"sessionId":"5c7220d0-ed15-45e9-8bbd-92caa5a943e8"}
2017-05-22 16:24:47:540 - [debug] [MJSONWP] Responding to client with driver.replaceValue() result: ""
2017-05-22 16:24:47:541 - [HTTP] <-- POST /wd/hub/session/0934fbe7-1203-4116-8413-088f176f17ef/appium/element/6f168dc6-50ed-4aa3-bbe8-2f7f01a8e515/replace_value 200 177 ms - 74 
2017-05-22 16:24:47:544 - [HTTP] --> POST /wd/hub/session/0934fbe7-1203-4116-8413-088f176f17ef/element {"using":"id","sessionId":"0934fbe7-1203-4116-8413-088f176f17ef","value":"com.boco.apphall:id/password"}
2017-05-22 16:24:47:544 - [debug] [MJSONWP] Calling AppiumDriver.findElement() with args: ["id","com.boco.apphall:id/password","0934fbe7-1203-4116-8413-088f176f17ef"]
2017-05-22 16:24:47:546 - [debug] [BaseDriver] Valid locator strategies for this request: xpath, id, class name, accessibility id, -android uiautomator
2017-05-22 16:24:47:547 - [debug] [BaseDriver] Valid locator strategies for this request: xpath, id, class name, accessibility id, -android uiautomator
2017-05-22 16:24:47:547 - [debug] [BaseDriver] Waiting up to 30000 ms for condition
2017-05-22 16:24:47:547 - [debug] [JSONWP Proxy] Proxying [POST /element] to [POST http://localhost:8200/wd/hub/session/5c7220d0-ed15-45e9-8bbd-92caa5a943e8/element] with body: {"strategy":"id","selector":"com.boco.apphall:id/password","context":"","multiple":false}
2017-05-22 16:24:48:060 - [debug] [JSONWP Proxy] Got response with status 200: {"value":{"ELEMENT":"3660f5e3-8e09-4b4a-86b5-5106c9dcc2a4"},"status":0,"sessionId":"5c7220d0-ed15-45e9-8bbd-92caa5a943e8"}
2017-05-22 16:24:48:061 - [debug] [MJSONWP] Responding to client with driver.findElement() result: {"ELEMENT":"3660f5e3-8e09-4b4a-86b5-5106c9dcc2a4"}
2017-05-22 16:24:48:063 - [HTTP] <-- POST /wd/hub/session/0934fbe7-1203-4116-8413-088f176f17ef/element 200 519 ms - 122 
2017-05-22 16:24:48:067 - [HTTP] --> POST /wd/hub/session/0934fbe7-1203-4116-8413-088f176f17ef/element {"using":"id","sessionId":"0934fbe7-1203-4116-8413-088f176f17ef","value":"com.boco.apphall:id/password"}
2017-05-22 16:24:48:067 - [debug] [MJSONWP] Calling AppiumDriver.findElement() with args: ["id","com.boco.apphall:id/password","0934fbe7-1203-4116-8413-088f176f17ef"]
2017-05-22 16:24:48:072 - [debug] [BaseDriver] Valid locator strategies for this request: xpath, id, class name, accessibility id, -android uiautomator
2017-05-22 16:24:48:073 - [debug] [BaseDriver] Valid locator strategies for this request: xpath, id, class name, accessibility id, -android uiautomator
2017-05-22 16:24:48:073 - [debug] [BaseDriver] Waiting up to 30000 ms for condition
2017-05-22 16:24:48:074 - [debug] [JSONWP Proxy] Proxying [POST /element] to [POST http://localhost:8200/wd/hub/session/5c7220d0-ed15-45e9-8bbd-92caa5a943e8/element] with body: {"strategy":"id","selector":"com.boco.apphall:id/password","context":"","multiple":false}
2017-05-22 16:24:48:091 - [debug] [JSONWP Proxy] Got response with status 200: {"value":{"ELEMENT":"96f7989f-6e10-4b5b-a6be-6293a6bb2bb5"},"status":0,"sessionId":"5c7220d0-ed15-45e9-8bbd-92caa5a943e8"}
2017-05-22 16:24:48:092 - [debug] [MJSONWP] Responding to client with driver.findElement() result: {"ELEMENT":"96f7989f-6e10-4b5b-a6be-6293a6bb2bb5"}
2017-05-22 16:24:48:093 - [HTTP] <-- POST /wd/hub/session/0934fbe7-1203-4116-8413-088f176f17ef/element 200 26 ms - 122 
2017-05-22 16:24:48:095 - [HTTP] --> POST /wd/hub/session/0934fbe7-1203-4116-8413-088f176f17ef/element/96f7989f-6e10-4b5b-a6be-6293a6bb2bb5/clear {"sessionId":"0934fbe7-1203-4116-8413-088f176f17ef","id":"96f7989f-6e10-4b5b-a6be-6293a6bb2bb5"}
2017-05-22 16:24:48:095 - [debug] [MJSONWP] Calling AppiumDriver.clear() with args: ["96f7989f-6e10-4b5b-a6be-6293a6bb2bb5","0934fbe7-1203-4116-8413-088f176f17ef"]
2017-05-22 16:24:48:099 - [debug] [JSONWP Proxy] Proxying [GET /element/96f7989f-6e10-4b5b-a6be-6293a6bb2bb5/text] to [GET http://localhost:8200/wd/hub/session/5c7220d0-ed15-45e9-8bbd-92caa5a943e8/element/96f7989f-6e10-4b5b-a6be-6293a6bb2bb5/text] with body: {}
2017-05-22 16:24:48:106 - [debug] [JSONWP Proxy] Got response with status 200: "{\"value\":\"\",\"status\":0,\"sessionId\":\"5c7220d0-ed15-45e9-8bbd-92caa5a943e8\"}"
2017-05-22 16:24:48:107 - [debug] [JSONWP Proxy] Proxying [POST /element/96f7989f-6e10-4b5b-a6be-6293a6bb2bb5/click] to [POST http://localhost:8200/wd/hub/session/5c7220d0-ed15-45e9-8bbd-92caa5a943e8/element/96f7989f-6e10-4b5b-a6be-6293a6bb2bb5/click] with body: {"elementId":"96f7989f-6e10-4b5b-a6be-6293a6bb2bb5"}
2017-05-22 16:24:48:124 - [debug] [JSONWP Proxy] Got response with status 200: {"value":true,"status":0,"sessionId":"5c7220d0-ed15-45e9-8bbd-92caa5a943e8"}
2017-05-22 16:24:48:125 - [debug] [ADB] Clearing up to 100 characters
2017-05-22 16:24:48:125 - [debug] [ADB] Getting connected devices...
2017-05-22 16:24:48:153 - [debug] [ADB] 1 device(s) connected
2017-05-22 16:24:48:153 - [debug] [ADB] Running 'D:\AndroidSdk\platform-tools\adb.exe' with args: ["-P",5037,"-s","127.0.0.1:62001","shell","input","keyevent","67","112","67","112","67","112","67","112","67","112","67","112","67","112","67","112","67","112","67","112","67","112","67","112","67","112","67","112","67","112","67","112","67","112","67","112","67","112","67","112","67","112","67","112","67","112","67","112","67","112","67","112","67","112","67","112","67","112","67","112","67","112","67","112","67","112","67","112","67","112","67","112","67","112","67","112","67","112","67","112","67","112","67","112","67","112","67","112","67","112","67","112","67","112","67","112","67","112","67","112","67","112","67","112","67","112","67","112","67","112","67","112","67","112","67","112","67","112","67","112","67","112","67","112","67","112","67","112","67","112","67","112","67","112","67","112","67","112","67","112","67","112","67","112","67","112","67","112","67","112","67","112","67","112","67","112","67","112","67","112","67","112","67","112","67","112","67","112","67","112","67","112","67","112","67","112","67","112","67","112","67","112","67","112","67","112","67","112","67","112","67","112","67","112","67","112","67","112","67","112"]
2017-05-22 16:24:49:412 - [debug] [MJSONWP] Responding to client with driver.clear() result: null
2017-05-22 16:24:49:413 - [HTTP] <-- POST /wd/hub/session/0934fbe7-1203-4116-8413-088f176f17ef/element/96f7989f-6e10-4b5b-a6be-6293a6bb2bb5/clear 200 1317 ms - 76 
2017-05-22 16:24:49:415 - [HTTP] --> POST /wd/hub/session/0934fbe7-1203-4116-8413-088f176f17ef/appium/element/96f7989f-6e10-4b5b-a6be-6293a6bb2bb5/replace_value {"sessionId":"0934fbe7-1203-4116-8413-088f176f17ef","id":"96f7989f-6e10-4b5b-a6be-6293a6bb2bb5","value":["Kv@870224"]}
2017-05-22 16:24:49:415 - [debug] [MJSONWP] Calling AppiumDriver.replaceValue() with args: [["Kv@870224"],"96f7989f-6e10-4b5b-a6be-6293a6bb2bb5","0934fbe7-1203-4116-8413-088f176f17ef"]
2017-05-22 16:24:49:416 - [debug] [JSONWP Proxy] Proxying [POST /element/96f7989f-6e10-4b5b-a6be-6293a6bb2bb5/value] to [POST http://localhost:8200/wd/hub/session/5c7220d0-ed15-45e9-8bbd-92caa5a943e8/element/96f7989f-6e10-4b5b-a6be-6293a6bb2bb5/value] with body: {"elementId":"96f7989f-6e10-4b5b-a6be-6293a6bb2bb5","text":"Kv@870224","replace":true,"unicodeKeyboard":true}
Error: write EPIPE
    at exports._errnoException (util.js:1023:11)
    at Socket._writeGeneric (net.js:715:26)
    at Socket._write (net.js:734:8)
    at doWrite (_stream_writable.js:329:12)
    at writeOrBuffer (_stream_writable.js:315:5)
    at Socket.Writable.write (_stream_writable.js:241:11)
    at Socket.write (net.js:661:40)
    at Socket.stream.write (C:\Users\Chialin\AppData\Roaming\npm\node_modules\appium\node_modules\ansi\lib\newlines.js:36:21)
    at exports.Console.Console.log (C:\Users\Chialin\AppData\Roaming\npm\node_modules\appium\node_modules\winston\lib\winston\transports\console.js:119:20)
    at transportLog (C:\Users\Chialin\AppData\Roaming\npm\node_modules\appium\node_modules\winston\lib\winston\logger.js:234:15)
    at C:\Users\Chialin\AppData\Roaming\npm\node_modules\appium\node_modules\winston\node_modules\async\lib\async.js:157:13
    at _each (C:\Users\Chialin\AppData\Roaming\npm\node_modules\appium\node_modules\winston\node_modules\async\lib\async.js:57:9)
    at Object.async.each (C:\Users\Chialin\AppData\Roaming\npm\node_modules\appium\node_modules\winston\node_modules\async\lib\async.js:156:9)
    at exports.Logger.Logger.log (C:\Users\Chialin\AppData\Roaming\npm\node_modules\appium\node_modules\winston\lib\winston\logger.js:246:9)
    at exports.Logger.target.(anonymous function) [as error] (C:\Users\Chialin\AppData\Roaming\npm\node_modules\appium\node_modules\winston\lib\winston\common.js:54:18)
    at EventEmitter.<anonymous> (../../lib/logsink.js:199:25)
    at emitOne (events.js:96:13)
    at EventEmitter.emit (events.js:189:7)
    at EventEmitter.<anonymous> (C:\Users\Chialin\AppData\Roaming\npm\node_modules\appium\node_modules\npmlog\log.js:158:8)
    at EventEmitter.<anonymous> (C:\Users\Chialin\AppData\Roaming\npm\node_modules\appium\node_modules\npmlog\log.js:231:21)
    at asyncHandler$ (../../../lib/mjsonwp/mjsonwp.js:263:13)
    at tryCatch (C:\Users\Chialin\AppData\Roaming\npm\node_modules\appium\node_modules\babel-runtime\regenerator\runtime.js:67:40)
    at GeneratorFunctionPrototype.invoke [as _invoke] (C:\Users\Chialin\AppData\Roaming\npm\node_modules\appium\node_modules\babel-runtime\regenerator\runtime.js:315:22)
    at GeneratorFunctionPrototype.prototype.(anonymous function) [as throw] (C:\Users\Chialin\AppData\Roaming\npm\node_modules\appium\node_modules\babel-runtime\regenerator\runtime.js:100:21)
    at GeneratorFunctionPrototype.invoke (C:\Users\Chialin\AppData\Roaming\npm\node_modules\appium\node_modules\babel-runtime\regenerator\runtime.js:136:37)
