2017-05-18 08:59:21:528 - [Appium] Welcome to Appium v1.6.3
2017-05-18 08:59:21:530 - [Appium] Non-default server args:
2017-05-18 08:59:21:531 - [Appium]   address: '127.0.0.1'
2017-05-18 08:59:21:531 - [Appium]   sessionOverride: true
2017-05-18 08:59:21:532 - [Appium]   logTimestamp: true
2017-05-18 08:59:21:532 - [Appium]   localTimezone: true
2017-05-18 08:59:21:567 - [Appium] Appium REST http interface listener started on 127.0.0.1:4723
2017-05-18 08:59:38:341 - [HTTP] --> POST /wd/hub/session {"capabilities":{"alwaysMatch":{"deviceName":"PD1501D","sessionOverride":true,"unicodeKeyboard":true,"udid":"KJO78HTWP7LRYPIR","app":"D:\\Test_dir\\AppHall_MIX_GuangXi.apk","newCommandTimeout":180,"automationName":"Uiautomator2","resetKeyboard":true,"platformVersion":"5.1","appPackage":"com.boco.apphall","platformName":"Android","appActivity":"com.boco.apphall.guangxi.mix.login.WelcomActivity"},"firstMatch":[]},"desiredCapabilities":{"deviceName":"PD1501D","sessionOverride":true,"unicodeKeyboard":true,"udid":"KJO78HTWP7LRYPIR","app":"D:\\Test_dir\\AppHall_MIX_GuangXi.apk","resetKeyboard":true,"appActivity":"com.boco.apphall.guangxi.mix.login.WelcomActivity","newCommandTimeout":180,"platformVersion":"5.1","appPackage":"com.boco.apphall","platformName":"Android","automationName":"Uiautomator2"}}
2017-05-18 08:59:38:351 - [debug] [MJSONWP] Calling AppiumDriver.createSession() with args: [{"deviceName":"PD1501D","sessionOverride":true,"unicodeKeyboard":true,"udid":"KJO78HTWP7LRYPIR","app":"D:\\Test_dir\\AppHall_MIX_GuangXi.apk","resetKeyboard":true,"appActivity":"com.boco.apphall.guangxi.mix.login.WelcomActivity","newCommandTimeout":180,"platformVersion":"5.1","appPackage":"com.boco.apphall","platformName":"Android","automationName":"Uiautomator2"},null,{"alwaysMatch":{"deviceName":"PD1501D","sessionOverride":true,"unicodeKeyboard":true,"udid":"KJO78HTWP7LRYPIR","app":"D:\\Test_dir\\AppHall_MIX_GuangXi.apk","newCommandTimeout":180,"automationName":"Uiautomator2","resetKeyboard":true,"platformVersion":"5.1","appPackage":"com.boco.apphall","platformName":"Android","appActivity":"com.boco.apphall.guangxi.mix.login.WelcomActivity"},"firstMatch":[]},null,null]
2017-05-18 08:59:38:353 - [Appium] Creating new AndroidUiautomator2Driver session
2017-05-18 08:59:38:353 - [Appium] Capabilities:
2017-05-18 08:59:38:355 - [Appium]   deviceName: 'PD1501D'
2017-05-18 08:59:38:355 - [Appium]   sessionOverride: true
2017-05-18 08:59:38:355 - [Appium]   unicodeKeyboard: true
2017-05-18 08:59:38:355 - [Appium]   udid: 'KJO78HTWP7LRYPIR'
2017-05-18 08:59:38:355 - [Appium]   app: 'D:\\Test_dir\\AppHall_MIX_GuangXi.apk'
2017-05-18 08:59:38:356 - [Appium]   resetKeyboard: true
2017-05-18 08:59:38:356 - [Appium]   appActivity: 'com.boco.apphall.guangxi.mix.login.WelcomActivity'
2017-05-18 08:59:38:356 - [Appium]   newCommandTimeout: 180
2017-05-18 08:59:38:356 - [Appium]   platformVersion: '5.1'
2017-05-18 08:59:38:356 - [Appium]   appPackage: 'com.boco.apphall'
2017-05-18 08:59:38:356 - [Appium]   platformName: 'Android'
2017-05-18 08:59:38:356 - [Appium]   automationName: 'Uiautomator2'
2017-05-18 08:59:38:362 - [BaseDriver] The following capabilities were provided, but are not recognized by appium: sessionOverride.
2017-05-18 08:59:38:394 - [BaseDriver] Session created with session id: 921f6b3b-211a-4fec-8447-5c4099c5ef27
2017-05-18 08:59:38:395 - [BaseDriver] Using local app 'D:\Test_dir\AppHall_MIX_GuangXi.apk'
2017-05-18 08:59:38:396 - [debug] [UiAutomator2] Checking whether app is actually present
2017-05-18 08:59:38:803 - [UiAutomator2] UIAutomator2 Driver version:0.2.3
2017-05-18 08:59:38:804 - [debug] [AndroidDriver] Getting Java version
2017-05-18 08:59:39:007 - [AndroidDriver] Java version is: 1.8.0_131
2017-05-18 08:59:39:009 - [ADB] Checking whether adb is present
2017-05-18 08:59:39:011 - [ADB] Using adb.exe from D:\AndroidSdk\platform-tools\adb.exe
2017-05-18 08:59:39:012 - [AndroidDriver] Retrieving device list
2017-05-18 08:59:39:012 - [debug] [ADB] Trying to find a connected android device
2017-05-18 08:59:39:013 - [debug] [ADB] Getting connected devices...
2017-05-18 08:59:39:055 - [debug] [ADB] 1 device(s) connected
2017-05-18 08:59:39:056 - [AndroidDriver] Using device: KJO78HTWP7LRYPIR
2017-05-18 08:59:39:058 - [ADB] Checking whether adb is present
2017-05-18 08:59:39:061 - [ADB] Using adb.exe from D:\AndroidSdk\platform-tools\adb.exe
2017-05-18 08:59:39:062 - [debug] [ADB] Setting device id to KJO78HTWP7LRYPIR
2017-05-18 08:59:39:062 - [ADB] Getting device platform version
2017-05-18 08:59:39:063 - [debug] [ADB] Getting connected devices...
2017-05-18 08:59:39:098 - [debug] [ADB] 1 device(s) connected
2017-05-18 08:59:39:100 - [debug] [ADB] Running 'D:\AndroidSdk\platform-tools\adb.exe' with args: ["-P",5037,"-s","KJO78HTWP7LRYPIR","shell","getprop","ro.build.version.release"]
2017-05-18 08:59:39:161 - [debug] [ADB] Attempting to kill all io.appium.uiautomator2.server processes
2017-05-18 08:59:39:162 - [debug] [ADB] Getting all processes with io.appium.uiautomator2.server
2017-05-18 08:59:39:162 - [debug] [ADB] Getting connected devices...
2017-05-18 08:59:39:195 - [debug] [ADB] 1 device(s) connected
2017-05-18 08:59:39:195 - [debug] [ADB] Running 'D:\AndroidSdk\platform-tools\adb.exe' with args: ["-P",5037,"-s","KJO78HTWP7LRYPIR","shell","ps"]
2017-05-18 08:59:39:318 - [debug] [ADB] Attempting to kill process 2834
2017-05-18 08:59:39:318 - [debug] [ADB] Getting connected devices...
2017-05-18 08:59:39:352 - [debug] [ADB] 1 device(s) connected
2017-05-18 08:59:39:352 - [debug] [ADB] Running 'D:\AndroidSdk\platform-tools\adb.exe' with args: ["-P",5037,"-s","KJO78HTWP7LRYPIR","shell","kill",2834]
2017-05-18 08:59:39:405 - [debug] [ADB] Running 'D:\AndroidSdk\platform-tools\adb.exe' with args: ["-P",5037,"-s","KJO78HTWP7LRYPIR","wait-for-device"]
2017-05-18 08:59:39:440 - [debug] [ADB] Getting connected devices...
2017-05-18 08:59:39:476 - [debug] [ADB] 1 device(s) connected
2017-05-18 08:59:39:476 - [debug] [ADB] Running 'D:\AndroidSdk\platform-tools\adb.exe' with args: ["-P",5037,"-s","KJO78HTWP7LRYPIR","shell","echo","ping"]
2017-05-18 08:59:39:530 - [debug] [Logcat] Starting logcat capture
2017-05-18 08:59:39:569 - [debug] [ADB] Getting install status for io.appium.android.ime
2017-05-18 08:59:39:570 - [debug] [ADB] Getting connected devices...
2017-05-18 08:59:39:619 - [debug] [ADB] 1 device(s) connected
2017-05-18 08:59:39:620 - [debug] [ADB] Running 'D:\AndroidSdk\platform-tools\adb.exe' with args: ["-P",5037,"-s","KJO78HTWP7LRYPIR","shell","getprop","ro.build.version.sdk"]
2017-05-18 08:59:39:720 - [debug] [ADB] Device API level: 22
2017-05-18 08:59:39:720 - [debug] [ADB] Getting connected devices...
2017-05-18 08:59:39:765 - [debug] [ADB] 1 device(s) connected
2017-05-18 08:59:39:765 - [debug] [ADB] Running 'D:\AndroidSdk\platform-tools\adb.exe' with args: ["-P",5037,"-s","KJO78HTWP7LRYPIR","shell","pm","list","packages","-3","io.appium.android.ime"]
2017-05-18 08:59:40:269 - [debug] [ADB] App is  installed
2017-05-18 08:59:40:269 - [debug] [AndroidDriver] io.appium.android.ime is already installed,don't install
2017-05-18 08:59:40:271 - [debug] [ADB] Getting connected devices...
2017-05-18 08:59:40:351 - [debug] [ADB] 1 device(s) connected
2017-05-18 08:59:40:351 - [debug] [ADB] Running 'D:\AndroidSdk\platform-tools\adb.exe' with args: ["-P",5037,"-s","KJO78HTWP7LRYPIR","shell","settings","get","secure","default_input_method"]
2017-05-18 08:59:41:006 - [debug] [AndroidDriver] Unsetting previous IME io.appium.android.ime/.UnicodeIME
2017-05-18 08:59:41:006 - [debug] [AndroidDriver] Setting IME to 'io.appium.android.ime/.UnicodeIME'
2017-05-18 08:59:41:007 - [debug] [ADB] Getting connected devices...
2017-05-18 08:59:41:075 - [debug] [ADB] 1 device(s) connected
2017-05-18 08:59:41:075 - [debug] [ADB] Running 'D:\AndroidSdk\platform-tools\adb.exe' with args: ["-P",5037,"-s","KJO78HTWP7LRYPIR","shell","ime","enable","io.appium.android.ime/.UnicodeIME"]
2017-05-18 08:59:41:742 - [debug] [ADB] Getting connected devices...
2017-05-18 08:59:41:820 - [debug] [ADB] 1 device(s) connected
2017-05-18 08:59:41:820 - [debug] [ADB] Running 'D:\AndroidSdk\platform-tools\adb.exe' with args: ["-P",5037,"-s","KJO78HTWP7LRYPIR","shell","ime","set","io.appium.android.ime/.UnicodeIME"]
2017-05-18 08:59:42:525 - [debug] [ADB] Getting install status for io.appium.settings
2017-05-18 08:59:42:525 - [debug] [ADB] Device API level: 22
2017-05-18 08:59:42:526 - [debug] [ADB] Getting connected devices...
2017-05-18 08:59:42:603 - [debug] [ADB] 1 device(s) connected
2017-05-18 08:59:42:605 - [debug] [ADB] Running 'D:\AndroidSdk\platform-tools\adb.exe' with args: ["-P",5037,"-s","KJO78HTWP7LRYPIR","shell","pm","list","packages","-3","io.appium.settings"]
2017-05-18 08:59:43:136 - [debug] [ADB] App is  installed
2017-05-18 08:59:43:136 - [debug] [AndroidDriver] io.appium.settings is already installed,don't install
2017-05-18 08:59:43:137 - [debug] [ADB] Getting install status for io.appium.unlock
2017-05-18 08:59:43:138 - [debug] [ADB] Device API level: 22
2017-05-18 08:59:43:139 - [debug] [ADB] Getting connected devices...
2017-05-18 08:59:43:215 - [debug] [ADB] 1 device(s) connected
2017-05-18 08:59:43:216 - [debug] [ADB] Running 'D:\AndroidSdk\platform-tools\adb.exe' with args: ["-P",5037,"-s","KJO78HTWP7LRYPIR","shell","pm","list","packages","-3","io.appium.unlock"]
2017-05-18 08:59:43:699 - [debug] [ADB] App is  installed
2017-05-18 08:59:43:700 - [debug] [AndroidDriver] io.appium.unlock is already installed,don't install
2017-05-18 08:59:43:701 - [debug] [UiAutomator2] Forwarding UiAutomator2 Server port 6790 to 8201
2017-05-18 08:59:43:702 - [debug] [ADB] Forwarding system: 8201 to device: 6790
2017-05-18 08:59:43:703 - [debug] [ADB] Running 'D:\AndroidSdk\platform-tools\adb.exe' with args: ["-P",5037,"-s","KJO78HTWP7LRYPIR","forward","tcp:8201","tcp:6790"]
2017-05-18 08:59:43:766 - [debug] [ADB] Getting connected devices...
2017-05-18 08:59:43:800 - [debug] [ADB] 1 device(s) connected
2017-05-18 08:59:43:801 - [debug] [ADB] Running 'D:\AndroidSdk\platform-tools\adb.exe' with args: ["-P",5037,"-s","KJO78HTWP7LRYPIR","shell","dumpsys","window"]
2017-05-18 08:59:43:866 - [AndroidDriver] Screen already unlocked, doing nothing
2017-05-18 08:59:43:867 - [debug] [AndroidDriver] Extracting strings from apk D:\Test_dir\AppHall_MIX_GuangXi.apk null C:\Users\Chialin\AppData\Local\Temp\com.boco.apphall
2017-05-18 08:59:43:868 - [debug] [ADB] Extracting strings for language: default
2017-05-18 08:59:43:868 - [debug] [ADB] Device API level: 22
2017-05-18 08:59:43:869 - [debug] [ADB] Getting connected devices...
2017-05-18 08:59:43:904 - [debug] [ADB] 1 device(s) connected
2017-05-18 08:59:43:904 - [debug] [ADB] Running 'D:\AndroidSdk\platform-tools\adb.exe' with args: ["-P",5037,"-s","KJO78HTWP7LRYPIR","shell","getprop","persist.sys.language"]
2017-05-18 08:59:43:963 - [debug] [ADB] Current device property 'persist.sys.language': zh
2017-05-18 08:59:44:794 - [debug] [ADB] No strings.xml for language 'zh', getting default strings.xml
2017-05-18 08:59:45:627 - [debug] [ADB] Reading strings from converted strings.json
2017-05-18 08:59:45:629 - [debug] [ADB] Running 'D:\AndroidSdk\platform-tools\adb.exe' with args: ["-P",5037,"-s","KJO78HTWP7LRYPIR","push","C:\\Users\\Chialin\\AppData\\Local\\Temp\\com.boco.apphall\\strings.json","/data/local/tmp"]
2017-05-18 08:59:45:826 - [debug] [ADB] Checking app cert for D:\Test_dir\AppHall_MIX_GuangXi.apk.
2017-05-18 08:59:46:464 - [debug] [ADB] App already signed.
2017-05-18 08:59:46:464 - [debug] [ADB] Zip-aligning 'D:\Test_dir\AppHall_MIX_GuangXi.apk'
2017-05-18 08:59:46:464 - [ADB] Checking whether zipalign is present
2017-05-18 08:59:46:465 - [ADB] Using zipalign.exe from D:\AndroidSdk\build-tools\23.0.3\zipalign.exe
2017-05-18 08:59:46:468 - [debug] [ADB] Zip-aligning apk.
2017-05-18 08:59:46:744 - [AndroidDriver] Remote apk path is /data/local/tmp/d01112067c592905fa3e83862ce80566.apk
2017-05-18 08:59:46:745 - [debug] [ADB] Getting connected devices...
2017-05-18 08:59:46:780 - [debug] [ADB] 1 device(s) connected
2017-05-18 08:59:46:781 - [debug] [ADB] Running 'D:\AndroidSdk\platform-tools\adb.exe' with args: ["-P",5037,"-s","KJO78HTWP7LRYPIR","shell","ls","/data/local/tmp/d01112067c592905fa3e83862ce80566.apk"]
2017-05-18 08:59:46:842 - [debug] [AndroidDriver] Checking if app is installed
2017-05-18 08:59:46:843 - [debug] [ADB] Getting install status for com.boco.apphall
2017-05-18 08:59:46:843 - [debug] [ADB] Device API level: 22
2017-05-18 08:59:46:843 - [debug] [ADB] Getting connected devices...
2017-05-18 08:59:46:877 - [debug] [ADB] 1 device(s) connected
2017-05-18 08:59:46:877 - [debug] [ADB] Running 'D:\AndroidSdk\platform-tools\adb.exe' with args: ["-P",5037,"-s","KJO78HTWP7LRYPIR","shell","pm","list","packages","-3","com.boco.apphall"]
2017-05-18 08:59:47:365 - [debug] [ADB] App is  installed
2017-05-18 08:59:47:366 - [AndroidDriver] Apk is already on remote and installed, resetting
2017-05-18 08:59:47:367 - [debug] [AndroidDriver] Running fast reset (stop and clear)
2017-05-18 08:59:47:369 - [debug] [ADB] Getting connected devices...
2017-05-18 08:59:47:426 - [debug] [ADB] 1 device(s) connected
2017-05-18 08:59:47:428 - [debug] [ADB] Running 'D:\AndroidSdk\platform-tools\adb.exe' with args: ["-P",5037,"-s","KJO78HTWP7LRYPIR","shell","am","force-stop","com.boco.apphall"]
2017-05-18 08:59:48:310 - [debug] [ADB] Getting connected devices...
2017-05-18 08:59:48:357 - [debug] [ADB] 1 device(s) connected
2017-05-18 08:59:48:357 - [debug] [ADB] Running 'D:\AndroidSdk\platform-tools\adb.exe' with args: ["-P",5037,"-s","KJO78HTWP7LRYPIR","shell","pm","clear","com.boco.apphall"]
2017-05-18 08:59:48:869 - [ADB] Checking whether aapt is present
2017-05-18 08:59:48:874 - [ADB] Using aapt.exe from D:\AndroidSdk\build-tools\23.0.3\aapt.exe
2017-05-18 08:59:49:011 - [debug] [ADB] Getting install status for io.appium.uiautomator2.server
2017-05-18 08:59:49:011 - [debug] [ADB] Device API level: 22
2017-05-18 08:59:49:011 - [debug] [ADB] Getting connected devices...
2017-05-18 08:59:49:051 - [debug] [ADB] 1 device(s) connected
2017-05-18 08:59:49:052 - [debug] [ADB] Running 'D:\AndroidSdk\platform-tools\adb.exe' with args: ["-P",5037,"-s","KJO78HTWP7LRYPIR","shell","pm","list","packages","-3","io.appium.uiautomator2.server"]
2017-05-18 08:59:49:534 - [debug] [ADB] App is  installed
2017-05-18 08:59:49:534 - [debug] [ADB] Getting install status for io.appium.uiautomator2.server.test
2017-05-18 08:59:49:535 - [debug] [ADB] Device API level: 22
2017-05-18 08:59:49:535 - [debug] [ADB] Getting connected devices...
2017-05-18 08:59:49:603 - [debug] [ADB] 1 device(s) connected
2017-05-18 08:59:49:604 - [debug] [ADB] Running 'D:\AndroidSdk\platform-tools\adb.exe' with args: ["-P",5037,"-s","KJO78HTWP7LRYPIR","shell","pm","list","packages","-3","io.appium.uiautomator2.server.test"]
2017-05-18 08:59:50:112 - [debug] [ADB] App is  installed
2017-05-18 08:59:50:114 - [ADB] Checking whether aapt is present
2017-05-18 08:59:50:119 - [ADB] Using aapt.exe from D:\AndroidSdk\build-tools\23.0.3\aapt.exe
2017-05-18 08:59:50:171 - [debug] [ADB] Getting connected devices...
2017-05-18 08:59:50:207 - [debug] [ADB] 1 device(s) connected
2017-05-18 08:59:50:207 - [debug] [ADB] Running 'D:\AndroidSdk\platform-tools\adb.exe' with args: ["-P",5037,"-s","KJO78HTWP7LRYPIR","shell","dumpsys","package","io.appium.uiautomator2.server"]
2017-05-18 08:59:50:276 - [debug] [ADB] Attempting to kill all io.appium.uiautomator2.server processes
2017-05-18 08:59:50:276 - [debug] [ADB] Getting all processes with io.appium.uiautomator2.server
2017-05-18 08:59:50:276 - [debug] [ADB] Getting connected devices...
2017-05-18 08:59:50:309 - [debug] [ADB] 1 device(s) connected
2017-05-18 08:59:50:309 - [debug] [ADB] Running 'D:\AndroidSdk\platform-tools\adb.exe' with args: ["-P",5037,"-s","KJO78HTWP7LRYPIR","shell","ps"]
2017-05-18 08:59:50:401 - [debug] [ADB] Attempting to kill process 2834
2017-05-18 08:59:50:401 - [debug] [ADB] Getting connected devices...
2017-05-18 08:59:50:433 - [debug] [ADB] 1 device(s) connected
2017-05-18 08:59:50:434 - [debug] [ADB] Running 'D:\AndroidSdk\platform-tools\adb.exe' with args: ["-P",5037,"-s","KJO78HTWP7LRYPIR","shell","kill",2834]
2017-05-18 08:59:50:485 - [UiAutomator2] Starting uiautomator2 server v0.0.8 with cmd: am,instrument,-w,io.appium.uiautomator2.server.test/android.support.test.runner.AndroidJUnitRunner
2017-05-18 08:59:50:485 - [UiAutomator2] running command...
 adb -s KJO78HTWP7LRYPIR shell am instrument -w io.appium.uiautomator2.server.test/android.support.test.runner.AndroidJUnitRunner... 
2017-05-18 08:59:50:488 - [UiAutomator2] Waiting for UiAutomator2 to be online...
2017-05-18 08:59:50:490 - [debug] [JSONWP Proxy] Proxying [GET /status] to [GET http://localhost:8201/wd/hub/status] with no body
2017-05-18 08:59:50:513 - [debug] [JSONWP Proxy] Got response with status 200: "{\"sessionId\":\"SESSIONID\",\"status\":0,\"value\":\"Status Invoked\"}"
2017-05-18 08:59:50:513 - [debug] [JSONWP Proxy] Proxying [POST /session] to [POST http://localhost:8201/wd/hub/session] with body: {"desiredCapabilities":{"platform":"LINUX","webStorageEnabled":false,"takesScreenshot":true,"javascriptEnabled":true,"databaseEnabled":false,"networkConnectionEnabled":true,"locationContextEnabled":false,"warnings":{},"desired":{"deviceName":"PD1501D","sessionOverride":true,"unicodeKeyboard":true,"udid":"KJO78HTWP7LRYPIR","app":"D:\\Test_dir\\AppHall_MIX_GuangXi.apk","resetKeyboard":true,"appActivity":"com.boco.apphall.guangxi.mix.login.WelcomActivity","newCommandTimeout":180,"platformVersion":"5.1","appPackage":"com.boco.apphall","platformName":"Android","automationName":"Uiautomator2"},"deviceName":"KJO78HTWP7LRYPIR","sessionOverride":true,"unicodeKeyboard":true,"udid":"KJO78HTWP7LRYPIR","app":"D:\\Test_dir\\AppHall_MIX_GuangXi.apk","resetKeyboard":true,"appActivity":"com.boco.apphall.guangxi.mix.login.WelcomActivity","newCommandTimeout":180,"platformVersion":"5.1","appPackage":"com.boco.apphall","platformName":"Android","automationName":"Uiautomator2","deviceUDID":"KJO78HTWP7LRYPIR"}}
2017-05-18 08:59:50:538 - [debug] [UiAutomator2] Deleting UiAutomator2 session
2017-05-18 08:59:50:539 - [debug] [UiAutomator2] Deleting UiAutomator2 server session
2017-05-18 08:59:50:540 - [UiAutomator2] Did not get confirmation UiAutomator2 deleteSession worked; Error was: Error: Trying to proxy a session command without session id
2017-05-18 08:59:50:541 - [debug] [ADB] Getting connected devices...
2017-05-18 08:59:50:573 - [debug] [ADB] 1 device(s) connected
2017-05-18 08:59:50:573 - [debug] [ADB] Running 'D:\AndroidSdk\platform-tools\adb.exe' with args: ["-P",5037,"-s","KJO78HTWP7LRYPIR","shell","am","force-stop","com.boco.apphall"]
2017-05-18 08:59:51:303 - [debug] [Logcat] Stopping logcat capture
2017-05-18 08:59:51:317 - [debug] [ADB] Removing forwarded port socket connection: 8201 
2017-05-18 08:59:51:319 - [debug] [ADB] Running 'D:\AndroidSdk\platform-tools\adb.exe' with args: ["-P",5037,"-s","KJO78HTWP7LRYPIR","forward","--remove","tcp:8201"]
2017-05-18 08:59:51:399 - [HTTP] <-- POST /wd/hub/session 500 13055 ms - 3635 
2017-05-18 09:00:04:330 - [HTTP] --> POST /wd/hub/session {"capabilities":{"alwaysMatch":{"deviceName":"PD1501D","sessionOverride":true,"unicodeKeyboard":true,"udid":"KJO78HTWP7LRYPIR","app":"D:\\Test_dir\\AppHall_MIX_GuangXi.apk","newCommandTimeout":180,"automationName":"Uiautomator2","resetKeyboard":true,"platformVersion":"5.1","appPackage":"com.boco.apphall","platformName":"Android","appActivity":"com.boco.apphall.guangxi.mix.login.WelcomActivity"},"firstMatch":[]},"desiredCapabilities":{"deviceName":"PD1501D","sessionOverride":true,"unicodeKeyboard":true,"udid":"KJO78HTWP7LRYPIR","app":"D:\\Test_dir\\AppHall_MIX_GuangXi.apk","resetKeyboard":true,"appActivity":"com.boco.apphall.guangxi.mix.login.WelcomActivity","newCommandTimeout":180,"platformVersion":"5.1","appPackage":"com.boco.apphall","platformName":"Android","automationName":"Uiautomator2"}}
2017-05-18 09:00:04:330 - [debug] [MJSONWP] Calling AppiumDriver.createSession() with args: [{"deviceName":"PD1501D","sessionOverride":true,"unicodeKeyboard":true,"udid":"KJO78HTWP7LRYPIR","app":"D:\\Test_dir\\AppHall_MIX_GuangXi.apk","resetKeyboard":true,"appActivity":"com.boco.apphall.guangxi.mix.login.WelcomActivity","newCommandTimeout":180,"platformVersion":"5.1","appPackage":"com.boco.apphall","platformName":"Android","automationName":"Uiautomator2"},null,{"alwaysMatch":{"deviceName":"PD1501D","sessionOverride":true,"unicodeKeyboard":true,"udid":"KJO78HTWP7LRYPIR","app":"D:\\Test_dir\\AppHall_MIX_GuangXi.apk","newCommandTimeout":180,"automationName":"Uiautomator2","resetKeyboard":true,"platformVersion":"5.1","appPackage":"com.boco.apphall","platformName":"Android","appActivity":"com.boco.apphall.guangxi.mix.login.WelcomActivity"},"firstMatch":[]},null,null,null,null]
2017-05-18 09:00:04:331 - [Appium] Creating new AndroidUiautomator2Driver session
2017-05-18 09:00:04:332 - [Appium] Capabilities:
2017-05-18 09:00:04:333 - [Appium]   deviceName: 'PD1501D'
2017-05-18 09:00:04:333 - [Appium]   sessionOverride: true
2017-05-18 09:00:04:334 - [Appium]   unicodeKeyboard: true
2017-05-18 09:00:04:334 - [Appium]   udid: 'KJO78HTWP7LRYPIR'
2017-05-18 09:00:04:334 - [Appium]   app: 'D:\\Test_dir\\AppHall_MIX_GuangXi.apk'
2017-05-18 09:00:04:335 - [Appium]   resetKeyboard: true
2017-05-18 09:00:04:335 - [Appium]   appActivity: 'com.boco.apphall.guangxi.mix.login.WelcomActivity'
2017-05-18 09:00:04:335 - [Appium]   newCommandTimeout: 180
2017-05-18 09:00:04:336 - [Appium]   platformVersion: '5.1'
2017-05-18 09:00:04:336 - [Appium]   appPackage: 'com.boco.apphall'
2017-05-18 09:00:04:336 - [Appium]   platformName: 'Android'
2017-05-18 09:00:04:337 - [Appium]   automationName: 'Uiautomator2'
2017-05-18 09:00:04:340 - [BaseDriver] The following capabilities were provided, but are not recognized by appium: sessionOverride.
2017-05-18 09:00:04:343 - [BaseDriver] Session created with session id: 75b244e9-3450-44bd-919e-a1f2fea84c8e
2017-05-18 09:00:04:344 - [BaseDriver] Using local app 'D:\Test_dir\AppHall_MIX_GuangXi.apk'
2017-05-18 09:00:04:344 - [debug] [UiAutomator2] Checking whether app is actually present
2017-05-18 09:00:04:748 - [UiAutomator2] UIAutomator2 Driver version:0.2.3
2017-05-18 09:00:04:749 - [debug] [AndroidDriver] Getting Java version
2017-05-18 09:00:04:925 - [AndroidDriver] Java version is: 1.8.0_131
2017-05-18 09:00:04:926 - [ADB] Checking whether adb is present
2017-05-18 09:00:04:928 - [ADB] Using adb.exe from D:\AndroidSdk\platform-tools\adb.exe
2017-05-18 09:00:04:928 - [AndroidDriver] Retrieving device list
2017-05-18 09:00:04:928 - [debug] [ADB] Trying to find a connected android device
2017-05-18 09:00:04:928 - [debug] [ADB] Getting connected devices...
2017-05-18 09:00:04:963 - [debug] [ADB] 1 device(s) connected
2017-05-18 09:00:04:963 - [AndroidDriver] Using device: KJO78HTWP7LRYPIR
2017-05-18 09:00:04:963 - [ADB] Checking whether adb is present
2017-05-18 09:00:04:970 - [ADB] Using adb.exe from D:\AndroidSdk\platform-tools\adb.exe
2017-05-18 09:00:04:970 - [debug] [ADB] Setting device id to KJO78HTWP7LRYPIR
2017-05-18 09:00:04:970 - [ADB] Getting device platform version
2017-05-18 09:00:04:971 - [debug] [ADB] Getting connected devices...
2017-05-18 09:00:05:006 - [debug] [ADB] 1 device(s) connected
2017-05-18 09:00:05:006 - [debug] [ADB] Running 'D:\AndroidSdk\platform-tools\adb.exe' with args: ["-P",5037,"-s","KJO78HTWP7LRYPIR","shell","getprop","ro.build.version.release"]
2017-05-18 09:00:05:069 - [debug] [ADB] Attempting to kill all io.appium.uiautomator2.server processes
2017-05-18 09:00:05:069 - [debug] [ADB] Getting all processes with io.appium.uiautomator2.server
2017-05-18 09:00:05:069 - [debug] [ADB] Getting connected devices...
2017-05-18 09:00:05:104 - [debug] [ADB] 1 device(s) connected
2017-05-18 09:00:05:104 - [debug] [ADB] Running 'D:\AndroidSdk\platform-tools\adb.exe' with args: ["-P",5037,"-s","KJO78HTWP7LRYPIR","shell","ps"]
2017-05-18 09:00:05:288 - [debug] [ADB] Attempting to kill process 3335
2017-05-18 09:00:05:288 - [debug] [ADB] Getting connected devices...
2017-05-18 09:00:05:322 - [debug] [ADB] 1 device(s) connected
2017-05-18 09:00:05:322 - [debug] [ADB] Running 'D:\AndroidSdk\platform-tools\adb.exe' with args: ["-P",5037,"-s","KJO78HTWP7LRYPIR","shell","kill",3335]
2017-05-18 09:00:05:380 - [debug] [ADB] Running 'D:\AndroidSdk\platform-tools\adb.exe' with args: ["-P",5037,"-s","KJO78HTWP7LRYPIR","wait-for-device"]
2017-05-18 09:00:05:416 - [debug] [ADB] Getting connected devices...
2017-05-18 09:00:05:451 - [debug] [ADB] 1 device(s) connected
2017-05-18 09:00:05:451 - [debug] [ADB] Running 'D:\AndroidSdk\platform-tools\adb.exe' with args: ["-P",5037,"-s","KJO78HTWP7LRYPIR","shell","echo","ping"]
2017-05-18 09:00:05:503 - [debug] [Logcat] Starting logcat capture
2017-05-18 09:00:05:541 - [debug] [ADB] Getting install status for io.appium.android.ime
2017-05-18 09:00:05:541 - [debug] [ADB] Getting connected devices...
2017-05-18 09:00:05:585 - [debug] [ADB] 1 device(s) connected
2017-05-18 09:00:05:585 - [debug] [ADB] Running 'D:\AndroidSdk\platform-tools\adb.exe' with args: ["-P",5037,"-s","KJO78HTWP7LRYPIR","shell","getprop","ro.build.version.sdk"]
2017-05-18 09:00:05:647 - [debug] [ADB] Device API level: 22
2017-05-18 09:00:05:647 - [debug] [ADB] Getting connected devices...
2017-05-18 09:00:05:690 - [debug] [ADB] 1 device(s) connected
2017-05-18 09:00:05:690 - [debug] [ADB] Running 'D:\AndroidSdk\platform-tools\adb.exe' with args: ["-P",5037,"-s","KJO78HTWP7LRYPIR","shell","pm","list","packages","-3","io.appium.android.ime"]
2017-05-18 09:00:06:219 - [debug] [ADB] App is  installed
2017-05-18 09:00:06:219 - [debug] [AndroidDriver] io.appium.android.ime is already installed,don't install
2017-05-18 09:00:06:220 - [debug] [ADB] Getting connected devices...
2017-05-18 09:00:06:270 - [debug] [ADB] 1 device(s) connected
2017-05-18 09:00:06:270 - [debug] [ADB] Running 'D:\AndroidSdk\platform-tools\adb.exe' with args: ["-P",5037,"-s","KJO78HTWP7LRYPIR","shell","settings","get","secure","default_input_method"]
2017-05-18 09:00:06:999 - [debug] [AndroidDriver] Unsetting previous IME io.appium.android.ime/.UnicodeIME
2017-05-18 09:00:06:999 - [debug] [AndroidDriver] Setting IME to 'io.appium.android.ime/.UnicodeIME'
2017-05-18 09:00:07:000 - [debug] [ADB] Getting connected devices...
2017-05-18 09:00:07:071 - [debug] [ADB] 1 device(s) connected
2017-05-18 09:00:07:071 - [debug] [ADB] Running 'D:\AndroidSdk\platform-tools\adb.exe' with args: ["-P",5037,"-s","KJO78HTWP7LRYPIR","shell","ime","enable","io.appium.android.ime/.UnicodeIME"]
2017-05-18 09:00:07:780 - [debug] [ADB] Getting connected devices...
2017-05-18 09:00:07:859 - [debug] [ADB] 1 device(s) connected
2017-05-18 09:00:07:860 - [debug] [ADB] Running 'D:\AndroidSdk\platform-tools\adb.exe' with args: ["-P",5037,"-s","KJO78HTWP7LRYPIR","shell","ime","set","io.appium.android.ime/.UnicodeIME"]
2017-05-18 09:00:08:605 - [debug] [ADB] Getting install status for io.appium.settings
2017-05-18 09:00:08:606 - [debug] [ADB] Device API level: 22
2017-05-18 09:00:08:610 - [debug] [ADB] Getting connected devices...
2017-05-18 09:00:08:687 - [debug] [ADB] 1 device(s) connected
2017-05-18 09:00:08:687 - [debug] [ADB] Running 'D:\AndroidSdk\platform-tools\adb.exe' with args: ["-P",5037,"-s","KJO78HTWP7LRYPIR","shell","pm","list","packages","-3","io.appium.settings"]
2017-05-18 09:00:09:266 - [debug] [ADB] App is  installed
2017-05-18 09:00:09:266 - [debug] [AndroidDriver] io.appium.settings is already installed,don't install
2017-05-18 09:00:09:267 - [debug] [ADB] Getting install status for io.appium.unlock
2017-05-18 09:00:09:267 - [debug] [ADB] Device API level: 22
2017-05-18 09:00:09:268 - [debug] [ADB] Getting connected devices...
2017-05-18 09:00:09:341 - [debug] [ADB] 1 device(s) connected
2017-05-18 09:00:09:341 - [debug] [ADB] Running 'D:\AndroidSdk\platform-tools\adb.exe' with args: ["-P",5037,"-s","KJO78HTWP7LRYPIR","shell","pm","list","packages","-3","io.appium.unlock"]
2017-05-18 09:00:09:840 - [debug] [ADB] App is  installed
2017-05-18 09:00:09:841 - [debug] [AndroidDriver] io.appium.unlock is already installed,don't install
2017-05-18 09:00:09:841 - [debug] [UiAutomator2] Forwarding UiAutomator2 Server port 6790 to 8201
2017-05-18 09:00:09:842 - [debug] [ADB] Forwarding system: 8201 to device: 6790
2017-05-18 09:00:09:843 - [debug] [ADB] Running 'D:\AndroidSdk\platform-tools\adb.exe' with args: ["-P",5037,"-s","KJO78HTWP7LRYPIR","forward","tcp:8201","tcp:6790"]
2017-05-18 09:00:09:897 - [debug] [ADB] Getting connected devices...
2017-05-18 09:00:09:931 - [debug] [ADB] 1 device(s) connected
2017-05-18 09:00:09:931 - [debug] [ADB] Running 'D:\AndroidSdk\platform-tools\adb.exe' with args: ["-P",5037,"-s","KJO78HTWP7LRYPIR","shell","dumpsys","window"]
2017-05-18 09:00:10:024 - [AndroidDriver] Screen already unlocked, doing nothing
2017-05-18 09:00:10:024 - [debug] [AndroidDriver] Extracting strings from apk D:\Test_dir\AppHall_MIX_GuangXi.apk null C:\Users\Chialin\AppData\Local\Temp\com.boco.apphall
2017-05-18 09:00:10:024 - [debug] [ADB] Extracting strings for language: default
2017-05-18 09:00:10:025 - [debug] [ADB] Device API level: 22
2017-05-18 09:00:10:025 - [debug] [ADB] Getting connected devices...
2017-05-18 09:00:10:058 - [debug] [ADB] 1 device(s) connected
2017-05-18 09:00:10:058 - [debug] [ADB] Running 'D:\AndroidSdk\platform-tools\adb.exe' with args: ["-P",5037,"-s","KJO78HTWP7LRYPIR","shell","getprop","persist.sys.language"]
2017-05-18 09:00:10:134 - [debug] [ADB] Current device property 'persist.sys.language': zh
2017-05-18 09:00:10:980 - [debug] [ADB] No strings.xml for language 'zh', getting default strings.xml
2017-05-18 09:00:11:829 - [debug] [ADB] Reading strings from converted strings.json
2017-05-18 09:00:11:831 - [debug] [ADB] Running 'D:\AndroidSdk\platform-tools\adb.exe' with args: ["-P",5037,"-s","KJO78HTWP7LRYPIR","push","C:\\Users\\Chialin\\AppData\\Local\\Temp\\com.boco.apphall\\strings.json","/data/local/tmp"]
2017-05-18 09:00:12:038 - [debug] [ADB] Checking app cert for D:\Test_dir\AppHall_MIX_GuangXi.apk.
2017-05-18 09:00:12:659 - [debug] [ADB] App already signed.
2017-05-18 09:00:12:659 - [debug] [ADB] Zip-aligning 'D:\Test_dir\AppHall_MIX_GuangXi.apk'
2017-05-18 09:00:12:659 - [ADB] Checking whether zipalign is present
2017-05-18 09:00:12:661 - [ADB] Using zipalign.exe from D:\AndroidSdk\build-tools\23.0.3\zipalign.exe
2017-05-18 09:00:12:664 - [debug] [ADB] Zip-aligning apk.
2017-05-18 09:00:12:810 - [AndroidDriver] Remote apk path is /data/local/tmp/d01112067c592905fa3e83862ce80566.apk
2017-05-18 09:00:12:810 - [debug] [ADB] Getting connected devices...
2017-05-18 09:00:12:842 - [debug] [ADB] 1 device(s) connected
2017-05-18 09:00:12:843 - [debug] [ADB] Running 'D:\AndroidSdk\platform-tools\adb.exe' with args: ["-P",5037,"-s","KJO78HTWP7LRYPIR","shell","ls","/data/local/tmp/d01112067c592905fa3e83862ce80566.apk"]
2017-05-18 09:00:12:911 - [debug] [AndroidDriver] Checking if app is installed
2017-05-18 09:00:12:911 - [debug] [ADB] Getting install status for com.boco.apphall
2017-05-18 09:00:12:912 - [debug] [ADB] Device API level: 22
2017-05-18 09:00:12:912 - [debug] [ADB] Getting connected devices...
2017-05-18 09:00:12:945 - [debug] [ADB] 1 device(s) connected
2017-05-18 09:00:12:945 - [debug] [ADB] Running 'D:\AndroidSdk\platform-tools\adb.exe' with args: ["-P",5037,"-s","KJO78HTWP7LRYPIR","shell","pm","list","packages","-3","com.boco.apphall"]
2017-05-18 09:00:13:482 - [debug] [ADB] App is  installed
2017-05-18 09:00:13:483 - [AndroidDriver] Apk is already on remote and installed, resetting
2017-05-18 09:00:13:483 - [debug] [AndroidDriver] Running fast reset (stop and clear)
2017-05-18 09:00:13:484 - [debug] [ADB] Getting connected devices...
2017-05-18 09:00:13:541 - [debug] [ADB] 1 device(s) connected
2017-05-18 09:00:13:542 - [debug] [ADB] Running 'D:\AndroidSdk\platform-tools\adb.exe' with args: ["-P",5037,"-s","KJO78HTWP7LRYPIR","shell","am","force-stop","com.boco.apphall"]
2017-05-18 09:00:14:312 - [debug] [ADB] Getting connected devices...
2017-05-18 09:00:14:368 - [debug] [ADB] 1 device(s) connected
2017-05-18 09:00:14:368 - [debug] [ADB] Running 'D:\AndroidSdk\platform-tools\adb.exe' with args: ["-P",5037,"-s","KJO78HTWP7LRYPIR","shell","pm","clear","com.boco.apphall"]
2017-05-18 09:00:14:887 - [ADB] Checking whether aapt is present
2017-05-18 09:00:14:890 - [ADB] Using aapt.exe from D:\AndroidSdk\build-tools\23.0.3\aapt.exe
2017-05-18 09:00:14:947 - [debug] [ADB] Getting install status for io.appium.uiautomator2.server
2017-05-18 09:00:14:947 - [debug] [ADB] Device API level: 22
2017-05-18 09:00:14:947 - [debug] [ADB] Getting connected devices...
2017-05-18 09:00:14:982 - [debug] [ADB] 1 device(s) connected
2017-05-18 09:00:14:983 - [debug] [ADB] Running 'D:\AndroidSdk\platform-tools\adb.exe' with args: ["-P",5037,"-s","KJO78HTWP7LRYPIR","shell","pm","list","packages","-3","io.appium.uiautomator2.server"]
2017-05-18 09:00:15:512 - [debug] [ADB] App is  installed
2017-05-18 09:00:15:513 - [debug] [ADB] Getting install status for io.appium.uiautomator2.server.test
2017-05-18 09:00:15:513 - [debug] [ADB] Device API level: 22
2017-05-18 09:00:15:514 - [debug] [ADB] Getting connected devices...
2017-05-18 09:00:15:586 - [debug] [ADB] 1 device(s) connected
2017-05-18 09:00:15:586 - [debug] [ADB] Running 'D:\AndroidSdk\platform-tools\adb.exe' with args: ["-P",5037,"-s","KJO78HTWP7LRYPIR","shell","pm","list","packages","-3","io.appium.uiautomator2.server.test"]
2017-05-18 09:00:16:135 - [debug] [ADB] App is  installed
2017-05-18 09:00:16:136 - [ADB] Checking whether aapt is present
2017-05-18 09:00:16:140 - [ADB] Using aapt.exe from D:\AndroidSdk\build-tools\23.0.3\aapt.exe
2017-05-18 09:00:16:185 - [debug] [ADB] Getting connected devices...
2017-05-18 09:00:16:228 - [debug] [ADB] 1 device(s) connected
2017-05-18 09:00:16:228 - [debug] [ADB] Running 'D:\AndroidSdk\platform-tools\adb.exe' with args: ["-P",5037,"-s","KJO78HTWP7LRYPIR","shell","dumpsys","package","io.appium.uiautomator2.server"]
2017-05-18 09:00:16:305 - [debug] [ADB] Attempting to kill all io.appium.uiautomator2.server processes
2017-05-18 09:00:16:305 - [debug] [ADB] Getting all processes with io.appium.uiautomator2.server
2017-05-18 09:00:16:305 - [debug] [ADB] Getting connected devices...
2017-05-18 09:00:16:344 - [debug] [ADB] 1 device(s) connected
2017-05-18 09:00:16:345 - [debug] [ADB] Running 'D:\AndroidSdk\platform-tools\adb.exe' with args: ["-P",5037,"-s","KJO78HTWP7LRYPIR","shell","ps"]
2017-05-18 09:00:16:435 - [debug] [ADB] Attempting to kill process 3335
2017-05-18 09:00:16:436 - [debug] [ADB] Getting connected devices...
2017-05-18 09:00:16:472 - [debug] [ADB] 1 device(s) connected
2017-05-18 09:00:16:473 - [debug] [ADB] Running 'D:\AndroidSdk\platform-tools\adb.exe' with args: ["-P",5037,"-s","KJO78HTWP7LRYPIR","shell","kill",3335]
2017-05-18 09:00:16:529 - [UiAutomator2] Starting uiautomator2 server v0.0.8 with cmd: am,instrument,-w,io.appium.uiautomator2.server.test/android.support.test.runner.AndroidJUnitRunner
2017-05-18 09:00:16:529 - [UiAutomator2] running command...
 adb -s KJO78HTWP7LRYPIR shell am instrument -w io.appium.uiautomator2.server.test/android.support.test.runner.AndroidJUnitRunner... 
2017-05-18 09:00:16:530 - [UiAutomator2] Waiting for UiAutomator2 to be online...
2017-05-18 09:00:16:531 - [debug] [JSONWP Proxy] Proxying [GET /status] to [GET http://localhost:8201/wd/hub/status] with no body
2017-05-18 09:00:16:548 - [debug] [JSONWP Proxy] Got response with status 200: "{\"sessionId\":\"SESSIONID\",\"status\":0,\"value\":\"Status Invoked\"}"
2017-05-18 09:00:16:550 - [debug] [JSONWP Proxy] Proxying [POST /session] to [POST http://localhost:8201/wd/hub/session] with body: {"desiredCapabilities":{"platform":"LINUX","webStorageEnabled":false,"takesScreenshot":true,"javascriptEnabled":true,"databaseEnabled":false,"networkConnectionEnabled":true,"locationContextEnabled":false,"warnings":{},"desired":{"deviceName":"PD1501D","sessionOverride":true,"unicodeKeyboard":true,"udid":"KJO78HTWP7LRYPIR","app":"D:\\Test_dir\\AppHall_MIX_GuangXi.apk","resetKeyboard":true,"appActivity":"com.boco.apphall.guangxi.mix.login.WelcomActivity","newCommandTimeout":180,"platformVersion":"5.1","appPackage":"com.boco.apphall","platformName":"Android","automationName":"Uiautomator2"},"deviceName":"KJO78HTWP7LRYPIR","sessionOverride":true,"unicodeKeyboard":true,"udid":"KJO78HTWP7LRYPIR","app":"D:\\Test_dir\\AppHall_MIX_GuangXi.apk","resetKeyboard":true,"appActivity":"com.boco.apphall.guangxi.mix.login.WelcomActivity","newCommandTimeout":180,"platformVersion":"5.1","appPackage":"com.boco.apphall","platformName":"Android","automationName":"Uiautomator2","deviceUDID":"KJO78HTWP7LRYPIR"}}
2017-05-18 09:00:16:564 - [debug] [JSONWP Proxy] Got response with status 200: {"sessionId":"002f2e44-7b78-4d00-a173-662e7f1f6221","status":0,"value":"Created Session"}
2017-05-18 09:00:16:565 - [UiAutomator2] UiAutomator2 did not start the activity we were waiting for, 'com.boco.apphall/com.boco.apphall.guangxi.mix.login.WelcomActivity'. Starting it ourselves
2017-05-18 09:00:16:566 - [debug] [ADB] Device API level: 22
2017-05-18 09:00:16:566 - [debug] [ADB] Getting connected devices...
2017-05-18 09:00:16:599 - [debug] [ADB] 1 device(s) connected
2017-05-18 09:00:16:599 - [debug] [ADB] Running 'D:\AndroidSdk\platform-tools\adb.exe' with args: ["-P",5037,"-s","KJO78HTWP7LRYPIR","shell","am","start","-W","-n","com.boco.apphall/com.boco.apphall.guangxi.mix.login.WelcomActivity","-S","-a","android.intent.action.MAIN","-c","android.intent.category.LAUNCHER","-f","0x10200000"]
2017-05-18 09:00:18:381 - [Appium] New AndroidUiautomator2Driver session created successfully, session 75b244e9-3450-44bd-919e-a1f2fea84c8e added to master session list
2017-05-18 09:00:18:387 - [debug] [MJSONWP] Responding to client with driver.createSession() result: {"deviceName":"PD1501D","sessionOverride":true,"unicodeKeyboard":true,"udid":"KJO78HTWP7LRYPIR","app":"D:\\Test_dir\\AppHall_MIX_GuangXi.apk","resetKeyboard":true,"appActivity":"com.boco.apphall.guangxi.mix.login.WelcomActivity","newCommandTimeout":180,"platformVersion":"5.1","appPackage":"com.boco.apphall","platformName":"Android","automationName":"Uiautomator2"}
2017-05-18 09:00:18:392 - [HTTP] <-- POST /wd/hub/session 200 14060 ms - 438 
2017-05-18 09:00:18:409 - [HTTP] --> POST /wd/hub/session/75b244e9-3450-44bd-919e-a1f2fea84c8e/timeouts/implicit_wait {"sessionId":"75b244e9-3450-44bd-919e-a1f2fea84c8e","ms":30000}
2017-05-18 09:00:18:411 - [debug] [MJSONWP] Calling AppiumDriver.implicitWait() with args: [30000,"75b244e9-3450-44bd-919e-a1f2fea84c8e"]
2017-05-18 09:00:18:422 - [debug] [BaseDriver] Set implicit wait to 30000ms
2017-05-18 09:00:18:424 - [debug] [MJSONWP] Responding to client with driver.implicitWait() result: null
2017-05-18 09:00:18:425 - [HTTP] <-- POST /wd/hub/session/75b244e9-3450-44bd-919e-a1f2fea84c8e/timeouts/implicit_wait 200 16 ms - 76 
2017-05-18 09:00:18:487 - [HTTP] --> POST /wd/hub/session/75b244e9-3450-44bd-919e-a1f2fea84c8e/element {"using":"id","sessionId":"75b244e9-3450-44bd-919e-a1f2fea84c8e","value":"com.boco.apphall:id/username"}
2017-05-18 09:00:18:488 - [debug] [MJSONWP] Calling AppiumDriver.findElement() with args: ["id","com.boco.apphall:id/username","75b244e9-3450-44bd-919e-a1f2fea84c8e"]
2017-05-18 09:00:18:490 - [debug] [BaseDriver] Valid locator strategies for this request: xpath, id, class name, accessibility id, -android uiautomator
2017-05-18 09:00:18:490 - [debug] [BaseDriver] Valid locator strategies for this request: xpath, id, class name, accessibility id, -android uiautomator
2017-05-18 09:00:18:491 - [debug] [BaseDriver] Waiting up to 30000 ms for condition
2017-05-18 09:00:18:492 - [debug] [JSONWP Proxy] Proxying [POST /element] to [POST http://localhost:8201/wd/hub/session/002f2e44-7b78-4d00-a173-662e7f1f6221/element] with body: {"strategy":"id","selector":"com.boco.apphall:id/username","context":"","multiple":false}
Error: write EPIPE
    at exports._errnoException (util.js:1023:11)
    at Socket._writeGeneric (net.js:715:26)
    at Socket._write (net.js:734:8)
    at doWrite (_stream_writable.js:329:12)
    at writeOrBuffer (_stream_writable.js:315:5)
    at Socket.Writable.write (_stream_writable.js:241:11)
    at Socket.write (net.js:661:40)
    at Socket.stream.write (C:\Users\Chialin\AppData\Roaming\npm\node_modules\appium\node_modules\ansi\lib\newlines.js:36:21)
    at exports.Console.Console.log (C:\Users\Chialin\AppData\Roaming\npm\node_modules\appium\node_modules\winston\lib\winston\transports\console.js:119:20)
    at transportLog (C:\Users\Chialin\AppData\Roaming\npm\node_modules\appium\node_modules\winston\lib\winston\logger.js:234:15)
    at C:\Users\Chialin\AppData\Roaming\npm\node_modules\appium\node_modules\winston\node_modules\async\lib\async.js:157:13
    at _each (C:\Users\Chialin\AppData\Roaming\npm\node_modules\appium\node_modules\winston\node_modules\async\lib\async.js:57:9)
    at Object.async.each (C:\Users\Chialin\AppData\Roaming\npm\node_modules\appium\node_modules\winston\node_modules\async\lib\async.js:156:9)
    at exports.Logger.Logger.log (C:\Users\Chialin\AppData\Roaming\npm\node_modules\appium\node_modules\winston\lib\winston\logger.js:246:9)
    at exports.Logger.target.(anonymous function) [as error] (C:\Users\Chialin\AppData\Roaming\npm\node_modules\appium\node_modules\winston\lib\winston\common.js:54:18)
    at EventEmitter.<anonymous> (../../lib/logsink.js:199:25)
    at emitOne (events.js:96:13)
    at EventEmitter.emit (events.js:189:7)
    at EventEmitter.<anonymous> (C:\Users\Chialin\AppData\Roaming\npm\node_modules\appium\node_modules\npmlog\log.js:158:8)
    at EventEmitter.<anonymous> (C:\Users\Chialin\AppData\Roaming\npm\node_modules\appium\node_modules\npmlog\log.js:231:21)
    at asyncHandler$ (../../../lib/mjsonwp/mjsonwp.js:267:13)
    at tryCatch (C:\Users\Chialin\AppData\Roaming\npm\node_modules\appium\node_modules\babel-runtime\regenerator\runtime.js:67:40)
    at GeneratorFunctionPrototype.invoke [as _invoke] (C:\Users\Chialin\AppData\Roaming\npm\node_modules\appium\node_modules\babel-runtime\regenerator\runtime.js:315:22)
    at GeneratorFunctionPrototype.prototype.(anonymous function) [as throw] (C:\Users\Chialin\AppData\Roaming\npm\node_modules\appium\node_modules\babel-runtime\regenerator\runtime.js:100:21)
    at GeneratorFunctionPrototype.invoke (C:\Users\Chialin\AppData\Roaming\npm\node_modules\appium\node_modules\babel-runtime\regenerator\runtime.js:136:37)
