2017-05-17 17:19:27:196 - [Appium] Welcome to Appium v1.6.3
2017-05-17 17:19:27:202 - [Appium] Non-default server args:
2017-05-17 17:19:27:204 - [Appium]   address: '127.0.0.1'
2017-05-17 17:19:27:205 - [Appium]   sessionOverride: true
2017-05-17 17:19:27:207 - [Appium]   logTimestamp: true
2017-05-17 17:19:27:208 - [Appium]   localTimezone: true
2017-05-17 17:19:27:283 - [Appium] Appium REST http interface listener started on 127.0.0.1:4723
2017-05-17 17:19:35:813 - [HTTP] --> POST /wd/hub/session {"capabilities":{"alwaysMatch":{"deviceName":"PD1501D","sessionOverride":true,"unicodeKeyboard":true,"udid":"KJO78HTWP7LRYPIR","app":"D:\\Test_dir\\AppHall_GuangXi.apk","newCommandTimeout":180,"automationName":"Uiautomator2","resetKeyboard":true,"platformVersion":"5.1","appPackage":"com.boco.apphall","platformName":"Android","appActivity":"com.boco.apphall.login.WelcomActivity"},"firstMatch":[]},"desiredCapabilities":{"deviceName":"PD1501D","sessionOverride":true,"unicodeKeyboard":true,"udid":"KJO78HTWP7LRYPIR","app":"D:\\Test_dir\\AppHall_GuangXi.apk","resetKeyboard":true,"appActivity":"com.boco.apphall.login.WelcomActivity","newCommandTimeout":180,"platformVersion":"5.1","appPackage":"com.boco.apphall","platformName":"Android","automationName":"Uiautomator2"}}
2017-05-17 17:19:35:821 - [debug] [MJSONWP] Calling AppiumDriver.createSession() with args: [{"deviceName":"PD1501D","sessionOverride":true,"unicodeKeyboard":true,"udid":"KJO78HTWP7LRYPIR","app":"D:\\Test_dir\\AppHall_GuangXi.apk","resetKeyboard":true,"appActivity":"com.boco.apphall.login.WelcomActivity","newCommandTimeout":180,"platformVersion":"5.1","appPackage":"com.boco.apphall","platformName":"Android","automationName":"Uiautomator2"},null,{"alwaysMatch":{"deviceName":"PD1501D","sessionOverride":true,"unicodeKeyboard":true,"udid":"KJO78HTWP7LRYPIR","app":"D:\\Test_dir\\AppHall_GuangXi.apk","newCommandTimeout":180,"automationName":"Uiautomator2","resetKeyboard":true,"platformVersion":"5.1","appPackage":"com.boco.apphall","platformName":"Android","appActivity":"com.boco.apphall.login.WelcomActivity"},"firstMatch":[]},null,null]
2017-05-17 17:19:35:824 - [Appium] Creating new AndroidUiautomator2Driver session
2017-05-17 17:19:35:824 - [Appium] Capabilities:
2017-05-17 17:19:35:826 - [Appium]   deviceName: 'PD1501D'
2017-05-17 17:19:35:826 - [Appium]   sessionOverride: true
2017-05-17 17:19:35:826 - [Appium]   unicodeKeyboard: true
2017-05-17 17:19:35:826 - [Appium]   udid: 'KJO78HTWP7LRYPIR'
2017-05-17 17:19:35:832 - [Appium]   app: 'D:\\Test_dir\\AppHall_GuangXi.apk'
2017-05-17 17:19:35:832 - [Appium]   resetKeyboard: true
2017-05-17 17:19:35:832 - [Appium]   appActivity: 'com.boco.apphall.login.WelcomActivity'
2017-05-17 17:19:35:832 - [Appium]   newCommandTimeout: 180
2017-05-17 17:19:35:832 - [Appium]   platformVersion: '5.1'
2017-05-17 17:19:35:833 - [Appium]   appPackage: 'com.boco.apphall'
2017-05-17 17:19:35:833 - [Appium]   platformName: 'Android'
2017-05-17 17:19:35:833 - [Appium]   automationName: 'Uiautomator2'
2017-05-17 17:19:35:838 - [BaseDriver] The following capabilities were provided, but are not recognized by appium: sessionOverride.
2017-05-17 17:19:35:856 - [BaseDriver] Session created with session id: c10ed61e-bd77-4a4e-8b1b-e64138af9283
2017-05-17 17:19:35:858 - [BaseDriver] Using local app 'D:\Test_dir\AppHall_GuangXi.apk'
2017-05-17 17:19:35:858 - [debug] [UiAutomator2] Checking whether app is actually present
2017-05-17 17:19:36:262 - [UiAutomator2] UIAutomator2 Driver version:0.2.3
2017-05-17 17:19:36:263 - [debug] [AndroidDriver] Getting Java version
2017-05-17 17:19:36:425 - [AndroidDriver] Java version is: 1.8.0_131
2017-05-17 17:19:36:427 - [ADB] Checking whether adb is present
2017-05-17 17:19:36:430 - [ADB] Using adb.exe from D:\AndroidSdk\platform-tools\adb.exe
2017-05-17 17:19:36:431 - [AndroidDriver] Retrieving device list
2017-05-17 17:19:36:431 - [debug] [ADB] Trying to find a connected android device
2017-05-17 17:19:36:432 - [debug] [ADB] Getting connected devices...
2017-05-17 17:19:36:507 - [debug] [ADB] 1 device(s) connected
2017-05-17 17:19:36:508 - [AndroidDriver] Using device: KJO78HTWP7LRYPIR
2017-05-17 17:19:36:510 - [ADB] Checking whether adb is present
2017-05-17 17:19:36:513 - [ADB] Using adb.exe from D:\AndroidSdk\platform-tools\adb.exe
2017-05-17 17:19:36:514 - [debug] [ADB] Setting device id to KJO78HTWP7LRYPIR
2017-05-17 17:19:36:515 - [ADB] Getting device platform version
2017-05-17 17:19:36:516 - [debug] [ADB] Getting connected devices...
2017-05-17 17:19:36:569 - [debug] [ADB] 1 device(s) connected
2017-05-17 17:19:36:571 - [debug] [ADB] Running 'D:\AndroidSdk\platform-tools\adb.exe' with args: ["-P",5037,"-s","KJO78HTWP7LRYPIR","shell","getprop","ro.build.version.release"]
2017-05-17 17:19:36:662 - [debug] [ADB] Attempting to kill all io.appium.uiautomator2.server processes
2017-05-17 17:19:36:662 - [debug] [ADB] Getting all processes with io.appium.uiautomator2.server
2017-05-17 17:19:36:663 - [debug] [ADB] Getting connected devices...
2017-05-17 17:19:36:732 - [debug] [ADB] 1 device(s) connected
2017-05-17 17:19:36:732 - [debug] [ADB] Running 'D:\AndroidSdk\platform-tools\adb.exe' with args: ["-P",5037,"-s","KJO78HTWP7LRYPIR","shell","ps"]
2017-05-17 17:19:36:845 - [ADB] No io.appium.uiautomator2.server process found to kill, continuing...
2017-05-17 17:19:36:847 - [debug] [ADB] Running 'D:\AndroidSdk\platform-tools\adb.exe' with args: ["-P",5037,"-s","KJO78HTWP7LRYPIR","wait-for-device"]
2017-05-17 17:19:36:912 - [debug] [ADB] Getting connected devices...
2017-05-17 17:19:36:979 - [debug] [ADB] 1 device(s) connected
2017-05-17 17:19:36:980 - [debug] [ADB] Running 'D:\AndroidSdk\platform-tools\adb.exe' with args: ["-P",5037,"-s","KJO78HTWP7LRYPIR","shell","echo","ping"]
2017-05-17 17:19:37:059 - [debug] [Logcat] Starting logcat capture
2017-05-17 17:19:37:137 - [debug] [ADB] Getting install status for io.appium.android.ime
2017-05-17 17:19:37:138 - [debug] [ADB] Getting connected devices...
2017-05-17 17:19:37:218 - [debug] [ADB] 1 device(s) connected
2017-05-17 17:19:37:219 - [debug] [ADB] Running 'D:\AndroidSdk\platform-tools\adb.exe' with args: ["-P",5037,"-s","KJO78HTWP7LRYPIR","shell","getprop","ro.build.version.sdk"]
2017-05-17 17:19:37:332 - [debug] [ADB] Device API level: 22
2017-05-17 17:19:37:333 - [debug] [ADB] Getting connected devices...
2017-05-17 17:19:37:418 - [debug] [ADB] 1 device(s) connected
2017-05-17 17:19:37:418 - [debug] [ADB] Running 'D:\AndroidSdk\platform-tools\adb.exe' with args: ["-P",5037,"-s","KJO78HTWP7LRYPIR","shell","pm","list","packages","-3","io.appium.android.ime"]
2017-05-17 17:19:38:056 - [debug] [ADB] App is  installed
2017-05-17 17:19:38:056 - [debug] [AndroidDriver] io.appium.android.ime is already installed,don't install
2017-05-17 17:19:38:056 - [debug] [ADB] Getting connected devices...
2017-05-17 17:19:38:155 - [debug] [ADB] 1 device(s) connected
2017-05-17 17:19:38:155 - [debug] [ADB] Running 'D:\AndroidSdk\platform-tools\adb.exe' with args: ["-P",5037,"-s","KJO78HTWP7LRYPIR","shell","settings","get","secure","default_input_method"]
2017-05-17 17:19:38:942 - [debug] [AndroidDriver] Unsetting previous IME io.appium.android.ime/.UnicodeIME
2017-05-17 17:19:38:943 - [debug] [AndroidDriver] Setting IME to 'io.appium.android.ime/.UnicodeIME'
2017-05-17 17:19:38:943 - [debug] [ADB] Getting connected devices...
2017-05-17 17:19:39:050 - [debug] [ADB] 1 device(s) connected
2017-05-17 17:19:39:051 - [debug] [ADB] Running 'D:\AndroidSdk\platform-tools\adb.exe' with args: ["-P",5037,"-s","KJO78HTWP7LRYPIR","shell","ime","enable","io.appium.android.ime/.UnicodeIME"]
2017-05-17 17:19:39:850 - [debug] [ADB] Getting connected devices...
2017-05-17 17:19:39:913 - [debug] [ADB] 1 device(s) connected
2017-05-17 17:19:39:913 - [debug] [ADB] Running 'D:\AndroidSdk\platform-tools\adb.exe' with args: ["-P",5037,"-s","KJO78HTWP7LRYPIR","shell","ime","set","io.appium.android.ime/.UnicodeIME"]
2017-05-17 17:19:40:730 - [debug] [ADB] Getting install status for io.appium.settings
2017-05-17 17:19:40:730 - [debug] [ADB] Device API level: 22
2017-05-17 17:19:40:731 - [debug] [ADB] Getting connected devices...
2017-05-17 17:19:40:830 - [debug] [ADB] 1 device(s) connected
2017-05-17 17:19:40:830 - [debug] [ADB] Running 'D:\AndroidSdk\platform-tools\adb.exe' with args: ["-P",5037,"-s","KJO78HTWP7LRYPIR","shell","pm","list","packages","-3","io.appium.settings"]
2017-05-17 17:19:41:374 - [debug] [ADB] App is  installed
2017-05-17 17:19:41:374 - [debug] [AndroidDriver] io.appium.settings is already installed,don't install
2017-05-17 17:19:41:375 - [debug] [ADB] Getting install status for io.appium.unlock
2017-05-17 17:19:41:375 - [debug] [ADB] Device API level: 22
2017-05-17 17:19:41:375 - [debug] [ADB] Getting connected devices...
2017-05-17 17:19:41:428 - [debug] [ADB] 1 device(s) connected
2017-05-17 17:19:41:429 - [debug] [ADB] Running 'D:\AndroidSdk\platform-tools\adb.exe' with args: ["-P",5037,"-s","KJO78HTWP7LRYPIR","shell","pm","list","packages","-3","io.appium.unlock"]
2017-05-17 17:19:42:006 - [debug] [ADB] App is  installed
2017-05-17 17:19:42:006 - [debug] [AndroidDriver] io.appium.unlock is already installed,don't install
2017-05-17 17:19:42:006 - [debug] [UiAutomator2] Forwarding UiAutomator2 Server port 6790 to 8201
2017-05-17 17:19:42:006 - [debug] [ADB] Forwarding system: 8201 to device: 6790
2017-05-17 17:19:42:007 - [debug] [ADB] Running 'D:\AndroidSdk\platform-tools\adb.exe' with args: ["-P",5037,"-s","KJO78HTWP7LRYPIR","forward","tcp:8201","tcp:6790"]
2017-05-17 17:19:42:058 - [debug] [ADB] Getting connected devices...
2017-05-17 17:19:42:116 - [debug] [ADB] 1 device(s) connected
2017-05-17 17:19:42:117 - [debug] [ADB] Running 'D:\AndroidSdk\platform-tools\adb.exe' with args: ["-P",5037,"-s","KJO78HTWP7LRYPIR","shell","dumpsys","window"]
2017-05-17 17:19:42:260 - [AndroidDriver] Screen already unlocked, doing nothing
2017-05-17 17:19:42:261 - [debug] [AndroidDriver] Extracting strings from apk D:\Test_dir\AppHall_GuangXi.apk null C:\Users\Chialin\AppData\Local\Temp\com.boco.apphall
2017-05-17 17:19:42:263 - [debug] [ADB] Extracting strings for language: default
2017-05-17 17:19:42:263 - [debug] [ADB] Device API level: 22
2017-05-17 17:19:42:265 - [debug] [ADB] Getting connected devices...
2017-05-17 17:19:42:361 - [debug] [ADB] 1 device(s) connected
2017-05-17 17:19:42:362 - [debug] [ADB] Running 'D:\AndroidSdk\platform-tools\adb.exe' with args: ["-P",5037,"-s","KJO78HTWP7LRYPIR","shell","getprop","persist.sys.language"]
2017-05-17 17:19:42:476 - [debug] [ADB] Current device property 'persist.sys.language': zh
2017-05-17 17:19:43:546 - [debug] [ADB] No strings.xml for language 'zh', getting default strings.xml
2017-05-17 17:19:44:436 - [debug] [ADB] Reading strings from converted strings.json
2017-05-17 17:19:44:439 - [debug] [ADB] Running 'D:\AndroidSdk\platform-tools\adb.exe' with args: ["-P",5037,"-s","KJO78HTWP7LRYPIR","push","C:\\Users\\Chialin\\AppData\\Local\\Temp\\com.boco.apphall\\strings.json","/data/local/tmp"]
2017-05-17 17:19:44:677 - [debug] [ADB] Checking app cert for D:\Test_dir\AppHall_GuangXi.apk.
2017-05-17 17:19:45:206 - [debug] [ADB] App already signed.
2017-05-17 17:19:45:206 - [debug] [ADB] Zip-aligning 'D:\Test_dir\AppHall_GuangXi.apk'
2017-05-17 17:19:45:207 - [ADB] Checking whether zipalign is present
2017-05-17 17:19:45:208 - [ADB] Using zipalign.exe from D:\AndroidSdk\build-tools\23.0.3\zipalign.exe
2017-05-17 17:19:45:211 - [debug] [ADB] Zip-aligning apk.
2017-05-17 17:19:45:397 - [AndroidDriver] Remote apk path is /data/local/tmp/78ab2a17cec85fedf3ba0bf72518f0c8.apk
2017-05-17 17:19:45:398 - [debug] [ADB] Getting connected devices...
2017-05-17 17:19:45:451 - [debug] [ADB] 1 device(s) connected
2017-05-17 17:19:45:452 - [debug] [ADB] Running 'D:\AndroidSdk\platform-tools\adb.exe' with args: ["-P",5037,"-s","KJO78HTWP7LRYPIR","shell","ls","/data/local/tmp/78ab2a17cec85fedf3ba0bf72518f0c8.apk"]
2017-05-17 17:19:45:583 - [debug] [AndroidDriver] Checking if app is installed
2017-05-17 17:19:45:584 - [debug] [ADB] Getting install status for com.boco.apphall
2017-05-17 17:19:45:584 - [debug] [ADB] Device API level: 22
2017-05-17 17:19:45:593 - [debug] [ADB] Getting connected devices...
2017-05-17 17:19:45:650 - [debug] [ADB] 1 device(s) connected
2017-05-17 17:19:45:650 - [debug] [ADB] Running 'D:\AndroidSdk\platform-tools\adb.exe' with args: ["-P",5037,"-s","KJO78HTWP7LRYPIR","shell","pm","list","packages","-3","com.boco.apphall"]
2017-05-17 17:19:46:192 - [debug] [ADB] App is  installed
2017-05-17 17:19:46:192 - [AndroidDriver] Apk is already on remote and installed, resetting
2017-05-17 17:19:46:192 - [debug] [AndroidDriver] Running fast reset (stop and clear)
2017-05-17 17:19:46:193 - [debug] [ADB] Getting connected devices...
2017-05-17 17:19:46:250 - [debug] [ADB] 1 device(s) connected
2017-05-17 17:19:46:250 - [debug] [ADB] Running 'D:\AndroidSdk\platform-tools\adb.exe' with args: ["-P",5037,"-s","KJO78HTWP7LRYPIR","shell","am","force-stop","com.boco.apphall"]
2017-05-17 17:19:46:969 - [debug] [ADB] Getting connected devices...
2017-05-17 17:19:47:025 - [debug] [ADB] 1 device(s) connected
2017-05-17 17:19:47:027 - [debug] [ADB] Running 'D:\AndroidSdk\platform-tools\adb.exe' with args: ["-P",5037,"-s","KJO78HTWP7LRYPIR","shell","pm","clear","com.boco.apphall"]
2017-05-17 17:19:47:602 - [ADB] Checking whether aapt is present
2017-05-17 17:19:47:604 - [ADB] Using aapt.exe from D:\AndroidSdk\build-tools\23.0.3\aapt.exe
2017-05-17 17:19:47:653 - [debug] [ADB] Getting install status for io.appium.uiautomator2.server
2017-05-17 17:19:47:653 - [debug] [ADB] Device API level: 22
2017-05-17 17:19:47:653 - [debug] [ADB] Getting connected devices...
2017-05-17 17:19:47:712 - [debug] [ADB] 1 device(s) connected
2017-05-17 17:19:47:713 - [debug] [ADB] Running 'D:\AndroidSdk\platform-tools\adb.exe' with args: ["-P",5037,"-s","KJO78HTWP7LRYPIR","shell","pm","list","packages","-3","io.appium.uiautomator2.server"]
2017-05-17 17:19:48:259 - [debug] [ADB] App is  installed
2017-05-17 17:19:48:259 - [debug] [ADB] Getting install status for io.appium.uiautomator2.server.test
2017-05-17 17:19:48:259 - [debug] [ADB] Device API level: 22
2017-05-17 17:19:48:260 - [debug] [ADB] Getting connected devices...
2017-05-17 17:19:48:319 - [debug] [ADB] 1 device(s) connected
2017-05-17 17:19:48:319 - [debug] [ADB] Running 'D:\AndroidSdk\platform-tools\adb.exe' with args: ["-P",5037,"-s","KJO78HTWP7LRYPIR","shell","pm","list","packages","-3","io.appium.uiautomator2.server.test"]
2017-05-17 17:19:48:876 - [debug] [ADB] App is  installed
2017-05-17 17:19:48:877 - [ADB] Checking whether aapt is present
2017-05-17 17:19:48:878 - [ADB] Using aapt.exe from D:\AndroidSdk\build-tools\23.0.3\aapt.exe
2017-05-17 17:19:48:908 - [debug] [ADB] Getting connected devices...
2017-05-17 17:19:48:963 - [debug] [ADB] 1 device(s) connected
2017-05-17 17:19:48:963 - [debug] [ADB] Running 'D:\AndroidSdk\platform-tools\adb.exe' with args: ["-P",5037,"-s","KJO78HTWP7LRYPIR","shell","dumpsys","package","io.appium.uiautomator2.server"]
2017-05-17 17:19:49:086 - [debug] [ADB] Uninstalling io.appium.uiautomator2.server
2017-05-17 17:19:49:087 - [debug] [ADB] Getting connected devices...
2017-05-17 17:19:49:142 - [debug] [ADB] 1 device(s) connected
2017-05-17 17:19:49:143 - [debug] [ADB] Running 'D:\AndroidSdk\platform-tools\adb.exe' with args: ["-P",5037,"-s","KJO78HTWP7LRYPIR","shell","am","force-stop","io.appium.uiautomator2.server"]
2017-05-17 17:19:49:867 - [debug] [ADB] Running 'D:\AndroidSdk\platform-tools\adb.exe' with args: ["-P",5037,"-s","KJO78HTWP7LRYPIR","uninstall","io.appium.uiautomator2.server"]
2017-05-17 17:19:51:057 - [ADB] App was uninstalled
2017-05-17 17:19:51:058 - [debug] [ADB] Uninstalling io.appium.uiautomator2.server.test
2017-05-17 17:19:51:058 - [debug] [ADB] Getting connected devices...
2017-05-17 17:19:51:140 - [debug] [ADB] 1 device(s) connected
2017-05-17 17:19:51:140 - [debug] [ADB] Running 'D:\AndroidSdk\platform-tools\adb.exe' with args: ["-P",5037,"-s","KJO78HTWP7LRYPIR","shell","am","force-stop","io.appium.uiautomator2.server.test"]
2017-05-17 17:19:51:877 - [debug] [ADB] Running 'D:\AndroidSdk\platform-tools\adb.exe' with args: ["-P",5037,"-s","KJO78HTWP7LRYPIR","uninstall","io.appium.uiautomator2.server.test"]
2017-05-17 17:19:52:968 - [ADB] App was uninstalled
2017-05-17 17:19:52:970 - [debug] [ADB] Checking app cert for C:\Users\Chialin\AppData\Roaming\npm\node_modules\appium\node_modules\appium-uiautomator2-driver\uiautomator2\appium-uiautomator2-server-v0.0.8.apk.
2017-05-17 17:19:53:387 - [debug] [ADB] App already signed.
2017-05-17 17:19:53:387 - [debug] [ADB] Zip-aligning 'C:\Users\Chialin\AppData\Roaming\npm\node_modules\appium\node_modules\appium-uiautomator2-driver\uiautomator2\appium-uiautomator2-server-v0.0.8.apk'
2017-05-17 17:19:53:387 - [ADB] Checking whether zipalign is present
2017-05-17 17:19:53:389 - [ADB] Using zipalign.exe from D:\AndroidSdk\build-tools\23.0.3\zipalign.exe
2017-05-17 17:19:53:392 - [debug] [ADB] Zip-aligning apk.
2017-05-17 17:19:53:583 - [debug] [ADB] Running 'D:\AndroidSdk\platform-tools\adb.exe' with args: ["-P",5037,"-s","KJO78HTWP7LRYPIR","install","-r","C:\\Users\\Chialin\\AppData\\Roaming\\npm\\node_modules\\appium\\node_modules\\appium-uiautomator2-driver\\uiautomator2\\appium-uiautomator2-server-v0.0.8.apk"]
2017-05-17 17:20:00:770 - [UiAutomator2] Installed UiAutomator2 server apk
2017-05-17 17:20:00:770 - [debug] [ADB] Checking app cert for C:\Users\Chialin\AppData\Roaming\npm\node_modules\appium\node_modules\appium-uiautomator2-driver\uiautomator2\appium-uiautomator2-server-debug-androidTest.apk.
2017-05-17 17:20:01:136 - [debug] [ADB] App already signed.
2017-05-17 17:20:01:136 - [debug] [ADB] Zip-aligning 'C:\Users\Chialin\AppData\Roaming\npm\node_modules\appium\node_modules\appium-uiautomator2-driver\uiautomator2\appium-uiautomator2-server-debug-androidTest.apk'
2017-05-17 17:20:01:136 - [ADB] Checking whether zipalign is present
2017-05-17 17:20:01:138 - [ADB] Using zipalign.exe from D:\AndroidSdk\build-tools\23.0.3\zipalign.exe
2017-05-17 17:20:01:142 - [debug] [ADB] Zip-aligning apk.
2017-05-17 17:20:01:334 - [debug] [ADB] Running 'D:\AndroidSdk\platform-tools\adb.exe' with args: ["-P",5037,"-s","KJO78HTWP7LRYPIR","install","-r","C:\\Users\\Chialin\\AppData\\Roaming\\npm\\node_modules\\appium\\node_modules\\appium-uiautomator2-driver\\uiautomator2\\appium-uiautomator2-server-debug-androidTest.apk"]
2017-05-17 17:20:07:630 - [UiAutomator2] Installed UiAutomator2 server apk
2017-05-17 17:20:07:631 - [debug] [ADB] Attempting to kill all io.appium.uiautomator2.server processes
2017-05-17 17:20:07:631 - [debug] [ADB] Getting all processes with io.appium.uiautomator2.server
2017-05-17 17:20:07:632 - [debug] [ADB] Getting connected devices...
2017-05-17 17:20:07:705 - [debug] [ADB] 1 device(s) connected
2017-05-17 17:20:07:706 - [debug] [ADB] Running 'D:\AndroidSdk\platform-tools\adb.exe' with args: ["-P",5037,"-s","KJO78HTWP7LRYPIR","shell","ps"]
2017-05-17 17:20:07:823 - [ADB] No io.appium.uiautomator2.server process found to kill, continuing...
2017-05-17 17:20:07:823 - [UiAutomator2] Starting uiautomator2 server v0.0.8 with cmd: am,instrument,-w,io.appium.uiautomator2.server.test/android.support.test.runner.AndroidJUnitRunner
2017-05-17 17:20:07:825 - [UiAutomator2] running command...
 adb -s KJO78HTWP7LRYPIR shell am instrument -w io.appium.uiautomator2.server.test/android.support.test.runner.AndroidJUnitRunner... 
2017-05-17 17:20:07:828 - [UiAutomator2] Waiting for UiAutomator2 to be online...
2017-05-17 17:20:07:830 - [debug] [JSONWP Proxy] Proxying [GET /status] to [GET http://localhost:8201/wd/hub/status] with no body
2017-05-17 17:20:08:869 - [debug] [JSONWP Proxy] Proxying [GET /status] to [GET http://localhost:8201/wd/hub/status] with no body
2017-05-17 17:20:09:877 - [debug] [JSONWP Proxy] Proxying [GET /status] to [GET http://localhost:8201/wd/hub/status] with no body
2017-05-17 17:20:10:883 - [debug] [JSONWP Proxy] Proxying [GET /status] to [GET http://localhost:8201/wd/hub/status] with no body
2017-05-17 17:20:10:940 - [debug] [JSONWP Proxy] Got response with status 200: "{\"sessionId\":\"SESSIONID\",\"status\":0,\"value\":\"Status Invoked\"}"
2017-05-17 17:20:10:940 - [debug] [JSONWP Proxy] Proxying [POST /session] to [POST http://localhost:8201/wd/hub/session] with body: {"desiredCapabilities":{"platform":"LINUX","webStorageEnabled":false,"takesScreenshot":true,"javascriptEnabled":true,"databaseEnabled":false,"networkConnectionEnabled":true,"locationContextEnabled":false,"warnings":{},"desired":{"deviceName":"PD1501D","sessionOverride":true,"unicodeKeyboard":true,"udid":"KJO78HTWP7LRYPIR","app":"D:\\Test_dir\\AppHall_GuangXi.apk","resetKeyboard":true,"appActivity":"com.boco.apphall.login.WelcomActivity","newCommandTimeout":180,"platformVersion":"5.1","appPackage":"com.boco.apphall","platformName":"Android","automationName":"Uiautomator2"},"deviceName":"KJO78HTWP7LRYPIR","sessionOverride":true,"unicodeKeyboard":true,"udid":"KJO78HTWP7LRYPIR","app":"D:\\Test_dir\\AppHall_GuangXi.apk","resetKeyboard":true,"appActivity":"com.boco.apphall.login.WelcomActivity","newCommandTimeout":180,"platformVersion":"5.1","appPackage":"com.boco.apphall","platformName":"Android","automationName":"Uiautomator2","deviceUDID":"KJO78HTWP7LRYPIR"}}
2017-05-17 17:20:10:955 - [debug] [JSONWP Proxy] Got response with status 200: {"sessionId":"b8a04583-5712-4e4c-bde7-d6a360efa7dc","status":0,"value":"Created Session"}
2017-05-17 17:20:10:956 - [UiAutomator2] UiAutomator2 did not start the activity we were waiting for, 'com.boco.apphall/com.boco.apphall.login.WelcomActivity'. Starting it ourselves
2017-05-17 17:20:10:957 - [debug] [ADB] Device API level: 22
2017-05-17 17:20:10:958 - [debug] [ADB] Getting connected devices...
2017-05-17 17:20:11:012 - [debug] [ADB] 1 device(s) connected
2017-05-17 17:20:11:013 - [debug] [ADB] Running 'D:\AndroidSdk\platform-tools\adb.exe' with args: ["-P",5037,"-s","KJO78HTWP7LRYPIR","shell","am","start","-W","-n","com.boco.apphall/com.boco.apphall.login.WelcomActivity","-S","-a","android.intent.action.MAIN","-c","android.intent.category.LAUNCHER","-f","0x10200000"]
2017-05-17 17:20:12:027 - [debug] [UiAutomator2] Deleting UiAutomator2 session
2017-05-17 17:20:12:029 - [debug] [UiAutomator2] Deleting UiAutomator2 server session
2017-05-17 17:20:12:029 - [debug] [JSONWP Proxy] Proxying [DELETE /] to [DELETE http://localhost:8201/wd/hub/session/b8a04583-5712-4e4c-bde7-d6a360efa7dc] with no body
2017-05-17 17:20:12:061 - [debug] [JSONWP Proxy] Got response with status 200: "{\"sessionId\":\"b8a04583-5712-4e4c-bde7-d6a360efa7dc\",\"status\":0,\"value\":\"Session deleted\"}"
2017-05-17 17:20:12:062 - [debug] [ADB] Getting connected devices...
2017-05-17 17:20:12:115 - [debug] [ADB] 1 device(s) connected
2017-05-17 17:20:12:116 - [debug] [ADB] Running 'D:\AndroidSdk\platform-tools\adb.exe' with args: ["-P",5037,"-s","KJO78HTWP7LRYPIR","shell","am","force-stop","com.boco.apphall"]
2017-05-17 17:20:12:878 - [debug] [Logcat] Stopping logcat capture
2017-05-17 17:20:12:885 - [debug] [ADB] Removing forwarded port socket connection: 8201 
2017-05-17 17:20:12:885 - [debug] [ADB] Running 'D:\AndroidSdk\platform-tools\adb.exe' with args: ["-P",5037,"-s","KJO78HTWP7LRYPIR","forward","--remove","tcp:8201"]
2017-05-17 17:20:12:952 - [HTTP] <-- POST /wd/hub/session 500 37138 ms - 299 
2017-05-17 17:20:13:077 - [HTTP] --> POST /wd/hub/session {"capabilities":{"alwaysMatch":{"deviceName":"PD1501D","sessionOverride":true,"unicodeKeyboard":true,"udid":"KJO78HTWP7LRYPIR","app":"D:\\Test_dir\\AppHall_GuangXi.apk","newCommandTimeout":180,"automationName":"Uiautomator2","resetKeyboard":true,"platformVersion":"5.1","appPackage":"com.boco.apphall","platformName":"Android","appActivity":"com.boco.apphall.login.WelcomActivity"},"firstMatch":[]},"desiredCapabilities":{"deviceName":"PD1501D","sessionOverride":true,"unicodeKeyboard":true,"udid":"KJO78HTWP7LRYPIR","app":"D:\\Test_dir\\AppHall_GuangXi.apk","resetKeyboard":true,"appActivity":"com.boco.apphall.login.WelcomActivity","newCommandTimeout":180,"platformVersion":"5.1","appPackage":"com.boco.apphall","platformName":"Android","automationName":"Uiautomator2"}}
2017-05-17 17:20:13:078 - [debug] [MJSONWP] Calling AppiumDriver.createSession() with args: [{"deviceName":"PD1501D","sessionOverride":true,"unicodeKeyboard":true,"udid":"KJO78HTWP7LRYPIR","app":"D:\\Test_dir\\AppHall_GuangXi.apk","resetKeyboard":true,"appActivity":"com.boco.apphall.login.WelcomActivity","newCommandTimeout":180,"platformVersion":"5.1","appPackage":"com.boco.apphall","platformName":"Android","automationName":"Uiautomator2"},null,{"alwaysMatch":{"deviceName":"PD1501D","sessionOverride":true,"unicodeKeyboard":true,"udid":"KJO78HTWP7LRYPIR","app":"D:\\Test_dir\\AppHall_GuangXi.apk","newCommandTimeout":180,"automationName":"Uiautomator2","resetKeyboard":true,"platformVersion":"5.1","appPackage":"com.boco.apphall","platformName":"Android","appActivity":"com.boco.apphall.login.WelcomActivity"},"firstMatch":[]},null,null,null,null]
2017-05-17 17:20:13:079 - [Appium] Creating new AndroidUiautomator2Driver session
2017-05-17 17:20:13:079 - [Appium] Capabilities:
2017-05-17 17:20:13:080 - [Appium]   deviceName: 'PD1501D'
2017-05-17 17:20:13:080 - [Appium]   sessionOverride: true
2017-05-17 17:20:13:080 - [Appium]   unicodeKeyboard: true
2017-05-17 17:20:13:080 - [Appium]   udid: 'KJO78HTWP7LRYPIR'
2017-05-17 17:20:13:080 - [Appium]   app: 'D:\\Test_dir\\AppHall_GuangXi.apk'
2017-05-17 17:20:13:080 - [Appium]   resetKeyboard: true
2017-05-17 17:20:13:080 - [Appium]   appActivity: 'com.boco.apphall.login.WelcomActivity'
2017-05-17 17:20:13:080 - [Appium]   newCommandTimeout: 180
2017-05-17 17:20:13:080 - [Appium]   platformVersion: '5.1'
2017-05-17 17:20:13:081 - [Appium]   appPackage: 'com.boco.apphall'
2017-05-17 17:20:13:081 - [Appium]   platformName: 'Android'
2017-05-17 17:20:13:081 - [Appium]   automationName: 'Uiautomator2'
2017-05-17 17:20:13:084 - [BaseDriver] The following capabilities were provided, but are not recognized by appium: sessionOverride.
2017-05-17 17:20:13:086 - [BaseDriver] Session created with session id: e0fb6e29-faff-436e-a5af-065e8863177b
2017-05-17 17:20:13:087 - [BaseDriver] Using local app 'D:\Test_dir\AppHall_GuangXi.apk'
2017-05-17 17:20:13:087 - [debug] [UiAutomator2] Checking whether app is actually present
2017-05-17 17:20:13:488 - [UiAutomator2] UIAutomator2 Driver version:0.2.3
2017-05-17 17:20:13:488 - [debug] [AndroidDriver] Getting Java version
2017-05-17 17:20:13:660 - [AndroidDriver] Java version is: 1.8.0_131
2017-05-17 17:20:13:661 - [ADB] Checking whether adb is present
2017-05-17 17:20:13:663 - [ADB] Using adb.exe from D:\AndroidSdk\platform-tools\adb.exe
2017-05-17 17:20:13:663 - [AndroidDriver] Retrieving device list
2017-05-17 17:20:13:664 - [debug] [ADB] Trying to find a connected android device
2017-05-17 17:20:13:664 - [debug] [ADB] Getting connected devices...
2017-05-17 17:20:13:720 - [debug] [ADB] 1 device(s) connected
2017-05-17 17:20:13:720 - [AndroidDriver] Using device: KJO78HTWP7LRYPIR
2017-05-17 17:20:13:721 - [ADB] Checking whether adb is present
2017-05-17 17:20:13:723 - [ADB] Using adb.exe from D:\AndroidSdk\platform-tools\adb.exe
2017-05-17 17:20:13:723 - [debug] [ADB] Setting device id to KJO78HTWP7LRYPIR
2017-05-17 17:20:13:723 - [ADB] Getting device platform version
2017-05-17 17:20:13:723 - [debug] [ADB] Getting connected devices...
2017-05-17 17:20:13:787 - [debug] [ADB] 1 device(s) connected
2017-05-17 17:20:13:788 - [debug] [ADB] Running 'D:\AndroidSdk\platform-tools\adb.exe' with args: ["-P",5037,"-s","KJO78HTWP7LRYPIR","shell","getprop","ro.build.version.release"]
2017-05-17 17:20:13:892 - [debug] [ADB] Attempting to kill all io.appium.uiautomator2.server processes
2017-05-17 17:20:13:892 - [debug] [ADB] Getting all processes with io.appium.uiautomator2.server
2017-05-17 17:20:13:892 - [debug] [ADB] Getting connected devices...
2017-05-17 17:20:13:952 - [debug] [ADB] 1 device(s) connected
2017-05-17 17:20:13:952 - [debug] [ADB] Running 'D:\AndroidSdk\platform-tools\adb.exe' with args: ["-P",5037,"-s","KJO78HTWP7LRYPIR","shell","ps"]
2017-05-17 17:20:14:116 - [ADB] No io.appium.uiautomator2.server process found to kill, continuing...
2017-05-17 17:20:14:117 - [debug] [ADB] Running 'D:\AndroidSdk\platform-tools\adb.exe' with args: ["-P",5037,"-s","KJO78HTWP7LRYPIR","wait-for-device"]
2017-05-17 17:20:14:172 - [debug] [ADB] Getting connected devices...
2017-05-17 17:20:14:232 - [debug] [ADB] 1 device(s) connected
2017-05-17 17:20:14:233 - [debug] [ADB] Running 'D:\AndroidSdk\platform-tools\adb.exe' with args: ["-P",5037,"-s","KJO78HTWP7LRYPIR","shell","echo","ping"]
2017-05-17 17:20:14:323 - [debug] [Logcat] Starting logcat capture
2017-05-17 17:20:14:393 - [debug] [ADB] Getting install status for io.appium.android.ime
2017-05-17 17:20:14:393 - [debug] [ADB] Getting connected devices...
2017-05-17 17:20:14:457 - [debug] [ADB] 1 device(s) connected
2017-05-17 17:20:14:458 - [debug] [ADB] Running 'D:\AndroidSdk\platform-tools\adb.exe' with args: ["-P",5037,"-s","KJO78HTWP7LRYPIR","shell","getprop","ro.build.version.sdk"]
2017-05-17 17:20:14:571 - [debug] [ADB] Device API level: 22
2017-05-17 17:20:14:572 - [debug] [ADB] Getting connected devices...
2017-05-17 17:20:14:645 - [debug] [ADB] 1 device(s) connected
2017-05-17 17:20:14:645 - [debug] [ADB] Running 'D:\AndroidSdk\platform-tools\adb.exe' with args: ["-P",5037,"-s","KJO78HTWP7LRYPIR","shell","pm","list","packages","-3","io.appium.android.ime"]
2017-05-17 17:20:15:205 - [debug] [ADB] App is  installed
2017-05-17 17:20:15:206 - [debug] [AndroidDriver] io.appium.android.ime is already installed,don't install
2017-05-17 17:20:15:206 - [debug] [ADB] Getting connected devices...
2017-05-17 17:20:15:259 - [debug] [ADB] 1 device(s) connected
2017-05-17 17:20:15:259 - [debug] [ADB] Running 'D:\AndroidSdk\platform-tools\adb.exe' with args: ["-P",5037,"-s","KJO78HTWP7LRYPIR","shell","settings","get","secure","default_input_method"]
2017-05-17 17:20:16:028 - [debug] [AndroidDriver] Unsetting previous IME io.appium.android.ime/.UnicodeIME
2017-05-17 17:20:16:028 - [debug] [AndroidDriver] Setting IME to 'io.appium.android.ime/.UnicodeIME'
2017-05-17 17:20:16:028 - [debug] [ADB] Getting connected devices...
2017-05-17 17:20:16:084 - [debug] [ADB] 1 device(s) connected
2017-05-17 17:20:16:085 - [debug] [ADB] Running 'D:\AndroidSdk\platform-tools\adb.exe' with args: ["-P",5037,"-s","KJO78HTWP7LRYPIR","shell","ime","enable","io.appium.android.ime/.UnicodeIME"]
2017-05-17 17:20:16:805 - [debug] [ADB] Getting connected devices...
2017-05-17 17:20:16:860 - [debug] [ADB] 1 device(s) connected
2017-05-17 17:20:16:861 - [debug] [ADB] Running 'D:\AndroidSdk\platform-tools\adb.exe' with args: ["-P",5037,"-s","KJO78HTWP7LRYPIR","shell","ime","set","io.appium.android.ime/.UnicodeIME"]
2017-05-17 17:20:17:664 - [debug] [ADB] Getting install status for io.appium.settings
2017-05-17 17:20:17:665 - [debug] [ADB] Device API level: 22
2017-05-17 17:20:17:665 - [debug] [ADB] Getting connected devices...
2017-05-17 17:20:17:725 - [debug] [ADB] 1 device(s) connected
2017-05-17 17:20:17:726 - [debug] [ADB] Running 'D:\AndroidSdk\platform-tools\adb.exe' with args: ["-P",5037,"-s","KJO78HTWP7LRYPIR","shell","pm","list","packages","-3","io.appium.settings"]
2017-05-17 17:20:18:296 - [debug] [ADB] App is  installed
2017-05-17 17:20:18:296 - [debug] [AndroidDriver] io.appium.settings is already installed,don't install
2017-05-17 17:20:18:296 - [debug] [ADB] Getting install status for io.appium.unlock
2017-05-17 17:20:18:296 - [debug] [ADB] Device API level: 22
2017-05-17 17:20:18:296 - [debug] [ADB] Getting connected devices...
2017-05-17 17:20:18:349 - [debug] [ADB] 1 device(s) connected
2017-05-17 17:20:18:349 - [debug] [ADB] Running 'D:\AndroidSdk\platform-tools\adb.exe' with args: ["-P",5037,"-s","KJO78HTWP7LRYPIR","shell","pm","list","packages","-3","io.appium.unlock"]
2017-05-17 17:20:18:960 - [debug] [ADB] App is  installed
2017-05-17 17:20:18:960 - [debug] [AndroidDriver] io.appium.unlock is already installed,don't install
2017-05-17 17:20:18:961 - [debug] [UiAutomator2] Forwarding UiAutomator2 Server port 6790 to 8201
2017-05-17 17:20:18:961 - [debug] [ADB] Forwarding system: 8201 to device: 6790
2017-05-17 17:20:18:963 - [debug] [ADB] Running 'D:\AndroidSdk\platform-tools\adb.exe' with args: ["-P",5037,"-s","KJO78HTWP7LRYPIR","forward","tcp:8201","tcp:6790"]
2017-05-17 17:20:19:099 - [debug] [ADB] Getting connected devices...
2017-05-17 17:20:19:196 - [debug] [ADB] 1 device(s) connected
2017-05-17 17:20:19:196 - [debug] [ADB] Running 'D:\AndroidSdk\platform-tools\adb.exe' with args: ["-P",5037,"-s","KJO78HTWP7LRYPIR","shell","dumpsys","window"]
2017-05-17 17:20:19:306 - [AndroidDriver] Screen already unlocked, doing nothing
2017-05-17 17:20:19:307 - [debug] [AndroidDriver] Extracting strings from apk D:\Test_dir\AppHall_GuangXi.apk null C:\Users\Chialin\AppData\Local\Temp\com.boco.apphall
2017-05-17 17:20:19:307 - [debug] [ADB] Extracting strings for language: default
2017-05-17 17:20:19:307 - [debug] [ADB] Device API level: 22
2017-05-17 17:20:19:307 - [debug] [ADB] Getting connected devices...
2017-05-17 17:20:19:364 - [debug] [ADB] 1 device(s) connected
2017-05-17 17:20:19:365 - [debug] [ADB] Running 'D:\AndroidSdk\platform-tools\adb.exe' with args: ["-P",5037,"-s","KJO78HTWP7LRYPIR","shell","getprop","persist.sys.language"]
2017-05-17 17:20:19:455 - [debug] [ADB] Current device property 'persist.sys.language': zh
2017-05-17 17:20:20:298 - [debug] [ADB] No strings.xml for language 'zh', getting default strings.xml
2017-05-17 17:20:21:259 - [debug] [ADB] Reading strings from converted strings.json
2017-05-17 17:20:21:263 - [debug] [ADB] Running 'D:\AndroidSdk\platform-tools\adb.exe' with args: ["-P",5037,"-s","KJO78HTWP7LRYPIR","push","C:\\Users\\Chialin\\AppData\\Local\\Temp\\com.boco.apphall\\strings.json","/data/local/tmp"]
2017-05-17 17:20:21:455 - [debug] [ADB] Checking app cert for D:\Test_dir\AppHall_GuangXi.apk.
2017-05-17 17:20:22:058 - [debug] [ADB] App already signed.
2017-05-17 17:20:22:058 - [debug] [ADB] Zip-aligning 'D:\Test_dir\AppHall_GuangXi.apk'
2017-05-17 17:20:22:058 - [ADB] Checking whether zipalign is present
2017-05-17 17:20:22:060 - [ADB] Using zipalign.exe from D:\AndroidSdk\build-tools\23.0.3\zipalign.exe
2017-05-17 17:20:22:064 - [debug] [ADB] Zip-aligning apk.
2017-05-17 17:20:22:217 - [AndroidDriver] Remote apk path is /data/local/tmp/78ab2a17cec85fedf3ba0bf72518f0c8.apk
2017-05-17 17:20:22:217 - [debug] [ADB] Getting connected devices...
2017-05-17 17:20:22:285 - [debug] [ADB] 1 device(s) connected
2017-05-17 17:20:22:286 - [debug] [ADB] Running 'D:\AndroidSdk\platform-tools\adb.exe' with args: ["-P",5037,"-s","KJO78HTWP7LRYPIR","shell","ls","/data/local/tmp/78ab2a17cec85fedf3ba0bf72518f0c8.apk"]
2017-05-17 17:20:22:389 - [debug] [AndroidDriver] Checking if app is installed
2017-05-17 17:20:22:389 - [debug] [ADB] Getting install status for com.boco.apphall
2017-05-17 17:20:22:389 - [debug] [ADB] Device API level: 22
2017-05-17 17:20:22:390 - [debug] [ADB] Getting connected devices...
2017-05-17 17:20:22:458 - [debug] [ADB] 1 device(s) connected
2017-05-17 17:20:22:458 - [debug] [ADB] Running 'D:\AndroidSdk\platform-tools\adb.exe' with args: ["-P",5037,"-s","KJO78HTWP7LRYPIR","shell","pm","list","packages","-3","com.boco.apphall"]
2017-05-17 17:20:23:055 - [debug] [ADB] App is  installed
2017-05-17 17:20:23:055 - [AndroidDriver] Apk is already on remote and installed, resetting
2017-05-17 17:20:23:055 - [debug] [AndroidDriver] Running fast reset (stop and clear)
2017-05-17 17:20:23:056 - [debug] [ADB] Getting connected devices...
2017-05-17 17:20:23:138 - [debug] [ADB] 1 device(s) connected
2017-05-17 17:20:23:139 - [debug] [ADB] Running 'D:\AndroidSdk\platform-tools\adb.exe' with args: ["-P",5037,"-s","KJO78HTWP7LRYPIR","shell","am","force-stop","com.boco.apphall"]
